2020-04-07 14:52:55.583917 - INFO - Subscrevendo no tópico /admin/249eb4/config...
2020-04-07 14:52:55.584025 - INFO - Subscrevendo nos tópicos /admin/4f30e2/config e /admin/17f28c/config...
2020-04-07 14:59:55.167643 - INFO - Iniciando monitoramento...
2020-04-07 14:59:55.172179 - INFO - Monitoramento Iniciado.
2020-04-07 15:20:01.111710 - INFO - Finalizando monitoramento...
2020-04-07 15:20:01.117150 - INFO - Monitoramento encerrado.
2020-04-07 15:39:54.971252 - INFO - Iniciando monitoramento...
2020-04-07 15:39:54.977232 - INFO - Monitoramento Iniciado.
2020-04-07 15:41:35.620897 - INFO - Resposta de: nó 1
2020-04-07 15:41:40.066845 - INFO - Aguardando resposta de todos os nós...
2020-04-07 15:42:10.089403 - INFO - Algum sensor está detectando presença.
2020-04-07 15:44:08.687097 - INFO - Resposta de: nó 1
2020-04-07 15:44:10.190849 - INFO - Aguardando resposta de todos os nós...
2020-04-07 15:44:15.462246 - INFO - Resposta de: nó 2
2020-04-07 15:44:40.222809 - INFO - Algum sensor está detectando presença.
2020-04-07 15:50:20.956451 - INFO - Resposta de: nó 3
2020-04-07 15:50:24.060481 - INFO - Resposta de: nó 2
2020-04-07 15:50:25.500001 - INFO - Aguardando resposta de todos os nós...
2020-04-07 15:50:55.530836 - INFO - Algum sensor está detectando presença.
2020-04-07 15:55:14.184514 - INFO - Resposta de: nó 2
2020-04-07 15:55:15.742827 - INFO - Aguardando resposta de todos os nós...
2020-04-07 15:55:45.778764 - INFO - Algum sensor está detectando presença.
2020-04-07 16:00:29.564750 - INFO - Resposta de: nó 3
2020-04-07 16:00:31.010853 - INFO - Aguardando resposta de todos os nós...
2020-04-07 16:00:33.022828 - INFO - Resposta de: nó 1
2020-04-07 16:01:01.042782 - INFO - Algum sensor está detectando presença.
2020-04-07 16:10:16.482785 - INFO - Finalizando monitoramento...
2020-04-07 16:10:16.487440 - INFO - Monitoramento encerrado.
2020-04-07 16:29:54.879834 - INFO - Iniciando monitoramento...
2020-04-07 16:29:54.886499 - INFO - Monitoramento Iniciado.
2020-04-07 16:33:09.327941 - INFO - Resposta de: nó 3
2020-04-07 16:33:10.058834 - INFO - Aguardando resposta de todos os nós...
2020-04-07 16:33:20.047449 - INFO - Resposta de: nó 1
2020-04-07 16:33:21.647989 - INFO - Resposta de: nó 2
2020-04-07 16:33:21.846080 - INFO - Resposta de: nó 3
2020-04-07 16:33:40.094276 - INFO - Iniciando temporizador...
2020-04-07 16:33:44.690078 - INFO - Resposta de: nó 1
2020-04-07 16:33:46.310329 - INFO - Resposta de: nó 2
2020-04-07 16:33:47.910929 - INFO - Resposta de: nó 3
2020-04-07 16:33:54.484742 - INFO - Resposta de: nó 1
2020-04-07 16:33:56.267250 - INFO - Resposta de: nó 2
2020-04-07 16:33:58.194318 - INFO - Resposta de: nó 3
2020-04-07 16:34:07.294696 - INFO - Resposta de: nó 1
2020-04-07 16:34:07.300640 - INFO - Resposta de: nó 2
2020-04-07 16:34:10.655085 - INFO - Resposta de: nó 3
2020-04-07 16:34:19.915568 - INFO - Resposta de: nó 1
2020-04-07 16:34:21.517426 - INFO - Resposta de: nó 2
2020-04-07 16:34:21.523018 - INFO - Resposta de: nó 3
2020-04-07 16:34:33.513846 - INFO - Resposta de: nó 1
2020-04-07 16:34:33.519509 - INFO - Resposta de: nó 2
2020-04-07 16:34:35.616393 - INFO - Resposta de: nó 3
2020-04-07 16:34:48.100788 - INFO - Resposta de: nó 1
2020-04-07 16:34:50.064584 - INFO - Resposta de: nó 2
2020-04-07 16:34:51.775869 - INFO - Resposta de: nó 3
2020-04-07 16:34:59.475510 - INFO - Resposta de: nó 1
2020-04-07 16:35:01.123175 - INFO - Resposta de: nó 2
2020-04-07 16:35:02.801450 - INFO - Resposta de: nó 3
2020-04-07 16:35:14.899093 - INFO - Resposta de: nó 1
2020-04-07 16:35:16.462324 - INFO - Resposta de: nó 2
2020-04-07 16:35:18.367688 - INFO - Resposta de: nó 3
2020-04-07 16:35:33.464138 - INFO - Resposta de: nó 1
2020-04-07 16:35:34.967274 - INFO - Resposta de: nó 2
2020-04-07 16:35:34.972817 - INFO - Resposta de: nó 3
2020-04-07 16:35:58.988219 - INFO - Resposta de: nó 1
2020-04-07 16:36:01.062867 - INFO - Resposta de: nó 2
2020-04-07 16:36:02.891251 - INFO - Resposta de: nó 3
2020-04-07 16:36:14.989331 - INFO - Resposta de: nó 1
2020-04-07 16:36:16.555404 - INFO - Resposta de: nó 2
2020-04-07 16:36:16.561187 - INFO - Resposta de: nó 3
2020-04-07 16:36:33.054824 - INFO - Resposta de: nó 1
2020-04-07 16:36:34.685149 - INFO - Resposta de: nó 2
2020-04-07 16:36:37.783652 - INFO - Resposta de: nó 3
2020-04-07 16:36:55.954696 - INFO - Resposta de: nó 1
2020-04-07 16:36:58.396724 - INFO - Resposta de: nó 2
2020-04-07 16:37:00.016971 - INFO - Resposta de: nó 3
2020-04-07 16:37:18.141734 - INFO - Resposta de: nó 1
2020-04-07 16:37:20.031764 - INFO - Resposta de: nó 2
2020-04-07 16:37:21.805039 - INFO - Resposta de: nó 3
2020-04-07 16:37:44.696526 - INFO - Resposta de: nó 1
2020-04-07 16:37:47.795559 - INFO - Resposta de: nó 2
2020-04-07 16:37:49.698261 - INFO - Resposta de: nó 3
2020-04-07 16:38:10.799080 - INFO - Resposta de: nó 1
2020-04-07 16:38:12.828357 - INFO - Resposta de: nó 2
2020-04-07 16:38:12.832685 - INFO - Resposta de: nó 3
2020-04-07 16:38:26.553494 - INFO - Resposta de: nó 1
2020-04-07 16:38:28.162742 - INFO - Resposta de: nó 2
2020-04-07 16:38:30.333732 - INFO - Resposta de: nó 3
2020-04-07 16:38:53.189569 - INFO - Resposta de: nó 1
2020-04-07 16:38:54.792596 - INFO - Resposta de: nó 2
2020-04-07 16:38:56.445936 - INFO - Resposta de: nó 3
2020-04-07 16:39:13.414284 - INFO - Resposta de: nó 1
2020-04-07 16:39:13.422410 - INFO - Resposta de: nó 2
2020-04-07 16:39:16.507386 - INFO - Resposta de: nó 3
2020-04-07 16:39:42.950161 - INFO - Resposta de: nó 1
2020-04-07 16:39:43.458864 - INFO - Algum sensor detectou presença.
2020-04-07 16:50:16.002812 - INFO - Finalizando monitoramento...
2020-04-07 16:50:16.004555 - INFO - Monitoramento encerrado.
2020-04-07 17:09:55.052348 - INFO - Iniciando monitoramento...
2020-04-07 17:09:55.054728 - INFO - Monitoramento Iniciado.
2020-04-07 17:11:34.806048 - INFO - Resposta de: nó 1
2020-04-07 17:11:35.134851 - INFO - Aguardando resposta de todos os nós...
2020-04-07 17:11:37.284605 - INFO - Resposta de: nó 2
2020-04-07 17:11:38.964029 - INFO - Resposta de: nó 3
2020-04-07 17:12:05.169168 - INFO - Iniciando temporizador...
2020-04-07 17:12:05.263138 - INFO - Resposta de: nó 1
2020-04-07 17:12:07.382955 - INFO - Resposta de: nó 2
2020-04-07 17:12:07.389703 - INFO - Resposta de: nó 3
2020-04-07 17:12:25.504383 - INFO - Resposta de: nó 1
2020-04-07 17:12:27.004312 - INFO - Resposta de: nó 2
2020-04-07 17:12:28.503767 - INFO - Resposta de: nó 3
2020-04-07 17:12:53.241227 - INFO - Resposta de: nó 1
2020-04-07 17:12:55.459607 - INFO - Resposta de: nó 2
2020-04-07 17:12:57.415729 - INFO - Resposta de: nó 3
2020-04-07 17:13:17.546969 - INFO - Resposta de: nó 1
2020-04-07 17:13:22.393265 - INFO - Resposta de: nó 2
2020-04-07 17:13:24.389946 - INFO - Resposta de: nó 3
2020-04-07 17:13:43.880331 - INFO - Resposta de: nó 1
2020-04-07 17:13:45.607494 - INFO - Resposta de: nó 2
2020-04-07 17:13:47.208543 - INFO - Resposta de: nó 3
2020-04-07 17:13:59.703105 - INFO - Resposta de: nó 1
2020-04-07 17:14:01.593177 - INFO - Resposta de: nó 2
2020-04-07 17:14:03.352203 - INFO - Resposta de: nó 3
2020-04-07 17:14:21.610322 - INFO - Resposta de: nó 1
2020-04-07 17:14:23.809738 - INFO - Resposta de: nó 2
2020-04-07 17:14:25.960938 - INFO - Resposta de: nó 3
2020-04-07 17:14:44.542804 - INFO - Resposta de: nó 1
2020-04-07 17:14:46.499231 - INFO - Resposta de: nó 2
2020-04-07 17:14:48.101227 - INFO - Resposta de: nó 3
2020-04-07 17:15:05.237851 - INFO - Resposta de: nó 1
2020-04-07 17:15:07.359532 - INFO - Resposta de: nó 2
2020-04-07 17:15:09.468011 - INFO - Resposta de: nó 3
2020-04-07 17:15:24.867113 - INFO - Resposta de: nó 1
2020-04-07 17:15:26.578421 - INFO - Resposta de: nó 2
2020-04-07 17:15:28.382198 - INFO - Resposta de: nó 3
2020-04-07 17:15:44.492554 - INFO - Resposta de: nó 1
2020-04-07 17:15:44.497002 - INFO - Resposta de: nó 2
2020-04-07 17:15:47.492108 - INFO - Resposta de: nó 3
2020-04-07 17:16:10.139242 - INFO - Resposta de: nó 1
2020-04-07 17:16:11.838028 - INFO - Resposta de: nó 2
2020-04-07 17:16:11.844125 - INFO - Resposta de: nó 3
2020-04-07 17:16:25.180109 - INFO - Resposta de: nó 1
2020-04-07 17:16:27.282285 - INFO - Resposta de: nó 2
2020-04-07 17:16:29.082795 - INFO - Resposta de: nó 3
2020-04-07 17:16:44.755709 - INFO - Resposta de: nó 1
2020-04-07 17:16:47.039743 - INFO - Resposta de: nó 2
2020-04-07 17:16:49.099869 - INFO - Resposta de: nó 3
2020-04-07 17:17:04.996384 - INFO - Resposta de: nó 1
2020-04-07 17:17:07.092214 - INFO - Resposta de: nó 2
2020-04-07 17:17:08.850607 - INFO - Resposta de: nó 3
2020-04-07 17:17:25.995610 - INFO - Resposta de: nó 1
2020-04-07 17:17:27.849485 - INFO - Resposta de: nó 2
2020-04-07 17:17:29.808092 - INFO - Resposta de: nó 3
2020-04-07 17:17:48.514103 - INFO - Resposta de: nó 1
2020-04-07 17:17:50.944380 - INFO - Resposta de: nó 2
2020-04-07 17:17:53.398014 - INFO - Resposta de: nó 3
2020-04-07 17:18:14.264518 - INFO - Resposta de: nó 1
2020-04-07 17:18:16.569903 - INFO - Resposta de: nó 2
2020-04-07 17:18:18.535334 - INFO - Resposta de: nó 3
2020-04-07 17:18:32.308817 - INFO - Resposta de: nó 1
2020-04-07 17:18:34.382136 - INFO - Resposta de: nó 2
2020-04-07 17:18:37.479697 - INFO - Resposta de: nó 3
2020-04-07 17:18:55.582547 - INFO - Resposta de: nó 1
2020-04-07 17:18:57.863866 - INFO - Resposta de: nó 2
2020-04-07 17:18:59.465841 - INFO - Resposta de: nó 3
2020-04-07 17:19:13.772934 - INFO - Resposta de: nó 1
2020-04-07 17:19:15.517859 - INFO - Resposta de: nó 2
2020-04-07 17:19:17.755726 - INFO - Resposta de: nó 3
2020-04-07 17:19:31.009590 - INFO - Resposta de: nó 1
2020-04-07 17:19:33.015412 - INFO - Resposta de: nó 2
2020-04-07 17:19:34.831577 - INFO - Resposta de: nó 3
2020-04-07 17:19:46.336161 - INFO - Resposta de: nó 1
2020-04-07 17:19:48.571679 - INFO - Resposta de: nó 2
2020-04-07 17:19:50.770917 - INFO - Resposta de: nó 3
2020-04-07 17:20:04.262694 - INFO - Resposta de: nó 1
2020-04-07 17:20:07.354740 - INFO - Resposta de: nó 2
2020-04-07 17:20:08.856766 - INFO - Resposta de: nó 3
2020-04-07 17:20:22.699559 - INFO - Resposta de: nó 1
2020-04-07 17:20:24.298837 - INFO - Resposta de: nó 2
2020-04-07 17:20:25.807136 - INFO - Resposta de: nó 3
2020-04-07 17:20:44.849063 - INFO - Resposta de: nó 1
2020-04-07 17:20:46.848363 - INFO - Resposta de: nó 2
2020-04-07 17:20:46.854457 - INFO - Resposta de: nó 3
2020-04-07 17:21:01.510723 - INFO - Resposta de: nó 1
2020-04-07 17:21:03.669296 - INFO - Resposta de: nó 2
2020-04-07 17:21:05.267273 - INFO - Resposta de: nó 3
2020-04-07 17:21:24.037542 - INFO - Resposta de: nó 1
2020-04-07 17:21:25.743786 - INFO - Resposta de: nó 2
2020-04-07 17:21:27.691262 - INFO - Resposta de: nó 3
2020-04-07 17:21:42.753938 - INFO - Resposta de: nó 1
2020-04-07 17:21:44.702258 - INFO - Resposta de: nó 2
2020-04-07 17:21:47.805665 - INFO - Resposta de: nó 3
2020-04-07 17:22:02.450412 - INFO - Resposta de: nó 1
2020-04-07 17:22:05.544386 - INFO - Resposta de: nó 2
2020-04-07 17:22:05.766712 - INFO - Sala Disponível!
2020-04-07 17:22:05.767936 - INFO - E-mail enviado!
2020-04-07 17:22:05.768315 - INFO - Finalizando monitoamento...
2020-04-07 17:22:05.836356 - INFO - Monitoramento encerrado.
2020-04-08 17:47:46.642091 - INFO - Subscrevendo nos tópicos /admin/4f30e2/config e /admin/17f28c/config...
2020-04-08 17:47:46.642270 - INFO - Subscrevendo no tópico /admin/249eb4/config...
2020-04-08 17:54:42.914967 - INFO - Subscrevendo nos tópicos /admin/4f30e2/config e /admin/17f28c/config...
2020-04-08 17:54:42.915144 - INFO - Subscrevendo no tópico /admin/249eb4/config...
2020-04-08 17:55:33.519983 - INFO - Iniciando monitoramento...
2020-04-08 17:55:33.521602 - INFO - Monitoramento Iniciado.
2020-04-08 17:55:33.523227 - INFO - Finalizando monitoramento...
2020-04-08 17:55:33.524769 - INFO - Monitoramento encerrado.
2020-04-08 17:55:56.071341 - INFO - Iniciando monitoramento...
2020-04-08 17:55:56.079502 - INFO - Monitoramento Iniciado.
2020-04-08 17:59:06.505458 - INFO - Subscrevendo no tópico /admin/249eb4/config...
2020-04-08 17:59:06.506636 - INFO - Subscrevendo nos tópicos /admin/4f30e2/config e /admin/17f28c/config...
2020-04-08 17:59:50.430861 - INFO - Subscrevendo no tópico /admin/249eb4/config...
2020-04-08 17:59:50.431028 - INFO - Subscrevendo nos tópicos /admin/4f30e2/config e /admin/17f28c/config...
2020-04-08 18:01:12.455976 - INFO - Subscrevendo nos tópicos /admin/4f30e2/config e /admin/17f28c/config...
2020-04-08 18:01:12.456139 - INFO - Subscrevendo no tópico /admin/249eb4/config...
2020-04-08 18:01:19.241465 - INFO - Nó 1 está ativo.
2020-04-08 18:03:36.818242 - INFO - Subscrevendo nos tópicos /admin/4f30e2/config e /admin/17f28c/config...
2020-04-08 18:03:36.818413 - INFO - Subscrevendo no tópico /admin/249eb4/config...
2020-04-08 18:04:56.618496 - INFO - Subscrevendo no tópico /admin/249eb4/config...
2020-04-08 18:04:56.618691 - INFO - Subscrevendo nos tópicos /admin/4f30e2/config e /admin/17f28c/config...
2020-04-08 18:05:03.135337 - INFO - Nó 1 está ativo.
2020-04-08 18:06:14.268005 - INFO - Subscrevendo no tópico /admin/249eb4/config...
2020-04-08 18:06:14.268047 - INFO - Subscrevendo nos tópicos /admin/4f30e2/config e /admin/17f28c/config...
2020-04-08 18:06:21.607567 - INFO - Nó 1 está ativo.
2020-04-08 18:07:06.363980 - INFO - Subscrevendo no tópico /admin/249eb4/config...
2020-04-08 18:07:06.367654 - INFO - Subscrevendo nos tópicos /admin/4f30e2/config e /admin/17f28c/config...
2020-04-08 18:07:11.453394 - INFO - Nó 1 está ativo.
2020-04-08 18:07:58.386012 - INFO - Subscrevendo no tópico /admin/249eb4/config...
2020-04-08 18:07:58.387134 - INFO - Subscrevendo nos tópicos /admin/4f30e2/config e /admin/17f28c/config...
2020-04-08 18:08:04.048103 - INFO - Nó 1 está ativo.
2020-04-08 18:09:28.704928 - INFO - Subscrevendo no tópico /admin/249eb4/config...
2020-04-08 18:09:28.705064 - INFO - Subscrevendo nos tópicos /admin/4f30e2/config e /admin/17f28c/config...
2020-04-08 18:10:20.726664 - INFO - Subscrevendo no tópico /admin/249eb4/config...
2020-04-08 18:10:20.726843 - INFO - Subscrevendo nos tópicos /admin/4f30e2/config e /admin/17f28c/config...
2020-04-08 18:11:18.896464 - INFO - Subscrevendo no tópico /admin/249eb4/config...
2020-04-08 18:11:18.896692 - INFO - Subscrevendo nos tópicos /admin/4f30e2/config e /admin/17f28c/config...
2020-04-08 18:11:23.662414 - INFO - Nó 1 está ativo.
2020-04-08 18:12:02.833340 - INFO - Subscrevendo nos tópicos /admin/4f30e2/config e /admin/17f28c/config...
2020-04-08 18:12:02.836719 - INFO - Subscrevendo no tópico /admin/249eb4/config...
2020-04-08 18:12:46.240982 - INFO - Subscrevendo nos tópicos /admin/4f30e2/config e /admin/17f28c/config...
2020-04-08 18:12:46.241690 - INFO - Subscrevendo no tópico /admin/249eb4/config...
2020-04-08 18:13:50.451070 - INFO - Subscrevendo nos tópicos /admin/4f30e2/config e /admin/17f28c/config...
2020-04-08 18:13:50.451262 - INFO - Subscrevendo no tópico /admin/249eb4/config...
2020-04-08 18:14:39.192721 - INFO - Subscrevendo no tópico /admin/249eb4/config...
2020-04-08 18:14:39.192800 - INFO - Subscrevendo nos tópicos /admin/4f30e2/config e /admin/17f28c/config...
2020-04-08 18:16:07.363744 - INFO - Subscrevendo nos tópicos /admin/4f30e2/config e /admin/17f28c/config...
2020-04-08 18:16:07.363887 - INFO - Subscrevendo no tópico /admin/249eb4/config...
2020-04-08 18:17:06.347767 - INFO - Subscrevendo nos tópicos /admin/4f30e2/config e /admin/17f28c/config...
2020-04-08 18:17:06.349092 - INFO - Subscrevendo no tópico /admin/249eb4/config...
2020-04-08 18:17:52.020341 - INFO - Subscrevendo no tópico /admin/249eb4/config...
2020-04-08 18:17:52.020603 - INFO - Subscrevendo nos tópicos /admin/4f30e2/config e /admin/17f28c/config...
2020-04-08 18:18:59.710019 - INFO - Subscrevendo no tópico /admin/249eb4/config...
2020-04-08 18:18:59.710197 - INFO - Subscrevendo nos tópicos /admin/4f30e2/config e /admin/17f28c/config...
2020-04-08 18:20:12.209454 - INFO - Subscrevendo nos tópicos /admin/4f30e2/config e /admin/17f28c/config...
2020-04-08 18:20:12.210455 - INFO - Subscrevendo no tópico /admin/249eb4/config...
2020-04-08 18:20:41.805531 - INFO - Subscrevendo no tópico /admin/249eb4/config...
2020-04-08 18:20:41.808804 - INFO - Subscrevendo nos tópicos /admin/4f30e2/config e /admin/17f28c/config...
2020-04-08 18:21:16.316480 - INFO - Subscrevendo nos tópicos /admin/4f30e2/config e /admin/17f28c/config...
2020-04-08 18:21:16.318149 - INFO - Subscrevendo no tópico /admin/249eb4/config...
2020-04-08 18:21:45.023756 - INFO - Subscrevendo nos tópicos /admin/4f30e2/config e /admin/17f28c/config...
2020-04-08 18:21:45.023924 - INFO - Subscrevendo no tópico /admin/249eb4/config...
2020-04-08 18:22:41.823211 - INFO - Subscrevendo no tópico /admin/249eb4/config...
2020-04-08 18:22:41.824423 - INFO - Subscrevendo nos tópicos /admin/4f30e2/config e /admin/17f28c/config...
2020-04-08 18:23:45.728585 - INFO - Subscrevendo nos tópicos /admin/4f30e2/config e /admin/17f28c/config...
2020-04-08 18:23:45.728761 - INFO - Subscrevendo no tópico /admin/249eb4/config...
2020-04-08 18:24:15.522409 - INFO - Subscrevendo no tópico /admin/249eb4/config...
2020-04-08 18:24:15.522534 - INFO - Subscrevendo nos tópicos /admin/4f30e2/config e /admin/17f28c/config...
2020-04-08 18:26:03.120966 - INFO - Subscrevendo nos tópicos /admin/4f30e2/config e /admin/17f28c/config...
2020-04-08 18:26:03.121111 - INFO - Subscrevendo no tópico /admin/249eb4/config...
2020-04-08 18:26:09.378564 - INFO - Nó 1 está ativo.
2020-04-08 18:26:55.069501 - INFO - Subscrevendo no tópico /admin/249eb4/config...
2020-04-08 18:26:55.069675 - INFO - Subscrevendo nos tópicos /admin/4f30e2/config e /admin/17f28c/config...
2020-04-08 18:27:03.459595 - INFO - Nó 1 está ativo.
2020-04-08 18:27:38.305742 - INFO - Subscrevendo no tópico /admin/249eb4/config...
2020-04-08 18:27:38.306451 - INFO - Subscrevendo nos tópicos /admin/4f30e2/config e /admin/17f28c/config...
2020-04-08 18:27:49.947280 - INFO - Nó 1 está ativo.
2020-04-08 18:28:53.806327 - INFO - Subscrevendo no tópico /admin/249eb4/config...
2020-04-08 18:28:53.807838 - INFO - Subscrevendo nos tópicos /admin/4f30e2/config e /admin/17f28c/config...
2020-04-08 18:29:07.933349 - ERROR - Não foi possível encerrar a conexão com o broker MQTT!
2020-04-08 18:31:51.292560 - INFO - Subscrevendo no tópico /admin/249eb4/config...
2020-04-08 18:31:51.292403 - INFO - Subscrevendo nos tópicos /admin/4f30e2/config e /admin/17f28c/config...
2020-04-08 18:32:19.345756 - INFO - Subscrevendo nos tópicos /admin/4f30e2/config e /admin/17f28c/config...
2020-04-08 18:32:19.346968 - INFO - Subscrevendo no tópico /admin/249eb4/config...
2020-04-08 18:33:36.762104 - INFO - Subscrevendo nos tópicos /admin/4f30e2/config e /admin/17f28c/config...
2020-04-08 18:33:36.765104 - INFO - Subscrevendo no tópico /admin/249eb4/config...
2020-04-08 18:33:43.441891 - INFO - Nó 1 está ativo.
2020-04-08 18:34:37.985224 - INFO - Subscrevendo no tópico /admin/249eb4/config...
2020-04-08 18:34:37.985415 - INFO - Subscrevendo nos tópicos /admin/4f30e2/config e /admin/17f28c/config...
2020-04-08 18:34:44.244264 - INFO - Nó 1 está ativo.
2020-04-08 18:36:45.432258 - INFO - Subscrevendo no tópico /admin/249eb4/config...
2020-04-08 18:36:45.432426 - INFO - Subscrevendo nos tópicos /admin/4f30e2/config e /admin/17f28c/config...
2020-04-08 18:36:50.951329 - INFO - Nó 1 está ativo.
2020-04-08 18:38:25.200597 - INFO - Subscrevendo no tópico /admin/249eb4/config...
2020-04-08 18:38:25.200777 - INFO - Subscrevendo nos tópicos /admin/4f30e2/config e /admin/17f28c/config...
2020-04-08 18:38:30.233611 - INFO - Nó 1 está ativo.
2020-04-08 18:39:04.059854 - INFO - Iniciando monitoramento...
2020-04-08 18:39:04.066490 - INFO - Monitoramento Iniciado.
2020-04-08 18:39:32.094532 - INFO - Resposta de: nó 1
2020-04-08 18:39:34.096867 - INFO - Aguardando resposta de todos os nós...
