2020-04-06 14:15:56,355 - INFO - Buscando reservas...
2020-04-06 14:15:56,360 - INFO - Verificando lista...
2020-04-06 15:40:53.577076 - INFO - Buscando reservas...
2020-04-06 15:40:53.591890 - INFO - Verificando lista...
2020-04-06 15:40:53.597046 - INFO - Publicando: {"inicio_reserva": "2020-04-06 15:41:00.158216", "fim_reserva": "2020-04-06 15:45:00.158216"}
2020-04-06 15:41:25.719359 - INFO - Verificando lista...
2020-04-06 16:01:25.324159 - INFO - Buscando reservas...
2020-04-06 16:01:25.337737 - INFO - Verificando lista...
2020-04-06 16:03:19.982344 - INFO - Buscando reservas...
2020-04-06 16:03:19.993425 - INFO - Verificando lista...
2020-04-06 16:04:58.779202 - INFO - Buscando reservas...
2020-04-06 16:04:58.793039 - INFO - Verificando lista...
2020-04-06 16:05:16.286572 - INFO - Buscando reservas...
2020-04-06 16:05:16.300677 - INFO - Verificando lista...
2020-04-06 16:06:07.887783 - INFO - Buscando reservas...
2020-04-06 16:06:07.901742 - INFO - Verificando lista...
2020-04-06 16:07:03.176093 - INFO - Buscando reservas...
2020-04-06 16:07:03.185323 - INFO - Verificando lista...
2020-04-06 16:09:21.093530 - INFO - Buscando reservas...
2020-04-06 16:09:21.108004 - INFO - Verificando lista...
