2020-12-01 13:51:56.536737 - INFO - Aplicação em execução.
-----------------------------------------------------------
2020-12-01 14:00:22.146953 - INFO - Aplicação em execução.
-----------------------------------------------------------
2020-12-01 14:09:33.944056 - INFO - Aplicação em execução.
-----------------------------------------------------------
2020-12-01 14:10:53.846683 - INFO - Aplicação em execução.
-----------------------------------------------------------
2020-12-01 14:11:11.119556 - INFO - Monitoramento iniciado.
2020-12-01 14:16:30.359684 - INFO - Aplicação em execução.
-----------------------------------------------------------
2020-12-01 14:16:55.968149 - INFO - Monitoramento iniciado.
2020-12-01 14:17:25.998460 - INFO - Identificada a ausência de pessoas em regiões do ambiente.
2020-12-01 14:17:56.031271 - INFO - Nenhuma pessoa identificada no ambiente. Temporizador iniciado.
2020-12-01 14:22:56.335256 - INFO - Ambiente disponível!
2020-12-01 14:22:58.397901 - ERROR - E-mail não enviado! (535, b5.7.8 Username and Password not accepted. Learn more atn5.7.8 https://support.google.com/mail/?p=BadCredentials 13sm166608qkl.121 - gsmtp)
2020-12-01 14:23:00.400649 - INFO - Monitoramento encerrado.
-----------------------------------------------------------
2020-12-01 14:25:46.799390 - INFO - Monitoramento iniciado.
2020-12-01 14:26:16.832899 - INFO - Identificada a ausência de pessoas em regiões do ambiente.
2020-12-01 14:26:46.863290 - INFO - Nenhuma pessoa identificada no ambiente. Temporizador iniciado.
2020-12-01 14:31:47.163273 - INFO - Ambiente disponível!
2020-12-01 14:31:51.600717 - INFO - E-mail enviado!
2020-12-01 14:31:53.604891 - INFO - Monitoramento encerrado.
-----------------------------------------------------------
2020-12-01 15:11:30.523496 - WARNING - Nó com ID = 1 não responde desde 2020-12-01 14:46:24.633311!
2020-12-01 15:11:34.315303 - INFO - E-mail enviado!
2020-12-01 15:11:34.334691 - WARNING - Nó com ID = 2 não responde desde 2020-12-01 14:46:26.635838!
2020-12-01 15:11:38.201171 - INFO - E-mail enviado!
2020-12-01 15:59:48.921170 - INFO - Monitoramento iniciado.
2020-12-01 16:00:18.954444 - INFO - Identificada a ausência de pessoas em regiões do ambiente.
2020-12-01 16:00:48.987328 - INFO - Nenhuma pessoa identificada no ambiente. Temporizador iniciado.
2020-12-01 18:34:54.972757 - INFO - Monitoramento encerrado.
-----------------------------------------------------------
2020-12-29 11:34:39.823041 - INFO - Aplicação em execução.
-----------------------------------------------------------
2020-12-29 11:39:42.751997 - INFO - Monitoramento iniciado.
2020-12-29 11:55:00.672656 - INFO - Monitoramento encerrado.
-----------------------------------------------------------
2020-12-29 11:59:42.374427 - INFO - Monitoramento iniciado.
2020-12-29 11:59:44.376398 - INFO - Monitoramento iniciado.
2020-12-29 11:59:44.377775 - INFO - Monitoramento encerrado.
-----------------------------------------------------------
2020-12-29 11:59:44.382300 - INFO - Monitoramento encerrado.
-----------------------------------------------------------
2020-12-29 12:01:02.624071 - INFO - Aplicação em execução.
-----------------------------------------------------------
2020-12-29 12:09:45.672216 - INFO - Monitoramento iniciado.
2020-12-29 12:10:15.707500 - INFO - Identificada a ausência de pessoas em regiões do ambiente.
2020-12-29 12:11:14.764552 - INFO - Identificada a ausência de pessoas em regiões do ambiente.
2020-12-29 12:12:14.824880 - INFO - Identificada a ausência de pessoas em regiões do ambiente.
2020-12-29 12:25:00.710047 - INFO - Monitoramento encerrado.
-----------------------------------------------------------
2020-12-29 12:29:45.705516 - INFO - Monitoramento iniciado.
2020-12-29 12:30:15.735614 - INFO - Identificada a ausência de pessoas em regiões do ambiente.
2020-12-29 12:30:45.767528 - INFO - Nenhuma pessoa identificada no ambiente. Temporizador iniciado.
2020-12-29 12:31:49.834405 - INFO - Identificada a presença de pessoas no ambiente!
2020-12-29 12:55:00.434993 - INFO - Monitoramento encerrado.
-----------------------------------------------------------
2020-12-29 12:59:45.691533 - INFO - Monitoramento iniciado.
2020-12-29 13:00:15.725616 - INFO - Identificada a ausência de pessoas em regiões do ambiente.
2020-12-29 13:00:45.755521 - INFO - Nenhuma pessoa identificada no ambiente. Temporizador iniciado.
2020-12-29 13:05:46.051503 - INFO - Ambiente disponível!
2020-12-29 13:05:49.121500 - INFO - E-mail enviado!
2020-12-29 13:05:51.125792 - INFO - Monitoramento encerrado.
-----------------------------------------------------------
2020-12-29 13:11:19.870868 - INFO - Aplicação em execução.
-----------------------------------------------------------
2020-12-29 13:14:22.196778 - INFO - Monitoramento iniciado.
2020-12-29 13:14:52.231567 - INFO - Identificada a ausência de pessoas em regiões do ambiente.
2020-12-29 13:15:22.263502 - INFO - Nenhuma pessoa identificada no ambiente. Temporizador iniciado.
2020-12-29 13:20:22.560265 - INFO - Ambiente vazio há 5 minutos.
2020-12-29 13:25:22.860652 - INFO - Ambiente vazio há 10 minutos.
2020-12-29 13:30:23.159503 - INFO - Ambiente disponível!
2020-12-29 13:30:26.775117 - INFO - E-mail enviado!
2020-12-29 13:30:28.780016 - INFO - Monitoramento encerrado.
-----------------------------------------------------------
