2020-04-28 22:13:42.204783 - INFO - Nó ativo: i|3|t|2020-04-28 22:13:42.204754
2020-04-28 22:13:55.956408 - INFO - Nó ativo: i|1|t|2020-04-28 22:13:55.956347
2020-04-28 22:14:04.083657 - INFO - Nó ativo: i|2|t|2020-04-28 22:14:04.083606
2020-04-28 22:16:12.885296 - INFO - Monitoramento Iniciado.
2020-04-28 22:16:12.885562 - INFO - Monitoramento Iniciado.
2020-04-28 22:16:12.885308 - INFO - Monitoramento Iniciado.
2020-04-28 22:16:26.569942 - INFO - Subscribing to topic /4jggokgpepnvsb2uv4s40d59ov/relogio01/attrs...
2020-04-28 22:16:26.571576 - INFO - Nó ativo: i|1|t|2020-04-28 22:16:26.571549
2020-04-28 22:16:41.887498 - INFO - Ausencia detectada!
2020-04-28 22:16:41.888342 - INFO - Ausencia detectada!
2020-04-28 22:16:41.888985 - INFO - Publicando: i|3|t|2020-04-28 22:16:41.887468
2020-04-28 22:16:41.889819 - INFO - Publicando: i|2|t|2020-04-28 22:16:41.888318
2020-04-28 22:17:11.891825 - INFO - Ausencia detectada!
2020-04-28 22:17:11.891781 - INFO - Ausencia detectada!
2020-04-28 22:17:11.893245 - INFO - Publicando: i|2|t|2020-04-28 22:17:11.891801
2020-04-28 22:17:11.893262 - INFO - Publicando: i|3|t|2020-04-28 22:17:11.891754
2020-04-28 22:17:41.895603 - INFO - Ausencia detectada!
2020-04-28 22:17:41.895700 - INFO - Ausencia detectada!
2020-04-28 22:17:41.897143 - INFO - Publicando: i|3|t|2020-04-28 22:17:41.895575
2020-04-28 22:17:41.897143 - INFO - Publicando: i|2|t|2020-04-28 22:17:41.895676
2020-04-28 22:18:11.899519 - INFO - Ausencia detectada!
2020-04-28 22:18:11.899743 - INFO - Ausencia detectada!
2020-04-28 22:18:11.901029 - INFO - Publicando: i|3|t|2020-04-28 22:18:11.899491
2020-04-28 22:18:11.901143 - INFO - Publicando: i|2|t|2020-04-28 22:18:11.899720
2020-04-28 22:18:41.903933 - INFO - Ausencia detectada!
2020-04-28 22:18:41.903932 - INFO - Ausencia detectada!
2020-04-28 22:18:41.905788 - INFO - Publicando: i|3|t|2020-04-28 22:18:41.903911
2020-04-28 22:18:41.905754 - INFO - Publicando: i|2|t|2020-04-28 22:18:41.903909
2020-04-28 22:18:42.210501 - INFO - Nó ativo: i|3|t|2020-04-28 22:18:42.210447
2020-04-28 22:19:01.870285 - INFO - Monitoramento finalizado.
2020-04-28 22:19:01.870393 - INFO - Monitoramento finalizado.
2020-04-28 22:19:04.025595 - INFO - Nó ativo: i|2|t|2020-04-28 22:19:04.025554
2020-04-29 07:25:17.987981 - INFO - Subscribing to topic /4jggokgpepnvsb2uv4s40d59ov/relogio01/attrs...
2020-04-29 07:25:17.989310 - INFO - Nó ativo: i|1|t|2020-04-29 07:25:17.989292
2020-04-29 07:25:30.586700 - INFO - Subscribing to topic /4jggokgpepnvsb2uv4s40d59ov/relogio01/attrs...
2020-04-29 07:25:30.588108 - INFO - Nó ativo: i|2|t|2020-04-29 07:25:30.588088
2020-04-29 07:25:47.645093 - INFO - Subscribing to topic /4jggokgpepnvsb2uv4s40d59ov/relogio01/attrs...
2020-04-29 07:25:47.646436 - INFO - Nó ativo: i|3|t|2020-04-29 07:25:47.646421
2020-04-29 07:29:31.957303 - INFO - Subscribing to topic /4jggokgpepnvsb2uv4s40d59ov/relogio01/attrs...
2020-04-29 07:29:31.958592 - INFO - Nó ativo: i|1|t|2020-04-29 07:29:31.958568
2020-04-29 07:29:43.892167 - INFO - Subscribing to topic /4jggokgpepnvsb2uv4s40d59ov/relogio01/attrs...
2020-04-29 07:29:43.893547 - INFO - Nó ativo: i|2|t|2020-04-29 07:29:43.893530
2020-04-29 07:30:20.042240 - INFO - Subscribing to topic /4jggokgpepnvsb2uv4s40d59ov/relogio01/attrs...
2020-04-29 07:30:20.043750 - INFO - Nó ativo: i|3|t|2020-04-29 07:30:20.043728
2020-04-29 07:34:33.147129 - INFO - Nó ativo: i|1|t|2020-04-29 07:34:33.147077
2020-04-29 07:34:45.045768 - INFO - Nó ativo: i|2|t|2020-04-29 07:34:45.045729
2020-04-29 07:35:21.219924 - INFO - Nó ativo: i|3|t|2020-04-29 07:35:21.219845
2020-04-29 07:39:33.148745 - INFO - Nó ativo: i|1|t|2020-04-29 07:39:33.148697
2020-04-29 07:39:45.002286 - INFO - Nó ativo: i|2|t|2020-04-29 07:39:45.002220
2020-04-29 07:40:21.198105 - INFO - Nó ativo: i|3|t|2020-04-29 07:40:21.198036
2020-04-29 07:44:33.065666 - INFO - Nó ativo: i|1|t|2020-04-29 07:44:33.065608
2020-04-29 07:44:45.012167 - INFO - Nó ativo: i|2|t|2020-04-29 07:44:45.012109
2020-04-29 07:45:21.206406 - INFO - Nó ativo: i|3|t|2020-04-29 07:45:21.206344
2020-04-29 07:49:33.153385 - INFO - Nó ativo: i|1|t|2020-04-29 07:49:33.153333
2020-04-29 07:49:44.991279 - INFO - Nó ativo: i|2|t|2020-04-29 07:49:44.991216
2020-04-29 07:50:21.180229 - INFO - Nó ativo: i|3|t|2020-04-29 07:50:21.180154
2020-04-29 07:54:33.059333 - INFO - Nó ativo: i|1|t|2020-04-29 07:54:33.059279
2020-04-29 07:54:45.001729 - INFO - Nó ativo: i|2|t|2020-04-29 07:54:45.001659
2020-04-29 07:55:21.192101 - INFO - Nó ativo: i|3|t|2020-04-29 07:55:21.192047
2020-04-29 07:59:06.350455 - INFO - Monitoramento Iniciado.
2020-04-29 07:59:06.350484 - INFO - Monitoramento Iniciado.
2020-04-29 07:59:06.350340 - INFO - Monitoramento Iniciado.
2020-04-29 07:59:33.978471 - INFO - Nó ativo: i|1|t|2020-04-29 07:59:33.978452
2020-04-29 07:59:45.929907 - INFO - Nó ativo: i|2|t|2020-04-29 07:59:45.929889
2020-04-29 08:00:22.022792 - INFO - Nó ativo: i|3|t|2020-04-29 08:00:22.022767
2020-04-29 08:04:33.181258 - INFO - Nó ativo: i|1|t|2020-04-29 08:04:33.181236
2020-04-29 08:04:45.094006 - INFO - Nó ativo: i|2|t|2020-04-29 08:04:45.093991
2020-04-29 08:05:21.249331 - INFO - Nó ativo: i|3|t|2020-04-29 08:05:21.249312
2020-04-29 08:09:33.172165 - INFO - Nó ativo: i|1|t|2020-04-29 08:09:33.172149
2020-04-29 08:09:45.102833 - INFO - Nó ativo: i|2|t|2020-04-29 08:09:45.102817
2020-04-29 08:10:21.249323 - INFO - Nó ativo: i|3|t|2020-04-29 08:10:21.249300
2020-04-29 08:14:33.179072 - INFO - Nó ativo: i|1|t|2020-04-29 08:14:33.179054
2020-04-29 08:14:45.090107 - INFO - Nó ativo: i|2|t|2020-04-29 08:14:45.090091
2020-04-29 08:15:21.258344 - INFO - Nó ativo: i|3|t|2020-04-29 08:15:21.258325
2020-04-29 08:19:33.182485 - INFO - Nó ativo: i|1|t|2020-04-29 08:19:33.182468
2020-04-29 08:19:45.110458 - INFO - Nó ativo: i|2|t|2020-04-29 08:19:45.110434
2020-04-29 08:20:21.219217 - INFO - Nó ativo: i|3|t|2020-04-29 08:20:21.219198
2020-04-29 08:24:33.178778 - INFO - Nó ativo: i|1|t|2020-04-29 08:24:33.178760
2020-04-29 08:24:45.112410 - INFO - Nó ativo: i|2|t|2020-04-29 08:24:45.112388
2020-04-29 08:25:00.158230 - INFO - Monitoramento finalizado.
2020-04-29 08:25:00.158229 - INFO - Monitoramento finalizado.
2020-04-29 08:25:00.158228 - INFO - Monitoramento finalizado.
2020-04-29 08:25:21.134399 - INFO - Nó ativo: i|3|t|2020-04-29 08:25:21.134379
2020-04-29 08:25:30.801164 - INFO - Subscribing to topic /4jggokgpepnvsb2uv4s40d59ov/relogio01/attrs...
2020-04-29 08:25:30.802526 - INFO - Nó ativo: i|1|t|2020-04-29 08:25:30.802505
2020-04-29 08:25:44.445995 - INFO - Subscribing to topic /4jggokgpepnvsb2uv4s40d59ov/relogio01/attrs...
2020-04-29 08:25:44.447362 - INFO - Nó ativo: i|2|t|2020-04-29 08:25:44.447339
2020-04-29 08:29:06.346640 - INFO - Monitoramento Iniciado.
2020-04-29 08:29:06.358105 - INFO - Monitoramento Iniciado.
2020-04-29 08:29:06.358636 - INFO - Monitoramento Iniciado.
2020-04-29 08:29:35.364643 - INFO - Ausencia detectada!
2020-04-29 08:29:35.364689 - INFO - Ausencia detectada!
2020-04-29 08:29:35.366701 - INFO - Publicando: i|1|t|2020-04-29 08:29:35.364662
2020-04-29 08:29:35.366709 - INFO - Publicando: i|2|t|2020-04-29 08:29:35.364609
2020-04-29 08:30:05.369529 - INFO - Ausencia detectada!
2020-04-29 08:30:05.369294 - INFO - Ausencia detectada!
2020-04-29 08:30:05.371501 - INFO - Publicando: i|2|t|2020-04-29 08:30:05.369500
2020-04-29 08:30:05.372348 - INFO - Publicando: i|1|t|2020-04-29 08:30:05.369256
2020-04-29 08:30:21.238761 - INFO - Nó ativo: i|3|t|2020-04-29 08:30:21.238741
2020-04-29 08:30:32.016708 - INFO - Nó ativo: i|1|t|2020-04-29 08:30:32.016686
2020-04-29 08:30:35.374394 - INFO - Ausencia detectada!
2020-04-29 08:30:35.375245 - INFO - Ausencia detectada!
2020-04-29 08:30:35.375949 - INFO - Publicando: i|2|t|2020-04-29 08:30:35.374365
2020-04-29 08:30:35.376752 - INFO - Publicando: i|1|t|2020-04-29 08:30:35.375222
2020-04-29 08:30:45.641824 - INFO - Nó ativo: i|2|t|2020-04-29 08:30:45.641804
2020-04-29 08:31:05.378674 - INFO - Ausencia detectada!
2020-04-29 08:31:05.379455 - INFO - Ausencia detectada!
2020-04-29 08:31:05.380456 - INFO - Publicando: i|2|t|2020-04-29 08:31:05.378640
2020-04-29 08:31:05.381365 - INFO - Publicando: i|1|t|2020-04-29 08:31:05.379428
2020-04-29 08:31:35.383061 - INFO - Ausencia detectada!
2020-04-29 08:31:35.384099 - INFO - Ausencia detectada!
2020-04-29 08:31:35.384718 - INFO - Publicando: i|2|t|2020-04-29 08:31:35.383028
2020-04-29 08:31:35.385860 - INFO - Publicando: i|1|t|2020-04-29 08:31:35.384073
2020-04-29 08:31:46.508830 - INFO - Subscribing to topic /4jggokgpepnvsb2uv4s40d59ov/relogio01/attrs...
2020-04-29 08:31:46.510556 - INFO - Nó ativo: i|2|t|2020-04-29 08:31:46.510528
2020-04-29 08:31:53.057590 - INFO - Subscribing to topic /4jggokgpepnvsb2uv4s40d59ov/relogio01/attrs...
2020-04-29 08:31:53.059018 - INFO - Nó ativo: i|1|t|2020-04-29 08:31:53.058996
2020-04-29 08:32:09.067140 - INFO - Subscribing to topic /4jggokgpepnvsb2uv4s40d59ov/relogio01/attrs...
2020-04-29 08:32:09.068412 - INFO - Nó ativo: i|3|t|2020-04-29 08:32:09.068388
2020-04-29 08:36:47.674027 - INFO - Nó ativo: i|2|t|2020-04-29 08:36:47.673982
2020-04-29 08:36:54.144555 - INFO - Nó ativo: i|1|t|2020-04-29 08:36:54.144507
2020-04-29 08:37:10.194492 - INFO - Nó ativo: i|3|t|2020-04-29 08:37:10.194443
2020-04-29 08:41:47.634312 - INFO - Nó ativo: i|2|t|2020-04-29 08:41:47.634258
2020-04-29 08:41:54.238039 - INFO - Nó ativo: i|1|t|2020-04-29 08:41:54.237986
2020-04-29 08:42:10.165285 - INFO - Nó ativo: i|3|t|2020-04-29 08:42:10.165227
2020-04-29 08:46:47.678378 - INFO - Nó ativo: i|2|t|2020-04-29 08:46:47.678325
2020-04-29 08:46:54.238022 - INFO - Nó ativo: i|1|t|2020-04-29 08:46:54.237967
2020-04-29 08:47:10.255838 - INFO - Nó ativo: i|3|t|2020-04-29 08:47:10.255783
2020-04-29 08:51:47.579719 - INFO - Nó ativo: i|2|t|2020-04-29 08:51:47.579706
2020-04-29 08:51:54.179764 - INFO - Nó ativo: i|1|t|2020-04-29 08:51:54.179747
2020-04-29 08:52:10.192333 - INFO - Nó ativo: i|3|t|2020-04-29 08:52:10.192277
2020-04-29 08:56:47.674996 - INFO - Nó ativo: i|2|t|2020-04-29 08:56:47.674941
2020-04-29 08:56:54.233410 - INFO - Nó ativo: i|1|t|2020-04-29 08:56:54.233359
2020-04-29 08:57:10.254285 - INFO - Nó ativo: i|3|t|2020-04-29 08:57:10.254227
2020-04-29 08:59:06.362157 - INFO - Monitoramento Iniciado.
2020-04-29 08:59:06.364911 - INFO - Monitoramento Iniciado.
2020-04-29 08:59:06.365270 - INFO - Monitoramento Iniciado.
2020-04-29 08:59:35.369334 - INFO - Ausencia detectada!
2020-04-29 08:59:35.370997 - INFO - Publicando: i|2|t|2020-04-29 08:59:35.369304
2020-04-29 08:59:35.372434 - INFO - Ausencia detectada!
2020-04-29 08:59:35.374404 - INFO - Publicando: i|1|t|2020-04-29 08:59:35.372408
2020-04-29 08:59:35.374478 - INFO - Ausencia detectada!
2020-04-29 08:59:35.376763 - INFO - Publicando: i|3|t|2020-04-29 08:59:35.374433
2020-04-29 09:00:05.372826 - INFO - Ausencia detectada!
2020-04-29 09:00:05.374590 - INFO - Publicando: i|2|t|2020-04-29 09:00:05.372797
2020-04-29 09:00:05.378036 - INFO - Ausencia detectada!
2020-04-29 09:00:05.379659 - INFO - Publicando: i|1|t|2020-04-29 09:00:05.378010
2020-04-29 09:00:05.380569 - INFO - Ausencia detectada!
2020-04-29 09:00:05.382868 - INFO - Publicando: i|3|t|2020-04-29 09:00:05.380544
2020-04-29 09:00:35.377804 - INFO - Ausencia detectada!
2020-04-29 09:00:35.379489 - INFO - Publicando: i|2|t|2020-04-29 09:00:35.377771
2020-04-29 09:00:35.382178 - INFO - Ausencia detectada!
2020-04-29 09:00:35.384193 - INFO - Publicando: i|1|t|2020-04-29 09:00:35.382151
2020-04-29 09:00:35.386044 - INFO - Ausencia detectada!
2020-04-29 09:00:35.388173 - INFO - Publicando: i|3|t|2020-04-29 09:00:35.386003
2020-04-29 09:01:05.382410 - INFO - Ausencia detectada!
2020-04-29 09:01:05.384119 - INFO - Publicando: i|2|t|2020-04-29 09:01:05.382376
2020-04-29 09:01:05.387520 - INFO - Ausencia detectada!
2020-04-29 09:01:05.389229 - INFO - Publicando: i|1|t|2020-04-29 09:01:05.387495
2020-04-29 09:01:05.391335 - INFO - Ausencia detectada!
2020-04-29 09:01:05.393147 - INFO - Publicando: i|3|t|2020-04-29 09:01:05.391307
2020-04-29 09:01:35.387033 - INFO - Ausencia detectada!
2020-04-29 09:01:35.388656 - INFO - Publicando: i|2|t|2020-04-29 09:01:35.387004
2020-04-29 09:01:35.392313 - INFO - Ausencia detectada!
2020-04-29 09:01:35.394281 - INFO - Publicando: i|1|t|2020-04-29 09:01:35.392280
2020-04-29 09:01:35.396463 - INFO - Ausencia detectada!
2020-04-29 09:01:35.398594 - INFO - Publicando: i|3|t|2020-04-29 09:01:35.396428
2020-04-29 09:01:47.697766 - INFO - Nó ativo: i|2|t|2020-04-29 09:01:47.697746
2020-04-29 09:01:54.257717 - INFO - Nó ativo: i|1|t|2020-04-29 09:01:54.257696
2020-04-29 09:02:05.391029 - INFO - Ausencia detectada!
2020-04-29 09:02:05.392615 - INFO - Publicando: i|2|t|2020-04-29 09:02:05.390999
2020-04-29 09:02:05.397280 - INFO - Ausencia detectada!
2020-04-29 09:02:05.399377 - INFO - Publicando: i|1|t|2020-04-29 09:02:05.397250
2020-04-29 09:02:05.401246 - INFO - Ausencia detectada!
2020-04-29 09:02:05.403251 - INFO - Publicando: i|3|t|2020-04-29 09:02:05.401213
2020-04-29 09:02:10.275569 - INFO - Nó ativo: i|3|t|2020-04-29 09:02:10.275546
2020-04-29 09:02:35.395795 - INFO - Ausencia detectada!
2020-04-29 09:02:35.397503 - INFO - Publicando: i|2|t|2020-04-29 09:02:35.395765
2020-04-29 09:02:35.402708 - INFO - Ausencia detectada!
2020-04-29 09:02:35.404557 - INFO - Publicando: i|1|t|2020-04-29 09:02:35.402675
2020-04-29 09:02:35.407276 - INFO - Ausencia detectada!
2020-04-29 09:02:35.409041 - INFO - Publicando: i|3|t|2020-04-29 09:02:35.407250
2020-04-29 09:03:05.400365 - INFO - Ausencia detectada!
2020-04-29 09:03:05.402488 - INFO - Publicando: i|2|t|2020-04-29 09:03:05.400318
2020-04-29 09:03:05.407499 - INFO - Ausencia detectada!
2020-04-29 09:03:05.409550 - INFO - Publicando: i|1|t|2020-04-29 09:03:05.407465
2020-04-29 09:03:05.411928 - INFO - Ausencia detectada!
2020-04-29 09:03:05.413998 - INFO - Publicando: i|3|t|2020-04-29 09:03:05.411895
2020-04-29 09:03:35.404822 - INFO - Ausencia detectada!
2020-04-29 09:03:35.406914 - INFO - Publicando: i|2|t|2020-04-29 09:03:35.404789
2020-04-29 09:03:35.412481 - INFO - Ausencia detectada!
2020-04-29 09:03:35.414455 - INFO - Publicando: i|1|t|2020-04-29 09:03:35.412445
2020-04-29 09:03:35.417249 - INFO - Ausencia detectada!
2020-04-29 09:03:35.419062 - INFO - Publicando: i|3|t|2020-04-29 09:03:35.417217
2020-04-29 09:04:05.409594 - INFO - Ausencia detectada!
2020-04-29 09:04:05.411337 - INFO - Publicando: i|2|t|2020-04-29 09:04:05.409560
2020-04-29 09:04:05.416441 - INFO - Ausencia detectada!
2020-04-29 09:04:05.418909 - INFO - Publicando: i|1|t|2020-04-29 09:04:05.416409
2020-04-29 09:04:05.421835 - INFO - Ausencia detectada!
2020-04-29 09:04:05.423812 - INFO - Publicando: i|3|t|2020-04-29 09:04:05.421809
2020-04-29 09:04:35.414018 - INFO - Ausencia detectada!
2020-04-29 09:04:35.415790 - INFO - Publicando: i|2|t|2020-04-29 09:04:35.413984
2020-04-29 09:04:35.421962 - INFO - Ausencia detectada!
2020-04-29 09:04:35.423574 - INFO - Publicando: i|1|t|2020-04-29 09:04:35.421938
2020-04-29 09:04:35.426720 - INFO - Ausencia detectada!
2020-04-29 09:04:35.428332 - INFO - Publicando: i|3|t|2020-04-29 09:04:35.426693
2020-04-29 09:05:05.418880 - INFO - Ausencia detectada!
2020-04-29 09:05:05.420636 - INFO - Publicando: i|2|t|2020-04-29 09:05:05.418848
2020-04-29 09:05:05.426672 - INFO - Ausencia detectada!
2020-04-29 09:05:05.428286 - INFO - Publicando: i|1|t|2020-04-29 09:05:05.426644
2020-04-29 09:05:05.431188 - INFO - Ausencia detectada!
2020-04-29 09:05:05.433145 - INFO - Publicando: i|3|t|2020-04-29 09:05:05.431163
2020-04-29 09:05:35.423919 - INFO - Ausencia detectada!
2020-04-29 09:05:35.425518 - INFO - Publicando: i|2|t|2020-04-29 09:05:35.423889
2020-04-29 09:05:35.431353 - INFO - Ausencia detectada!
2020-04-29 09:05:35.433058 - INFO - Publicando: i|1|t|2020-04-29 09:05:35.431316
2020-04-29 09:05:35.436203 - INFO - Ausencia detectada!
2020-04-29 09:05:35.437855 - INFO - Publicando: i|3|t|2020-04-29 09:05:35.436178
2020-04-29 09:06:00.652463 - INFO - Subscribing to topic /4jggokgpepnvsb2uv4s40d59ov/relogio01/attrs...
2020-04-29 09:06:00.654302 - INFO - Nó ativo: i|3|t|2020-04-29 09:06:00.654276
2020-04-29 09:06:05.428406 - INFO - Ausencia detectada!
2020-04-29 09:06:05.429955 - INFO - Publicando: i|2|t|2020-04-29 09:06:05.428378
2020-04-29 09:06:05.436170 - INFO - Ausencia detectada!
2020-04-29 09:06:05.437905 - INFO - Publicando: i|1|t|2020-04-29 09:06:05.436142
2020-04-29 09:06:07.487514 - INFO - Subscribing to topic /4jggokgpepnvsb2uv4s40d59ov/relogio01/attrs...
2020-04-29 09:06:07.488811 - INFO - Nó ativo: i|2|t|2020-04-29 09:06:07.488789
2020-04-29 09:06:13.639657 - INFO - Subscribing to topic /4jggokgpepnvsb2uv4s40d59ov/relogio01/attrs...
2020-04-29 09:06:13.640949 - INFO - Nó ativo: i|1|t|2020-04-29 09:06:13.640925
2020-04-29 09:11:01.814177 - INFO - Nó ativo: i|3|t|2020-04-29 09:11:01.814126
2020-04-29 09:11:08.648790 - INFO - Nó ativo: i|2|t|2020-04-29 09:11:08.648778
2020-04-29 09:11:14.827852 - INFO - Nó ativo: i|1|t|2020-04-29 09:11:14.827803
2020-04-29 09:16:01.819431 - INFO - Nó ativo: i|3|t|2020-04-29 09:16:01.819378
2020-04-29 09:16:08.569171 - INFO - Nó ativo: i|2|t|2020-04-29 09:16:08.569116
2020-04-29 09:16:14.830440 - INFO - Nó ativo: i|1|t|2020-04-29 09:16:14.830386
2020-04-29 09:21:01.820672 - INFO - Nó ativo: i|3|t|2020-04-29 09:21:01.820603
2020-04-29 09:21:08.654056 - INFO - Nó ativo: i|2|t|2020-04-29 09:21:08.653983
2020-04-29 09:21:14.755032 - INFO - Nó ativo: i|1|t|2020-04-29 09:21:14.755006
2020-04-29 09:26:01.774868 - INFO - Nó ativo: i|3|t|2020-04-29 09:26:01.774814
2020-04-29 09:26:08.657904 - INFO - Nó ativo: i|2|t|2020-04-29 09:26:08.657848
2020-04-29 09:26:14.826212 - INFO - Nó ativo: i|1|t|2020-04-29 09:26:14.826149
2020-04-29 09:29:06.308689 - INFO - Monitoramento Iniciado.
2020-04-29 09:29:06.308692 - INFO - Monitoramento Iniciado.
2020-04-29 09:29:06.310157 - INFO - Monitoramento Iniciado.
2020-04-29 09:29:35.315165 - INFO - Ausencia detectada!
2020-04-29 09:29:35.315830 - INFO - Ausencia detectada!
2020-04-29 09:29:35.316493 - INFO - Ausencia detectada!
2020-04-29 09:29:35.316942 - INFO - Publicando: i|1|t|2020-04-29 09:29:35.315137
2020-04-29 09:29:35.317673 - INFO - Publicando: i|2|t|2020-04-29 09:29:35.315804
2020-04-29 09:29:35.318077 - INFO - Publicando: i|3|t|2020-04-29 09:29:35.316466
2020-04-29 09:30:05.320490 - INFO - Ausencia detectada!
2020-04-29 09:30:05.320196 - INFO - Ausencia detectada!
2020-04-29 09:30:05.320150 - INFO - Ausencia detectada!
2020-04-29 09:30:05.322103 - INFO - Publicando: i|3|t|2020-04-29 09:30:05.320463
2020-04-29 09:30:05.322280 - INFO - Publicando: i|2|t|2020-04-29 09:30:05.320174
2020-04-29 09:30:05.322278 - INFO - Publicando: i|1|t|2020-04-29 09:30:05.320124
2020-04-29 09:30:35.324504 - INFO - Ausencia detectada!
2020-04-29 09:30:35.324499 - INFO - Ausencia detectada!
2020-04-29 09:30:35.324444 - INFO - Ausencia detectada!
2020-04-29 09:30:35.326251 - INFO - Publicando: i|2|t|2020-04-29 09:30:35.324478
2020-04-29 09:30:35.326790 - INFO - Publicando: i|3|t|2020-04-29 09:30:35.324413
2020-04-29 09:30:35.326741 - INFO - Publicando: i|1|t|2020-04-29 09:30:35.324474
2020-04-29 09:31:01.841706 - INFO - Nó ativo: i|3|t|2020-04-29 09:31:01.841663
2020-04-29 09:31:05.329038 - INFO - Ausencia detectada!
2020-04-29 09:31:05.329820 - INFO - Ausencia detectada!
2020-04-29 09:31:05.329659 - INFO - Ausencia detectada!
2020-04-29 09:31:05.330911 - INFO - Publicando: i|2|t|2020-04-29 09:31:05.329006
2020-04-29 09:31:05.331486 - INFO - Publicando: i|3|t|2020-04-29 09:31:05.329632
2020-04-29 09:31:05.331418 - INFO - Publicando: i|1|t|2020-04-29 09:31:05.329795
2020-04-29 09:31:08.673897 - INFO - Nó ativo: i|2|t|2020-04-29 09:31:08.673875
2020-04-29 09:31:14.839602 - INFO - Nó ativo: i|1|t|2020-04-29 09:31:14.839581
2020-04-29 09:31:35.334019 - INFO - Ausencia detectada!
2020-04-29 09:31:35.334190 - INFO - Ausencia detectada!
2020-04-29 09:31:35.334016 - INFO - Ausencia detectada!
2020-04-29 09:31:35.335896 - INFO - Publicando: i|3|t|2020-04-29 09:31:35.334160
2020-04-29 09:31:35.335890 - INFO - Publicando: i|1|t|2020-04-29 09:31:35.333977
2020-04-29 09:31:35.336040 - INFO - Publicando: i|2|t|2020-04-29 09:31:35.333978
2020-04-29 09:32:05.338992 - INFO - Ausencia detectada!
2020-04-29 09:32:05.338761 - INFO - Ausencia detectada!
2020-04-29 09:32:05.338911 - INFO - Ausencia detectada!
2020-04-29 09:32:05.340592 - INFO - Publicando: i|2|t|2020-04-29 09:32:05.338967
2020-04-29 09:32:05.340715 - INFO - Publicando: i|1|t|2020-04-29 09:32:05.338889
2020-04-29 09:32:05.340681 - INFO - Publicando: i|3|t|2020-04-29 09:32:05.338732
2020-04-29 09:32:35.342685 - INFO - Ausencia detectada!
2020-04-29 09:32:35.343391 - INFO - Ausencia detectada!
2020-04-29 09:32:35.343727 - INFO - Ausencia detectada!
2020-04-29 09:32:35.344676 - INFO - Publicando: i|1|t|2020-04-29 09:32:35.342656
2020-04-29 09:32:35.345347 - INFO - Publicando: i|2|t|2020-04-29 09:32:35.343365
2020-04-29 09:32:35.345531 - INFO - Publicando: i|3|t|2020-04-29 09:32:35.343701
2020-04-29 09:33:05.347832 - INFO - Ausencia detectada!
2020-04-29 09:33:05.347911 - INFO - Ausencia detectada!
2020-04-29 09:33:05.348431 - INFO - Ausencia detectada!
2020-04-29 09:33:05.350022 - INFO - Publicando: i|3|t|2020-04-29 09:33:05.347886
2020-04-29 09:33:05.350070 - INFO - Publicando: i|2|t|2020-04-29 09:33:05.348407
2020-04-29 09:33:05.350020 - INFO - Publicando: i|1|t|2020-04-29 09:33:05.347803
2020-04-29 09:33:35.352696 - INFO - Ausencia detectada!
2020-04-29 09:33:35.352695 - INFO - Ausencia detectada!
2020-04-29 09:33:35.352702 - INFO - Ausencia detectada!
2020-04-29 09:33:35.354421 - INFO - Publicando: i|2|t|2020-04-29 09:33:35.352671
2020-04-29 09:33:35.354770 - INFO - Publicando: i|1|t|2020-04-29 09:33:35.352663
2020-04-29 09:33:35.354756 - INFO - Publicando: i|3|t|2020-04-29 09:33:35.352677
2020-04-29 09:34:05.357650 - INFO - Ausencia detectada!
2020-04-29 09:34:05.357655 - INFO - Ausencia detectada!
2020-04-29 09:34:05.357654 - INFO - Ausencia detectada!
2020-04-29 09:34:05.359434 - INFO - Publicando: i|1|t|2020-04-29 09:34:05.357620
2020-04-29 09:34:05.359692 - INFO - Publicando: i|3|t|2020-04-29 09:34:05.357629
2020-04-29 09:34:05.359699 - INFO - Publicando: i|2|t|2020-04-29 09:34:05.357628
2020-04-29 09:34:35.362295 - INFO - Ausencia detectada!
2020-04-29 09:34:35.362760 - INFO - Ausencia detectada!
2020-04-29 09:34:35.363195 - INFO - Ausencia detectada!
2020-04-29 09:34:35.364070 - INFO - Publicando: i|1|t|2020-04-29 09:34:35.362264
2020-04-29 09:34:35.364510 - INFO - Publicando: i|3|t|2020-04-29 09:34:35.362737
2020-04-29 09:34:35.365016 - INFO - Publicando: i|2|t|2020-04-29 09:34:35.363170
2020-04-29 09:35:05.366646 - INFO - Ausencia detectada!
2020-04-29 09:35:05.367502 - INFO - Ausencia detectada!
2020-04-29 09:35:05.368186 - INFO - Ausencia detectada!
2020-04-29 09:35:05.368307 - INFO - Publicando: i|1|t|2020-04-29 09:35:05.366617
2020-04-29 09:35:05.369053 - INFO - Publicando: i|3|t|2020-04-29 09:35:05.367479
2020-04-29 09:35:05.369725 - INFO - Publicando: i|2|t|2020-04-29 09:35:05.368163
2020-04-29 09:35:35.371510 - INFO - Ausencia detectada!
2020-04-29 09:35:35.371873 - INFO - Ausencia detectada!
2020-04-29 09:35:35.372601 - INFO - Ausencia detectada!
2020-04-29 09:35:35.373343 - INFO - Publicando: i|1|t|2020-04-29 09:35:35.371481
2020-04-29 09:35:35.373457 - INFO - Publicando: i|3|t|2020-04-29 09:35:35.371847
2020-04-29 09:35:35.374332 - INFO - Publicando: i|2|t|2020-04-29 09:35:35.372577
2020-04-29 09:36:01.849673 - INFO - Nó ativo: i|3|t|2020-04-29 09:36:01.849652
2020-04-29 09:36:05.376576 - INFO - Ausencia detectada!
2020-04-29 09:36:05.376734 - INFO - Ausencia detectada!
2020-04-29 09:36:05.377350 - INFO - Ausencia detectada!
2020-04-29 09:36:05.378366 - INFO - Publicando: i|3|t|2020-04-29 09:36:05.376545
2020-04-29 09:36:05.378383 - INFO - Publicando: i|1|t|2020-04-29 09:36:05.376710
2020-04-29 09:36:05.379148 - INFO - Publicando: i|2|t|2020-04-29 09:36:05.377327
2020-04-29 09:36:08.683958 - INFO - Nó ativo: i|2|t|2020-04-29 09:36:08.683936
2020-04-29 09:36:14.853741 - INFO - Nó ativo: i|1|t|2020-04-29 09:36:14.853720
2020-04-29 09:36:35.380852 - INFO - Ausencia detectada!
2020-04-29 09:36:35.381541 - INFO - Ausencia detectada!
2020-04-29 09:36:35.382296 - INFO - Ausencia detectada!
2020-04-29 09:36:35.382575 - INFO - Publicando: i|3|t|2020-04-29 09:36:35.380821
2020-04-29 09:36:35.383306 - INFO - Publicando: i|1|t|2020-04-29 09:36:35.381517
2020-04-29 09:36:35.384399 - INFO - Publicando: i|2|t|2020-04-29 09:36:35.382273
2020-04-29 09:37:05.385821 - INFO - Ausencia detectada!
2020-04-29 09:37:05.386018 - INFO - Ausencia detectada!
2020-04-29 09:37:05.387375 - INFO - Ausencia detectada!
2020-04-29 09:37:05.387921 - INFO - Publicando: i|1|t|2020-04-29 09:37:05.385993
2020-04-29 09:37:05.387906 - INFO - Publicando: i|3|t|2020-04-29 09:37:05.385789
2020-04-29 09:37:05.389101 - INFO - Publicando: i|2|t|2020-04-29 09:37:05.387351
2020-04-29 09:37:35.391181 - INFO - Ausencia detectada!
2020-04-29 09:37:35.391181 - INFO - Ausencia detectada!
2020-04-29 09:37:35.391877 - INFO - Ausencia detectada!
2020-04-29 09:37:35.393362 - INFO - Publicando: i|1|t|2020-04-29 09:37:35.391150
2020-04-29 09:37:35.393362 - INFO - Publicando: i|3|t|2020-04-29 09:37:35.391154
2020-04-29 09:37:35.393535 - INFO - Publicando: i|2|t|2020-04-29 09:37:35.391853
2020-04-29 09:38:05.396569 - INFO - Ausencia detectada!
2020-04-29 09:38:05.396719 - INFO - Ausencia detectada!
2020-04-29 09:38:05.396570 - INFO - Ausencia detectada!
2020-04-29 09:38:05.398792 - INFO - Publicando: i|2|t|2020-04-29 09:38:05.396689
2020-04-29 09:38:05.398653 - INFO - Publicando: i|1|t|2020-04-29 09:38:05.396520
2020-04-29 09:38:05.399309 - INFO - Publicando: i|3|t|2020-04-29 09:38:05.396526
2020-04-29 09:38:35.401909 - INFO - Ausencia detectada!
2020-04-29 09:38:35.401523 - INFO - Ausencia detectada!
2020-04-29 09:38:35.401740 - INFO - Ausencia detectada!
2020-04-29 09:38:35.403450 - INFO - Publicando: i|1|t|2020-04-29 09:38:35.401887
2020-04-29 09:38:35.403523 - INFO - Publicando: i|3|t|2020-04-29 09:38:35.401717
2020-04-29 09:38:35.403504 - INFO - Publicando: i|2|t|2020-04-29 09:38:35.401497
2020-04-29 09:39:05.406525 - INFO - Ausencia detectada!
2020-04-29 09:39:05.406526 - INFO - Ausencia detectada!
2020-04-29 09:39:05.406961 - INFO - Ausencia detectada!
2020-04-29 09:39:05.408186 - INFO - Publicando: i|3|t|2020-04-29 09:39:05.406495
2020-04-29 09:39:05.408357 - INFO - Publicando: i|1|t|2020-04-29 09:39:05.406496
2020-04-29 09:39:05.409404 - INFO - Publicando: i|2|t|2020-04-29 09:39:05.406938
2020-04-29 09:39:35.411417 - INFO - Ausencia detectada!
2020-04-29 09:39:35.411220 - INFO - Ausencia detectada!
2020-04-29 09:39:35.411119 - INFO - Ausencia detectada!
2020-04-29 09:39:35.413178 - INFO - Publicando: i|2|t|2020-04-29 09:39:35.411394
2020-04-29 09:39:35.413258 - INFO - Publicando: i|3|t|2020-04-29 09:39:35.411087
2020-04-29 09:39:35.413258 - INFO - Publicando: i|1|t|2020-04-29 09:39:35.411195
2020-04-29 09:40:05.416367 - INFO - Ausencia detectada!
2020-04-29 09:40:05.416264 - INFO - Ausencia detectada!
2020-04-29 09:40:05.416246 - INFO - Ausencia detectada!
2020-04-29 09:40:05.418258 - INFO - Publicando: i|1|t|2020-04-29 09:40:05.416335
2020-04-29 09:40:05.418612 - INFO - Publicando: i|3|t|2020-04-29 09:40:05.416205
2020-04-29 09:40:05.418499 - INFO - Publicando: i|2|t|2020-04-29 09:40:05.416239
2020-04-29 09:40:35.420844 - INFO - Ausencia detectada!
2020-04-29 09:40:35.421073 - INFO - Ausencia detectada!
2020-04-29 09:40:35.421842 - INFO - Ausencia detectada!
2020-04-29 09:40:35.422915 - INFO - Publicando: i|3|t|2020-04-29 09:40:35.420813
2020-04-29 09:40:35.423080 - INFO - Publicando: i|1|t|2020-04-29 09:40:35.421050
2020-04-29 09:40:35.423516 - INFO - Publicando: i|2|t|2020-04-29 09:40:35.421818
2020-04-29 09:41:01.869678 - INFO - Nó ativo: i|3|t|2020-04-29 09:41:01.869658
2020-04-29 09:41:05.425643 - INFO - Ausencia detectada!
2020-04-29 09:41:05.426219 - INFO - Ausencia detectada!
2020-04-29 09:41:05.426267 - INFO - Ausencia detectada!
2020-04-29 09:41:05.427842 - INFO - Publicando: i|3|t|2020-04-29 09:41:05.425600
2020-04-29 09:41:05.428261 - INFO - Publicando: i|2|t|2020-04-29 09:41:05.426242
2020-04-29 09:41:05.428241 - INFO - Publicando: i|1|t|2020-04-29 09:41:05.426189
2020-04-29 09:41:08.684278 - INFO - Nó ativo: i|2|t|2020-04-29 09:41:08.684256
2020-04-29 09:41:14.857688 - INFO - Nó ativo: i|1|t|2020-04-29 09:41:14.857660
2020-04-29 09:41:35.430989 - INFO - Ausencia detectada!
2020-04-29 09:41:35.430991 - INFO - Ausencia detectada!
2020-04-29 09:41:35.431243 - INFO - Ausencia detectada!
2020-04-29 09:41:35.432773 - INFO - Publicando: i|1|t|2020-04-29 09:41:35.431219
2020-04-29 09:41:35.432617 - INFO - Publicando: i|3|t|2020-04-29 09:41:35.430959
2020-04-29 09:41:35.432632 - INFO - Publicando: i|2|t|2020-04-29 09:41:35.430969
2020-04-29 09:42:05.436039 - INFO - Ausencia detectada!
2020-04-29 09:42:05.436043 - INFO - Ausencia detectada!
2020-04-29 09:42:05.436038 - INFO - Ausencia detectada!
2020-04-29 09:42:05.437660 - INFO - Publicando: i|2|t|2020-04-29 09:42:05.436017
2020-04-29 09:42:05.437891 - INFO - Publicando: i|3|t|2020-04-29 09:42:05.436020
2020-04-29 09:42:05.437965 - INFO - Publicando: i|1|t|2020-04-29 09:42:05.436010
2020-04-29 09:42:35.440700 - INFO - Ausencia detectada!
2020-04-29 09:42:35.440699 - INFO - Ausencia detectada!
2020-04-29 09:42:35.440860 - INFO - Ausencia detectada!
2020-04-29 09:42:35.442512 - INFO - Publicando: i|1|t|2020-04-29 09:42:35.440671
2020-04-29 09:42:35.442512 - INFO - Publicando: i|2|t|2020-04-29 09:42:35.440676
2020-04-29 09:42:35.442524 - INFO - Publicando: i|3|t|2020-04-29 09:42:35.440832
2020-04-29 09:43:05.444433 - INFO - Ausencia detectada!
2020-04-29 09:43:05.444439 - INFO - Ausencia detectada!
2020-04-29 09:43:05.445523 - INFO - Ausencia detectada!
2020-04-29 09:43:05.446708 - INFO - Publicando: i|1|t|2020-04-29 09:43:05.444401
2020-04-29 09:43:05.446718 - INFO - Publicando: i|2|t|2020-04-29 09:43:05.444415
2020-04-29 09:43:05.447543 - INFO - Publicando: i|3|t|2020-04-29 09:43:05.445497
2020-04-29 09:43:35.449589 - INFO - Ausencia detectada!
2020-04-29 09:43:35.449589 - INFO - Ausencia detectada!
2020-04-29 09:43:35.450938 - INFO - Ausencia detectada!
2020-04-29 09:43:35.451807 - INFO - Publicando: i|1|t|2020-04-29 09:43:35.449555
2020-04-29 09:43:35.452728 - INFO - Publicando: i|2|t|2020-04-29 09:43:35.449562
2020-04-29 09:43:35.453031 - INFO - Publicando: i|3|t|2020-04-29 09:43:35.450910
2020-04-29 09:44:05.454742 - INFO - Ausencia detectada!
2020-04-29 09:44:05.456453 - INFO - Publicando: i|1|t|2020-04-29 09:44:05.454712
2020-04-29 09:44:05.456303 - INFO - Ausencia detectada!
2020-04-29 09:44:05.456357 - INFO - Ausencia detectada!
2020-04-29 09:44:05.458429 - INFO - Publicando: i|3|t|2020-04-29 09:44:05.456320
2020-04-29 09:44:05.458066 - INFO - Publicando: i|2|t|2020-04-29 09:44:05.456279
2020-04-29 09:44:35.459412 - INFO - Ausencia detectada!
2020-04-29 09:44:35.461191 - INFO - Publicando: i|1|t|2020-04-29 09:44:35.459367
2020-04-29 09:44:35.461723 - INFO - Ausencia detectada!
2020-04-29 09:44:35.462312 - INFO - Ausencia detectada!
2020-04-29 09:44:35.464075 - INFO - Publicando: i|2|t|2020-04-29 09:44:35.462289
2020-04-29 09:44:35.464030 - INFO - Publicando: i|3|t|2020-04-29 09:44:35.461700
2020-04-29 09:45:05.464057 - INFO - Ausencia detectada!
2020-04-29 09:45:05.465687 - INFO - Publicando: i|1|t|2020-04-29 09:45:05.464028
2020-04-29 09:45:05.467496 - INFO - Ausencia detectada!
2020-04-29 09:45:05.467505 - INFO - Ausencia detectada!
2020-04-29 09:45:05.469804 - INFO - Publicando: i|2|t|2020-04-29 09:45:05.467477
2020-04-29 09:45:05.469375 - INFO - Publicando: i|3|t|2020-04-29 09:45:05.467469
2020-04-29 09:45:06.468424 - INFO - Monitoramento finalizado.
2020-04-29 09:45:06.472499 - INFO - Monitoramento finalizado.
2020-04-29 09:45:06.472490 - INFO - Monitoramento finalizado.
2020-04-29 09:46:01.831282 - INFO - Nó ativo: i|3|t|2020-04-29 09:46:01.831220
2020-04-29 09:46:08.663253 - INFO - Nó ativo: i|2|t|2020-04-29 09:46:08.663196
2020-04-29 09:46:14.819160 - INFO - Nó ativo: i|1|t|2020-04-29 09:46:14.819101
2020-04-29 09:49:59.685468 - INFO - Monitoramento Iniciado.
2020-04-29 09:49:59.685368 - INFO - Monitoramento Iniciado.
2020-04-29 09:49:59.685436 - INFO - Monitoramento Iniciado.
2020-04-29 09:50:28.689873 - INFO - Ausencia detectada!
2020-04-29 09:50:28.690173 - INFO - Ausencia detectada!
2020-04-29 09:50:28.691365 - INFO - Ausencia detectada!
2020-04-29 09:50:28.691641 - INFO - Publicando: i|2|t|2020-04-29 09:50:28.689841
2020-04-29 09:50:28.692351 - INFO - Publicando: i|1|t|2020-04-29 09:50:28.690145
2020-04-29 09:50:28.693095 - INFO - Publicando: i|3|t|2020-04-29 09:50:28.691336
2020-04-29 09:50:58.694901 - INFO - Ausencia detectada!
2020-04-29 09:50:58.694868 - INFO - Ausencia detectada!
2020-04-29 09:50:58.695760 - INFO - Ausencia detectada!
2020-04-29 09:50:58.696635 - INFO - Publicando: i|1|t|2020-04-29 09:50:58.694876
2020-04-29 09:50:58.696627 - INFO - Publicando: i|2|t|2020-04-29 09:50:58.694840
2020-04-29 09:50:58.697713 - INFO - Publicando: i|3|t|2020-04-29 09:50:58.695732
2020-04-29 09:51:01.812533 - INFO - Nó ativo: i|3|t|2020-04-29 09:51:01.812511
2020-04-29 09:51:08.672580 - INFO - Nó ativo: i|2|t|2020-04-29 09:51:08.672560
2020-04-29 09:51:14.849707 - INFO - Nó ativo: i|1|t|2020-04-29 09:51:14.849685
2020-04-29 09:51:28.699770 - INFO - Ausencia detectada!
2020-04-29 09:51:28.699558 - INFO - Ausencia detectada!
2020-04-29 09:51:28.699557 - INFO - Ausencia detectada!
2020-04-29 09:51:28.701474 - INFO - Publicando: i|3|t|2020-04-29 09:51:28.699746
2020-04-29 09:51:28.701837 - INFO - Publicando: i|1|t|2020-04-29 09:51:28.699529
2020-04-29 09:51:28.701836 - INFO - Publicando: i|2|t|2020-04-29 09:51:28.699537
2020-04-29 09:51:58.705097 - INFO - Ausencia detectada!
2020-04-29 09:51:58.704615 - INFO - Ausencia detectada!
2020-04-29 09:51:58.704621 - INFO - Ausencia detectada!
2020-04-29 09:51:58.706745 - INFO - Publicando: i|2|t|2020-04-29 09:51:58.705074
2020-04-29 09:51:58.706828 - INFO - Publicando: i|3|t|2020-04-29 09:51:58.704597
2020-04-29 09:51:58.706828 - INFO - Publicando: i|1|t|2020-04-29 09:51:58.704590
2020-04-29 09:52:03.828832 - INFO - Monitoramento finalizado.
2020-04-29 09:52:03.833921 - INFO - Monitoramento finalizado.
2020-04-29 09:52:03.833909 - INFO - Monitoramento finalizado.
2020-04-29 09:56:01.824211 - INFO - Nó ativo: i|3|t|2020-04-29 09:56:01.824146
2020-04-29 09:56:08.658854 - INFO - Nó ativo: i|2|t|2020-04-29 09:56:08.658828
2020-04-29 09:56:14.839242 - INFO - Nó ativo: i|1|t|2020-04-29 09:56:14.839181
2020-04-29 09:59:25.334291 - INFO - Monitoramento Iniciado.
2020-04-29 09:59:25.335140 - INFO - Monitoramento Iniciado.
2020-04-29 09:59:25.334213 - INFO - Monitoramento Iniciado.
2020-04-29 09:59:54.342517 - INFO - Ausencia detectada!
2020-04-29 09:59:54.342805 - INFO - Ausencia detectada!
2020-04-29 09:59:54.344237 - INFO - Publicando: i|2|t|2020-04-29 09:59:54.342488
2020-04-29 09:59:54.344367 - INFO - Publicando: i|3|t|2020-04-29 09:59:54.342775
2020-04-29 09:59:54.347238 - INFO - Ausencia detectada!
2020-04-29 09:59:54.349197 - INFO - Publicando: i|1|t|2020-04-29 09:59:54.347210
2020-04-29 10:00:24.347735 - INFO - Ausencia detectada!
2020-04-29 10:00:24.347734 - INFO - Ausencia detectada!
2020-04-29 10:00:24.349821 - INFO - Publicando: i|2|t|2020-04-29 10:00:24.347707
2020-04-29 10:00:24.349832 - INFO - Publicando: i|3|t|2020-04-29 10:00:24.347705
2020-04-29 10:00:24.352243 - INFO - Ausencia detectada!
2020-04-29 10:00:24.353946 - INFO - Publicando: i|1|t|2020-04-29 10:00:24.352214
2020-04-29 10:00:32.279187 - INFO - Subscribing to topic /4jggokgpepnvsb2uv4s40d59ov/relogio01/attrs...
2020-04-29 10:00:32.280768 - INFO - Nó ativo: i|1|t|2020-04-29 10:00:32.280740
2020-04-29 10:00:38.244280 - INFO - Subscribing to topic /4jggokgpepnvsb2uv4s40d59ov/relogio01/attrs...
2020-04-29 10:00:38.245738 - INFO - Nó ativo: i|2|t|2020-04-29 10:00:38.245714
2020-04-29 10:00:43.543172 - INFO - Subscribing to topic /4jggokgpepnvsb2uv4s40d59ov/relogio01/attrs...
2020-04-29 10:00:43.544569 - INFO - Nó ativo: i|3|t|2020-04-29 10:00:43.544553
2020-04-29 10:05:33.352052 - INFO - Nó ativo: i|1|t|2020-04-29 10:05:33.352009
2020-04-29 10:05:39.398279 - INFO - Nó ativo: i|2|t|2020-04-29 10:05:39.398235
2020-04-29 10:05:44.651833 - INFO - Nó ativo: i|3|t|2020-04-29 10:05:44.651787
2020-04-29 10:09:25.555303 - INFO - Monitoramento Iniciado.
2020-04-29 10:09:25.555043 - INFO - Monitoramento Iniciado.
2020-04-29 10:09:25.555729 - INFO - Monitoramento Iniciado.
2020-04-29 10:10:33.460809 - INFO - Nó ativo: i|1|t|2020-04-29 10:10:33.460789
2020-04-29 10:10:39.416647 - INFO - Nó ativo: i|2|t|2020-04-29 10:10:39.416625
2020-04-29 10:10:44.754029 - INFO - Nó ativo: i|3|t|2020-04-29 10:10:44.754009
2020-04-29 10:15:33.473401 - INFO - Nó ativo: i|1|t|2020-04-29 10:15:33.473374
2020-04-29 10:15:39.341903 - INFO - Nó ativo: i|2|t|2020-04-29 10:15:39.341884
2020-04-29 10:15:44.766781 - INFO - Nó ativo: i|3|t|2020-04-29 10:15:44.766764
2020-04-29 10:20:33.454289 - INFO - Nó ativo: i|1|t|2020-04-29 10:20:33.454271
2020-04-29 10:20:39.412245 - INFO - Nó ativo: i|2|t|2020-04-29 10:20:39.412227
2020-04-29 10:20:44.760253 - INFO - Nó ativo: i|3|t|2020-04-29 10:20:44.760236
2020-04-29 10:25:00.158228 - INFO - Monitoramento finalizado.
2020-04-29 10:25:00.158227 - INFO - Monitoramento finalizado.
2020-04-29 10:25:00.158227 - INFO - Monitoramento finalizado.
2020-04-29 10:25:27.853321 - INFO - Subscribing to topic /4jggokgpepnvsb2uv4s40d59ov/relogio01/attrs...
2020-04-29 10:25:27.854749 - INFO - Nó ativo: i|3|t|2020-04-29 10:25:27.854727
2020-04-29 10:25:33.459534 - INFO - Nó ativo: i|1|t|2020-04-29 10:25:33.459472
2020-04-29 10:25:35.633390 - INFO - Subscribing to topic /4jggokgpepnvsb2uv4s40d59ov/relogio01/attrs...
2020-04-29 10:25:35.634728 - INFO - Nó ativo: i|2|t|2020-04-29 10:25:35.634707
2020-04-29 10:29:25.523693 - INFO - Monitoramento Iniciado.
2020-04-29 10:29:25.536778 - INFO - Monitoramento Iniciado.
2020-04-29 10:29:25.536668 - INFO - Monitoramento Iniciado.
2020-04-29 10:29:54.541723 - INFO - Ausencia detectada!
2020-04-29 10:29:54.543337 - INFO - Publicando: i|2|t|2020-04-29 10:29:54.541692
2020-04-29 10:29:54.546194 - INFO - Ausencia detectada!
2020-04-29 10:29:54.547868 - INFO - Publicando: i|3|t|2020-04-29 10:29:54.546165
2020-04-29 10:30:24.546125 - INFO - Ausencia detectada!
2020-04-29 10:30:24.547794 - INFO - Publicando: i|2|t|2020-04-29 10:30:24.546091
2020-04-29 10:30:24.550794 - INFO - Ausencia detectada!
2020-04-29 10:30:24.552476 - INFO - Publicando: i|3|t|2020-04-29 10:30:24.550766
2020-04-29 10:30:29.074038 - INFO - Nó ativo: i|3|t|2020-04-29 10:30:29.074016
2020-04-29 10:30:33.473834 - INFO - Nó ativo: i|1|t|2020-04-29 10:30:33.473813
2020-04-29 10:30:36.836496 - INFO - Nó ativo: i|2|t|2020-04-29 10:30:36.836476
2020-04-29 10:30:54.550414 - INFO - Ausencia detectada!
2020-04-29 10:30:54.552090 - INFO - Publicando: i|2|t|2020-04-29 10:30:54.550386
2020-04-29 10:30:54.555355 - INFO - Ausencia detectada!
2020-04-29 10:30:54.557035 - INFO - Publicando: i|3|t|2020-04-29 10:30:54.555327
2020-04-29 10:31:24.554927 - INFO - Ausencia detectada!
2020-04-29 10:31:24.556869 - INFO - Publicando: i|2|t|2020-04-29 10:31:24.554889
2020-04-29 10:31:24.559730 - INFO - Ausencia detectada!
2020-04-29 10:31:24.561638 - INFO - Publicando: i|3|t|2020-04-29 10:31:24.559699
2020-04-29 10:31:54.559482 - INFO - Ausencia detectada!
2020-04-29 10:31:54.561126 - INFO - Publicando: i|2|t|2020-04-29 10:31:54.559450
2020-04-29 10:31:54.564407 - INFO - Ausencia detectada!
2020-04-29 10:31:54.565922 - INFO - Publicando: i|3|t|2020-04-29 10:31:54.564374
2020-04-29 10:32:15.993276 - INFO - Subscribing to topic /4jggokgpepnvsb2uv4s40d59ov/relogio01/attrs...
2020-04-29 10:32:15.995297 - INFO - Nó ativo: i|2|t|2020-04-29 10:32:15.995267
2020-04-29 10:32:24.568399 - INFO - Ausencia detectada!
2020-04-29 10:32:24.569891 - INFO - Publicando: i|3|t|2020-04-29 10:32:24.568372
2020-04-29 10:32:36.555833 - INFO - Subscribing to topic /4jggokgpepnvsb2uv4s40d59ov/relogio01/attrs...
2020-04-29 10:32:36.557411 - INFO - Nó ativo: i|1|t|2020-04-29 10:32:36.557393
2020-04-29 10:32:43.684686 - INFO - Subscribing to topic /4jggokgpepnvsb2uv4s40d59ov/relogio01/attrs...
2020-04-29 10:32:43.686129 - INFO - Nó ativo: i|3|t|2020-04-29 10:32:43.686114
2020-04-29 10:33:45.329444 - INFO - Subscribing to topic /4jggokgpepnvsb2uv4s40d59ov/relogio01/attrs...
2020-04-29 10:33:45.330757 - INFO - Nó ativo: i|1|t|2020-04-29 10:33:45.330736
2020-04-29 10:37:17.094441 - INFO - Nó ativo: i|2|t|2020-04-29 10:37:17.094392
2020-04-29 10:37:44.883980 - INFO - Nó ativo: i|3|t|2020-04-29 10:37:44.883931
2020-04-29 10:38:46.510058 - INFO - Nó ativo: i|1|t|2020-04-29 10:38:46.510011
2020-04-29 10:42:17.176306 - INFO - Nó ativo: i|2|t|2020-04-29 10:42:17.176252
2020-04-29 10:42:44.890391 - INFO - Nó ativo: i|3|t|2020-04-29 10:42:44.890339
2020-04-29 10:43:46.518135 - INFO - Nó ativo: i|1|t|2020-04-29 10:43:46.518082
2020-04-29 10:47:17.178218 - INFO - Nó ativo: i|2|t|2020-04-29 10:47:17.178159
2020-04-29 10:47:44.889723 - INFO - Nó ativo: i|3|t|2020-04-29 10:47:44.889671
2020-04-29 10:48:46.519644 - INFO - Nó ativo: i|1|t|2020-04-29 10:48:46.519591
2020-04-29 10:52:17.152060 - INFO - Nó ativo: i|2|t|2020-04-29 10:52:17.152004
2020-04-29 10:52:44.890436 - INFO - Nó ativo: i|3|t|2020-04-29 10:52:44.890379
2020-04-29 10:53:46.446286 - INFO - Nó ativo: i|1|t|2020-04-29 10:53:46.446233
2020-04-29 10:57:17.178097 - INFO - Nó ativo: i|2|t|2020-04-29 10:57:17.178043
2020-04-29 10:57:44.888380 - INFO - Nó ativo: i|3|t|2020-04-29 10:57:44.888294
2020-04-29 10:58:46.517925 - INFO - Nó ativo: i|1|t|2020-04-29 10:58:46.517852
2020-04-29 10:59:25.570425 - INFO - Monitoramento Iniciado.
2020-04-29 10:59:25.571923 - INFO - Monitoramento Iniciado.
2020-04-29 10:59:25.574013 - INFO - Monitoramento Iniciado.
2020-04-29 10:59:54.575485 - INFO - Ausencia detectada!
2020-04-29 10:59:54.576122 - INFO - Ausencia detectada!
2020-04-29 10:59:54.577120 - INFO - Publicando: i|1|t|2020-04-29 10:59:54.575454
2020-04-29 10:59:54.577660 - INFO - Publicando: i|3|t|2020-04-29 10:59:54.576095
2020-04-29 10:59:54.578226 - INFO - Ausencia detectada!
2020-04-29 10:59:54.580227 - INFO - Publicando: i|2|t|2020-04-29 10:59:54.578197
2020-04-29 11:00:24.580405 - INFO - Ausencia detectada!
2020-04-29 11:00:24.580679 - INFO - Ausencia detectada!
2020-04-29 11:00:24.582147 - INFO - Publicando: i|1|t|2020-04-29 11:00:24.580373
2020-04-29 11:00:24.582269 - INFO - Publicando: i|3|t|2020-04-29 11:00:24.580654
2020-04-29 11:00:24.583345 - INFO - Ausencia detectada!
2020-04-29 11:00:24.585774 - INFO - Publicando: i|2|t|2020-04-29 11:00:24.583314
2020-04-29 11:00:54.584898 - INFO - Ausencia detectada!
2020-04-29 11:00:54.585131 - INFO - Ausencia detectada!
2020-04-29 11:00:54.586653 - INFO - Publicando: i|1|t|2020-04-29 11:00:54.584865
2020-04-29 11:00:54.586705 - INFO - Publicando: i|3|t|2020-04-29 11:00:54.585105
2020-04-29 11:00:54.594262 - INFO - Ausencia detectada!
2020-04-29 11:00:54.596046 - INFO - Publicando: i|2|t|2020-04-29 11:00:54.594233
2020-04-29 11:01:24.588466 - INFO - Ausencia detectada!
2020-04-29 11:01:24.588465 - INFO - Ausencia detectada!
2020-04-29 11:01:24.590447 - INFO - Publicando: i|3|t|2020-04-29 11:01:24.588437
2020-04-29 11:01:24.590456 - INFO - Publicando: i|1|t|2020-04-29 11:01:24.588437
2020-04-29 11:01:24.599155 - INFO - Ausencia detectada!
2020-04-29 11:01:24.600922 - INFO - Publicando: i|2|t|2020-04-29 11:01:24.599126
2020-04-29 11:01:54.593029 - INFO - Ausencia detectada!
2020-04-29 11:01:54.593126 - INFO - Ausencia detectada!
2020-04-29 11:01:54.594786 - INFO - Publicando: i|1|t|2020-04-29 11:01:54.593000
2020-04-29 11:01:54.594793 - INFO - Publicando: i|3|t|2020-04-29 11:01:54.593102
2020-04-29 11:01:54.604014 - INFO - Ausencia detectada!
2020-04-29 11:01:54.605690 - INFO - Publicando: i|2|t|2020-04-29 11:01:54.603979
2020-04-29 11:02:17.186244 - INFO - Nó ativo: i|2|t|2020-04-29 11:02:17.186223
2020-04-29 11:02:24.597899 - INFO - Ausencia detectada!
2020-04-29 11:02:24.597904 - INFO - Ausencia detectada!
2020-04-29 11:02:24.599988 - INFO - Publicando: i|1|t|2020-04-29 11:02:24.597866
2020-04-29 11:02:24.600183 - INFO - Publicando: i|3|t|2020-04-29 11:02:24.597869
2020-04-29 11:02:24.608407 - INFO - Ausencia detectada!
2020-04-29 11:02:24.610521 - INFO - Publicando: i|2|t|2020-04-29 11:02:24.608376
2020-04-29 11:02:44.886622 - INFO - Nó ativo: i|3|t|2020-04-29 11:02:44.886601
2020-04-29 11:02:54.602596 - INFO - Ausencia detectada!
2020-04-29 11:02:54.603026 - INFO - Ausencia detectada!
2020-04-29 11:02:54.604573 - INFO - Publicando: i|1|t|2020-04-29 11:02:54.602564
2020-04-29 11:02:54.604869 - INFO - Publicando: i|3|t|2020-04-29 11:02:54.602998
2020-04-29 11:02:54.613575 - INFO - Ausencia detectada!
2020-04-29 11:02:54.615493 - INFO - Publicando: i|2|t|2020-04-29 11:02:54.613545
2020-04-29 11:03:24.607556 - INFO - Ausencia detectada!
2020-04-29 11:03:24.607337 - INFO - Ausencia detectada!
2020-04-29 11:03:24.609325 - INFO - Publicando: i|3|t|2020-04-29 11:03:24.607529
2020-04-29 11:03:24.609325 - INFO - Publicando: i|1|t|2020-04-29 11:03:24.607293
2020-04-29 11:03:24.618671 - INFO - Ausencia detectada!
2020-04-29 11:03:24.620852 - INFO - Publicando: i|2|t|2020-04-29 11:03:24.618638
2020-04-29 11:03:46.532654 - INFO - Nó ativo: i|1|t|2020-04-29 11:03:46.532627
2020-04-29 11:03:54.611930 - INFO - Ausencia detectada!
2020-04-29 11:03:54.611877 - INFO - Ausencia detectada!
2020-04-29 11:03:54.613629 - INFO - Publicando: i|1|t|2020-04-29 11:03:54.611908
2020-04-29 11:03:54.613714 - INFO - Publicando: i|3|t|2020-04-29 11:03:54.611847
2020-04-29 11:03:54.623765 - INFO - Ausencia detectada!
2020-04-29 11:03:54.625625 - INFO - Publicando: i|2|t|2020-04-29 11:03:54.623728
2020-04-29 11:04:24.615922 - INFO - Ausencia detectada!
2020-04-29 11:04:24.616452 - INFO - Ausencia detectada!
2020-04-29 11:04:24.617706 - INFO - Publicando: i|3|t|2020-04-29 11:04:24.615889
2020-04-29 11:04:24.618122 - INFO - Publicando: i|1|t|2020-04-29 11:04:24.616426
2020-04-29 11:04:24.628410 - INFO - Ausencia detectada!
2020-04-29 11:04:24.630081 - INFO - Publicando: i|2|t|2020-04-29 11:04:24.628374
2020-04-29 11:04:54.620883 - INFO - Ausencia detectada!
2020-04-29 11:04:54.620839 - INFO - Ausencia detectada!
2020-04-29 11:04:54.622545 - INFO - Publicando: i|3|t|2020-04-29 11:04:54.620808
2020-04-29 11:04:54.622566 - INFO - Publicando: i|1|t|2020-04-29 11:04:54.620857
2020-04-29 11:04:54.632409 - INFO - Ausencia detectada!
2020-04-29 11:04:54.634206 - INFO - Publicando: i|2|t|2020-04-29 11:04:54.632379
2020-04-29 11:05:24.625482 - INFO - Ausencia detectada!
2020-04-29 11:05:24.625221 - INFO - Ausencia detectada!
2020-04-29 11:05:24.627313 - INFO - Publicando: i|1|t|2020-04-29 11:05:24.625453
2020-04-29 11:05:24.627451 - INFO - Publicando: i|3|t|2020-04-29 11:05:24.625189
2020-04-29 11:05:24.636405 - INFO - Ausencia detectada!
2020-04-29 11:05:24.638598 - INFO - Publicando: i|2|t|2020-04-29 11:05:24.636365
2020-04-29 11:05:51.826432 - INFO - Subscribing to topic /4jggokgpepnvsb2uv4s40d59ov/relogio01/attrs...
2020-04-29 11:05:51.828089 - INFO - Nó ativo: i|1|t|2020-04-29 11:05:51.828055
2020-04-29 11:05:54.630614 - INFO - Ausencia detectada!
2020-04-29 11:05:54.632278 - INFO - Publicando: i|3|t|2020-04-29 11:05:54.630584
2020-04-29 11:05:54.641623 - INFO - Ausencia detectada!
2020-04-29 11:05:54.643077 - INFO - Publicando: i|2|t|2020-04-29 11:05:54.641595
2020-04-29 11:05:57.839107 - INFO - Subscribing to topic /4jggokgpepnvsb2uv4s40d59ov/relogio01/attrs...
2020-04-29 11:05:57.840551 - INFO - Nó ativo: i|2|t|2020-04-29 11:05:57.840528
2020-04-29 11:06:05.971680 - INFO - Subscribing to topic /4jggokgpepnvsb2uv4s40d59ov/relogio01/attrs...
2020-04-29 11:06:05.973003 - INFO - Nó ativo: i|3|t|2020-04-29 11:06:05.972985
2020-04-29 11:10:52.917217 - INFO - Nó ativo: i|1|t|2020-04-29 11:10:52.917167
2020-04-29 11:10:59.011643 - INFO - Nó ativo: i|2|t|2020-04-29 11:10:59.011591
2020-04-29 11:11:07.182025 - INFO - Nó ativo: i|3|t|2020-04-29 11:11:07.181976
2020-04-29 11:15:52.933188 - INFO - Nó ativo: i|1|t|2020-04-29 11:15:52.933133
2020-04-29 11:15:58.951943 - INFO - Nó ativo: i|2|t|2020-04-29 11:15:58.951891
2020-04-29 11:16:07.141125 - INFO - Nó ativo: i|3|t|2020-04-29 11:16:07.141105
2020-04-29 11:20:52.998068 - INFO - Nó ativo: i|1|t|2020-04-29 11:20:52.998014
2020-04-29 11:20:58.931106 - INFO - Nó ativo: i|2|t|2020-04-29 11:20:58.931052
2020-04-29 11:21:07.158771 - INFO - Nó ativo: i|3|t|2020-04-29 11:21:07.158717
2020-04-29 11:25:53.002537 - INFO - Nó ativo: i|1|t|2020-04-29 11:25:53.002464
2020-04-29 11:25:58.942163 - INFO - Nó ativo: i|2|t|2020-04-29 11:25:58.942109
2020-04-29 11:26:07.188737 - INFO - Nó ativo: i|3|t|2020-04-29 11:26:07.188682
2020-04-29 11:29:25.570761 - INFO - Monitoramento Iniciado.
2020-04-29 11:29:25.570757 - INFO - Monitoramento Iniciado.
2020-04-29 11:29:25.573222 - INFO - Monitoramento Iniciado.
2020-04-29 11:29:54.577767 - INFO - Ausencia detectada!
2020-04-29 11:29:54.579636 - INFO - Ausencia detectada!
2020-04-29 11:29:54.580252 - INFO - Publicando: i|1|t|2020-04-29 11:29:54.577725
2020-04-29 11:29:54.581604 - INFO - Publicando: i|2|t|2020-04-29 11:29:54.579609
2020-04-29 11:29:54.582251 - INFO - Ausencia detectada!
2020-04-29 11:29:54.585840 - INFO - Publicando: i|3|t|2020-04-29 11:29:54.582216
2020-04-29 11:30:24.583897 - INFO - Ausencia detectada!
2020-04-29 11:30:24.584647 - INFO - Ausencia detectada!
2020-04-29 11:30:24.585694 - INFO - Publicando: i|1|t|2020-04-29 11:30:24.583862
2020-04-29 11:30:24.586316 - INFO - Publicando: i|2|t|2020-04-29 11:30:24.584625
2020-04-29 11:30:24.588439 - INFO - Ausencia detectada!
2020-04-29 11:30:24.590607 - INFO - Publicando: i|3|t|2020-04-29 11:30:24.588416
2020-04-29 11:30:53.021868 - INFO - Nó ativo: i|1|t|2020-04-29 11:30:53.021848
2020-04-29 11:30:54.588479 - INFO - Ausencia detectada!
2020-04-29 11:30:54.588657 - INFO - Ausencia detectada!
2020-04-29 11:30:54.590467 - INFO - Publicando: i|2|t|2020-04-29 11:30:54.588441
2020-04-29 11:30:54.591583 - INFO - Publicando: i|1|t|2020-04-29 11:30:54.588626
2020-04-29 11:30:54.594256 - INFO - Ausencia detectada!
2020-04-29 11:30:54.595940 - INFO - Publicando: i|3|t|2020-04-29 11:30:54.594233
2020-04-29 11:30:59.027675 - INFO - Nó ativo: i|2|t|2020-04-29 11:30:59.027654
2020-04-29 11:31:07.212847 - INFO - Nó ativo: i|3|t|2020-04-29 11:31:07.212827
2020-04-29 11:31:24.593567 - INFO - Ausencia detectada!
2020-04-29 11:31:24.595269 - INFO - Publicando: i|2|t|2020-04-29 11:31:24.593533
2020-04-29 11:31:24.594780 - INFO - Ausencia detectada!
2020-04-29 11:31:24.596968 - INFO - Publicando: i|1|t|2020-04-29 11:31:24.594754
2020-04-29 11:31:24.599112 - INFO - Ausencia detectada!
2020-04-29 11:31:24.600893 - INFO - Publicando: i|3|t|2020-04-29 11:31:24.599076
2020-04-29 11:31:54.597796 - INFO - Ausencia detectada!
2020-04-29 11:31:54.599910 - INFO - Publicando: i|2|t|2020-04-29 11:31:54.597750
2020-04-29 11:31:54.600289 - INFO - Ausencia detectada!
2020-04-29 11:31:54.602011 - INFO - Publicando: i|1|t|2020-04-29 11:31:54.600263
2020-04-29 11:31:54.603894 - INFO - Ausencia detectada!
2020-04-29 11:31:54.605843 - INFO - Publicando: i|3|t|2020-04-29 11:31:54.603849
2020-04-29 11:32:24.603066 - INFO - Ausencia detectada!
2020-04-29 11:32:24.604670 - INFO - Publicando: i|2|t|2020-04-29 11:32:24.603037
2020-04-29 11:32:24.604447 - INFO - Ausencia detectada!
2020-04-29 11:32:24.606059 - INFO - Publicando: i|1|t|2020-04-29 11:32:24.604422
2020-04-29 11:32:24.608425 - INFO - Ausencia detectada!
2020-04-29 11:32:24.610459 - INFO - Publicando: i|3|t|2020-04-29 11:32:24.608401
2020-04-29 11:32:54.606831 - INFO - Ausencia detectada!
2020-04-29 11:32:54.608645 - INFO - Publicando: i|2|t|2020-04-29 11:32:54.606796
2020-04-29 11:32:54.608444 - INFO - Ausencia detectada!
2020-04-29 11:32:54.610066 - INFO - Publicando: i|1|t|2020-04-29 11:32:54.608418
2020-04-29 11:32:54.613686 - INFO - Ausencia detectada!
2020-04-29 11:32:54.615782 - INFO - Publicando: i|3|t|2020-04-29 11:32:54.613653
2020-04-29 11:33:24.611880 - INFO - Ausencia detectada!
2020-04-29 11:33:24.612673 - INFO - Ausencia detectada!
2020-04-29 11:33:24.613633 - INFO - Publicando: i|2|t|2020-04-29 11:33:24.611848
2020-04-29 11:33:24.614479 - INFO - Publicando: i|1|t|2020-04-29 11:33:24.612646
2020-04-29 11:33:24.618858 - INFO - Ausencia detectada!
2020-04-29 11:33:24.620775 - INFO - Publicando: i|3|t|2020-04-29 11:33:24.618831
2020-04-29 11:33:54.616790 - INFO - Ausencia detectada!
2020-04-29 11:33:54.617208 - INFO - Ausencia detectada!
2020-04-29 11:33:54.618841 - INFO - Publicando: i|2|t|2020-04-29 11:33:54.616756
2020-04-29 11:33:54.619344 - INFO - Publicando: i|1|t|2020-04-29 11:33:54.617180
2020-04-29 11:33:54.624224 - INFO - Ausencia detectada!
2020-04-29 11:33:54.626484 - INFO - Publicando: i|3|t|2020-04-29 11:33:54.624195
2020-04-29 11:34:24.621664 - INFO - Ausencia detectada!
2020-04-29 11:34:24.622267 - INFO - Ausencia detectada!
2020-04-29 11:34:24.623447 - INFO - Publicando: i|2|t|2020-04-29 11:34:24.621633
2020-04-29 11:34:24.624004 - INFO - Publicando: i|1|t|2020-04-29 11:34:24.622241
2020-04-29 11:34:24.629408 - INFO - Ausencia detectada!
2020-04-29 11:34:24.631202 - INFO - Publicando: i|3|t|2020-04-29 11:34:24.629378
2020-04-29 11:34:54.626334 - INFO - Ausencia detectada!
2020-04-29 11:34:54.626715 - INFO - Ausencia detectada!
2020-04-29 11:34:54.628410 - INFO - Publicando: i|2|t|2020-04-29 11:34:54.626305
2020-04-29 11:34:54.628800 - INFO - Publicando: i|1|t|2020-04-29 11:34:54.626690
2020-04-29 11:34:54.634209 - INFO - Ausencia detectada!
2020-04-29 11:34:54.636324 - INFO - Publicando: i|3|t|2020-04-29 11:34:54.634180
2020-04-29 11:35:24.631739 - INFO - Ausencia detectada!
2020-04-29 11:35:24.632255 - INFO - Ausencia detectada!
2020-04-29 11:35:24.633388 - INFO - Publicando: i|2|t|2020-04-29 11:35:24.631709
2020-04-29 11:35:24.633700 - INFO - Publicando: i|1|t|2020-04-29 11:35:24.632230
2020-04-29 11:35:24.639760 - INFO - Ausencia detectada!
2020-04-29 11:35:24.641608 - INFO - Publicando: i|3|t|2020-04-29 11:35:24.639734
2020-04-29 11:35:53.029786 - INFO - Nó ativo: i|1|t|2020-04-29 11:35:53.029760
2020-04-29 11:35:54.636592 - INFO - Ausencia detectada!
2020-04-29 11:35:54.636591 - INFO - Ausencia detectada!
2020-04-29 11:35:54.638304 - INFO - Publicando: i|1|t|2020-04-29 11:35:54.636562
2020-04-29 11:35:54.638321 - INFO - Publicando: i|2|t|2020-04-29 11:35:54.636562
2020-04-29 11:35:54.644447 - INFO - Ausencia detectada!
2020-04-29 11:35:54.646522 - INFO - Publicando: i|3|t|2020-04-29 11:35:54.644412
2020-04-29 11:35:59.022323 - INFO - Nó ativo: i|2|t|2020-04-29 11:35:59.022303
2020-04-29 11:36:07.195005 - INFO - Nó ativo: i|3|t|2020-04-29 11:36:07.194976
2020-04-29 11:36:24.640985 - INFO - Ausencia detectada!
2020-04-29 11:36:24.640983 - INFO - Ausencia detectada!
2020-04-29 11:36:24.643201 - INFO - Publicando: i|2|t|2020-04-29 11:36:24.640958
2020-04-29 11:36:24.643206 - INFO - Publicando: i|1|t|2020-04-29 11:36:24.640951
2020-04-29 11:36:24.649960 - INFO - Ausencia detectada!
2020-04-29 11:36:24.651671 - INFO - Publicando: i|3|t|2020-04-29 11:36:24.649927
2020-04-29 11:36:54.645978 - INFO - Ausencia detectada!
2020-04-29 11:36:54.646102 - INFO - Ausencia detectada!
2020-04-29 11:36:54.647738 - INFO - Publicando: i|1|t|2020-04-29 11:36:54.646078
2020-04-29 11:36:54.647762 - INFO - Publicando: i|2|t|2020-04-29 11:36:54.645946
2020-04-29 11:36:54.654789 - INFO - Ausencia detectada!
2020-04-29 11:36:54.656747 - INFO - Publicando: i|3|t|2020-04-29 11:36:54.654755
2020-04-29 11:37:24.650668 - INFO - Ausencia detectada!
2020-04-29 11:37:24.650590 - INFO - Ausencia detectada!
2020-04-29 11:37:24.652817 - INFO - Publicando: i|2|t|2020-04-29 11:37:24.650641
2020-04-29 11:37:24.652818 - INFO - Publicando: i|1|t|2020-04-29 11:37:24.650558
2020-04-29 11:37:24.659680 - INFO - Ausencia detectada!
2020-04-29 11:37:24.661546 - INFO - Publicando: i|3|t|2020-04-29 11:37:24.659654
2020-04-29 11:37:54.656097 - INFO - Ausencia detectada!
2020-04-29 11:37:54.656100 - INFO - Ausencia detectada!
2020-04-29 11:37:54.658129 - INFO - Publicando: i|1|t|2020-04-29 11:37:54.656070
2020-04-29 11:37:54.658503 - INFO - Publicando: i|2|t|2020-04-29 11:37:54.656073
2020-04-29 11:37:54.664626 - INFO - Ausencia detectada!
2020-04-29 11:37:54.666654 - INFO - Publicando: i|3|t|2020-04-29 11:37:54.664593
2020-04-29 11:38:24.660431 - INFO - Ausencia detectada!
2020-04-29 11:38:24.661799 - INFO - Ausencia detectada!
2020-04-29 11:38:24.662877 - INFO - Publicando: i|1|t|2020-04-29 11:38:24.660381
2020-04-29 11:38:24.663571 - INFO - Publicando: i|2|t|2020-04-29 11:38:24.661772
2020-04-29 11:38:24.669685 - INFO - Ausencia detectada!
2020-04-29 11:38:24.671448 - INFO - Publicando: i|3|t|2020-04-29 11:38:24.669659
2020-04-29 11:38:54.665503 - INFO - Ausencia detectada!
2020-04-29 11:38:54.666417 - INFO - Ausencia detectada!
2020-04-29 11:38:54.667367 - INFO - Publicando: i|1|t|2020-04-29 11:38:54.665474
2020-04-29 11:38:54.668503 - INFO - Publicando: i|2|t|2020-04-29 11:38:54.666391
2020-04-29 11:38:54.674631 - INFO - Ausencia detectada!
2020-04-29 11:38:54.676364 - INFO - Publicando: i|3|t|2020-04-29 11:38:54.674603
2020-04-29 11:39:24.670589 - INFO - Ausencia detectada!
2020-04-29 11:39:24.671644 - INFO - Ausencia detectada!
2020-04-29 11:39:24.672322 - INFO - Publicando: i|1|t|2020-04-29 11:39:24.670559
2020-04-29 11:39:24.673551 - INFO - Publicando: i|2|t|2020-04-29 11:39:24.671619
2020-04-29 11:39:24.679711 - INFO - Ausencia detectada!
2020-04-29 11:39:24.681749 - INFO - Publicando: i|3|t|2020-04-29 11:39:24.679685
2020-04-29 11:39:54.675346 - INFO - Ausencia detectada!
2020-04-29 11:39:54.676399 - INFO - Ausencia detectada!
2020-04-29 11:39:54.677152 - INFO - Publicando: i|1|t|2020-04-29 11:39:54.675313
2020-04-29 11:39:54.678577 - INFO - Publicando: i|2|t|2020-04-29 11:39:54.676372
2020-04-29 11:39:54.684810 - INFO - Ausencia detectada!
2020-04-29 11:39:54.686621 - INFO - Publicando: i|3|t|2020-04-29 11:39:54.684780
2020-04-29 11:40:24.680631 - INFO - Ausencia detectada!
2020-04-29 11:40:24.681527 - INFO - Ausencia detectada!
2020-04-29 11:40:24.682391 - INFO - Publicando: i|1|t|2020-04-29 11:40:24.680601
2020-04-29 11:40:24.683406 - INFO - Publicando: i|2|t|2020-04-29 11:40:24.681502
2020-04-29 11:40:24.689866 - INFO - Ausencia detectada!
2020-04-29 11:40:24.691716 - INFO - Publicando: i|3|t|2020-04-29 11:40:24.689840
2020-04-29 11:40:52.994528 - INFO - Nó ativo: i|1|t|2020-04-29 11:40:52.994508
2020-04-29 11:40:54.684451 - INFO - Ausencia detectada!
2020-04-29 11:40:54.686224 - INFO - Publicando: i|1|t|2020-04-29 11:40:54.684419
2020-04-29 11:40:54.686644 - INFO - Ausencia detectada!
2020-04-29 11:40:54.688481 - INFO - Publicando: i|2|t|2020-04-29 11:40:54.686619
2020-04-29 11:40:54.698863 - INFO - Ausencia detectada!
2020-04-29 11:40:54.700447 - INFO - Publicando: i|3|t|2020-04-29 11:40:54.698837
2020-04-29 11:40:59.044380 - INFO - Nó ativo: i|2|t|2020-04-29 11:40:59.044359
2020-04-29 11:41:07.209627 - INFO - Nó ativo: i|3|t|2020-04-29 11:41:07.209605
2020-04-29 11:41:24.688451 - INFO - Ausencia detectada!
2020-04-29 11:41:24.690178 - INFO - Publicando: i|1|t|2020-04-29 11:41:24.688417
2020-04-29 11:41:24.691907 - INFO - Ausencia detectada!
2020-04-29 11:41:24.694517 - INFO - Publicando: i|2|t|2020-04-29 11:41:24.691869
2020-04-29 11:41:24.703025 - INFO - Ausencia detectada!
2020-04-29 11:41:24.704636 - INFO - Publicando: i|3|t|2020-04-29 11:41:24.702997
2020-04-29 11:41:54.692923 - INFO - Ausencia detectada!
2020-04-29 11:41:54.694656 - INFO - Publicando: i|1|t|2020-04-29 11:41:54.692890
2020-04-29 11:41:54.697648 - INFO - Ausencia detectada!
2020-04-29 11:41:54.699824 - INFO - Publicando: i|2|t|2020-04-29 11:41:54.697623
2020-04-29 11:41:54.707239 - INFO - Ausencia detectada!
2020-04-29 11:41:54.708969 - INFO - Publicando: i|3|t|2020-04-29 11:41:54.707212
2020-04-29 11:42:24.697499 - INFO - Ausencia detectada!
2020-04-29 11:42:24.699228 - INFO - Publicando: i|1|t|2020-04-29 11:42:24.697466
2020-04-29 11:42:24.702639 - INFO - Ausencia detectada!
2020-04-29 11:42:24.704404 - INFO - Publicando: i|2|t|2020-04-29 11:42:24.702613
2020-04-29 11:42:24.712331 - INFO - Ausencia detectada!
2020-04-29 11:42:24.714021 - INFO - Publicando: i|3|t|2020-04-29 11:42:24.712304
2020-04-29 11:42:54.702038 - INFO - Ausencia detectada!
2020-04-29 11:42:54.703772 - INFO - Publicando: i|1|t|2020-04-29 11:42:54.702007
2020-04-29 11:42:54.708008 - INFO - Ausencia detectada!
2020-04-29 11:42:54.709726 - INFO - Publicando: i|2|t|2020-04-29 11:42:54.707981
2020-04-29 11:42:54.716452 - INFO - Ausencia detectada!
2020-04-29 11:42:54.718544 - INFO - Publicando: i|3|t|2020-04-29 11:42:54.716417
2020-04-29 11:43:24.706997 - INFO - Ausencia detectada!
2020-04-29 11:43:24.708797 - INFO - Publicando: i|1|t|2020-04-29 11:43:24.706967
2020-04-29 11:43:24.712472 - INFO - Ausencia detectada!
2020-04-29 11:43:24.714507 - INFO - Publicando: i|2|t|2020-04-29 11:43:24.712448
2020-04-29 11:43:24.721585 - INFO - Ausencia detectada!
2020-04-29 11:43:24.723707 - INFO - Publicando: i|3|t|2020-04-29 11:43:24.721559
2020-04-29 11:43:54.711997 - INFO - Ausencia detectada!
2020-04-29 11:43:54.713701 - INFO - Publicando: i|1|t|2020-04-29 11:43:54.711969
2020-04-29 11:43:54.717554 - INFO - Ausencia detectada!
2020-04-29 11:43:54.719274 - INFO - Publicando: i|2|t|2020-04-29 11:43:54.717526
2020-04-29 11:43:54.726941 - INFO - Ausencia detectada!
2020-04-29 11:43:54.728621 - INFO - Publicando: i|3|t|2020-04-29 11:43:54.726911
2020-04-29 11:44:24.716449 - INFO - Ausencia detectada!
2020-04-29 11:44:24.718166 - INFO - Publicando: i|1|t|2020-04-29 11:44:24.716418
2020-04-29 11:44:24.722162 - INFO - Ausencia detectada!
2020-04-29 11:44:24.724378 - INFO - Publicando: i|2|t|2020-04-29 11:44:24.722136
2020-04-29 11:44:24.731539 - INFO - Ausencia detectada!
2020-04-29 11:44:24.733298 - INFO - Publicando: i|3|t|2020-04-29 11:44:24.731511
2020-04-29 11:44:54.721079 - INFO - Ausencia detectada!
2020-04-29 11:44:54.722890 - INFO - Publicando: i|1|t|2020-04-29 11:44:54.721049
2020-04-29 11:44:54.727333 - INFO - Ausencia detectada!
2020-04-29 11:44:54.729708 - INFO - Publicando: i|2|t|2020-04-29 11:44:54.727309
2020-04-29 11:44:54.736207 - INFO - Ausencia detectada!
2020-04-29 11:44:54.738287 - INFO - Publicando: i|3|t|2020-04-29 11:44:54.736179
2020-04-29 11:45:24.726010 - INFO - Ausencia detectada!
2020-04-29 11:45:24.727614 - INFO - Publicando: i|1|t|2020-04-29 11:45:24.725981
2020-04-29 11:45:24.732608 - INFO - Ausencia detectada!
2020-04-29 11:45:24.734705 - INFO - Publicando: i|2|t|2020-04-29 11:45:24.732581
2020-04-29 11:45:24.741171 - INFO - Ausencia detectada!
2020-04-29 11:45:24.742966 - INFO - Publicando: i|3|t|2020-04-29 11:45:24.741143
2020-04-29 11:45:25.730351 - INFO - Monitoramento finalizado.
2020-04-29 11:45:25.737647 - INFO - Monitoramento finalizado.
2020-04-29 11:45:25.745879 - INFO - Monitoramento finalizado.
2020-04-29 11:45:53.009579 - INFO - Nó ativo: i|1|t|2020-04-29 11:45:53.009552
2020-04-29 11:45:58.984196 - INFO - Nó ativo: i|2|t|2020-04-29 11:45:58.984136
2020-04-29 11:46:07.195258 - INFO - Nó ativo: i|3|t|2020-04-29 11:46:07.195200
2020-04-29 11:50:52.999279 - INFO - Nó ativo: i|1|t|2020-04-29 11:50:52.999225
2020-04-29 11:50:59.018462 - INFO - Nó ativo: i|2|t|2020-04-29 11:50:59.018409
2020-04-29 11:51:07.097181 - INFO - Nó ativo: i|3|t|2020-04-29 11:51:07.097124
2020-04-29 11:55:53.002163 - INFO - Nó ativo: i|1|t|2020-04-29 11:55:53.002091
2020-04-29 11:55:59.018943 - INFO - Nó ativo: i|2|t|2020-04-29 11:55:59.018889
2020-04-29 11:56:07.189928 - INFO - Nó ativo: i|3|t|2020-04-29 11:56:07.189872
2020-04-29 11:59:37.716010 - INFO - Monitoramento Iniciado.
2020-04-29 11:59:37.716256 - INFO - Monitoramento Iniciado.
2020-04-29 11:59:37.715980 - INFO - Monitoramento Iniciado.
2020-04-29 12:00:06.724107 - INFO - Ausencia detectada!
2020-04-29 12:00:06.724357 - INFO - Ausencia detectada!
2020-04-29 12:00:06.725124 - INFO - Ausencia detectada!
2020-04-29 12:00:06.726328 - INFO - Publicando: i|2|t|2020-04-29 12:00:06.724065
2020-04-29 12:00:06.726337 - INFO - Publicando: i|3|t|2020-04-29 12:00:06.724305
2020-04-29 12:00:06.727479 - INFO - Publicando: i|1|t|2020-04-29 12:00:06.725089
2020-04-29 12:00:36.728440 - INFO - Ausencia detectada!
2020-04-29 12:00:36.728439 - INFO - Ausencia detectada!
2020-04-29 12:00:36.730610 - INFO - Publicando: i|2|t|2020-04-29 12:00:36.728411
2020-04-29 12:00:36.730490 - INFO - Ausencia detectada!
2020-04-29 12:00:36.731884 - INFO - Publicando: i|3|t|2020-04-29 12:00:36.728412
2020-04-29 12:00:36.732846 - INFO - Publicando: i|1|t|2020-04-29 12:00:36.730454
2020-04-29 12:00:53.021682 - INFO - Nó ativo: i|1|t|2020-04-29 12:00:53.021660
2020-04-29 12:00:59.032641 - INFO - Nó ativo: i|2|t|2020-04-29 12:00:59.032620
2020-04-29 12:01:06.733604 - INFO - Ausencia detectada!
2020-04-29 12:01:06.735398 - INFO - Publicando: i|2|t|2020-04-29 12:01:06.733575
2020-04-29 12:01:06.735249 - INFO - Ausencia detectada!
2020-04-29 12:01:06.736115 - INFO - Ausencia detectada!
2020-04-29 12:01:06.737049 - INFO - Publicando: i|3|t|2020-04-29 12:01:06.735223
2020-04-29 12:01:06.738138 - INFO - Publicando: i|1|t|2020-04-29 12:01:06.736091
2020-04-29 12:01:07.138917 - INFO - Nó ativo: i|3|t|2020-04-29 12:01:07.138863
2020-04-29 12:01:36.738649 - INFO - Ausencia detectada!
2020-04-29 12:01:36.740253 - INFO - Ausencia detectada!
2020-04-29 12:01:36.740533 - INFO - Publicando: i|2|t|2020-04-29 12:01:36.738614
2020-04-29 12:01:36.740475 - INFO - Ausencia detectada!
2020-04-29 12:01:36.741940 - INFO - Publicando: i|3|t|2020-04-29 12:01:36.740230
2020-04-29 12:01:36.742136 - INFO - Publicando: i|1|t|2020-04-29 12:01:36.740450
2020-04-29 12:02:06.743420 - INFO - Ausencia detectada!
2020-04-29 12:02:06.744433 - INFO - Ausencia detectada!
2020-04-29 12:02:06.745224 - INFO - Publicando: i|2|t|2020-04-29 12:02:06.743388
2020-04-29 12:02:06.745309 - INFO - Ausencia detectada!
2020-04-29 12:02:06.746137 - INFO - Publicando: i|3|t|2020-04-29 12:02:06.744409
2020-04-29 12:02:06.747190 - INFO - Publicando: i|1|t|2020-04-29 12:02:06.745283
2020-04-29 12:02:36.748475 - INFO - Ausencia detectada!
2020-04-29 12:02:36.748343 - INFO - Ausencia detectada!
2020-04-29 12:02:36.750623 - INFO - Publicando: i|3|t|2020-04-29 12:02:36.748448
2020-04-29 12:02:36.750632 - INFO - Publicando: i|2|t|2020-04-29 12:02:36.748301
2020-04-29 12:02:36.750734 - INFO - Ausencia detectada!
2020-04-29 12:02:36.752418 - INFO - Publicando: i|1|t|2020-04-29 12:02:36.750707
2020-04-29 12:03:06.752778 - INFO - Ausencia detectada!
2020-04-29 12:03:06.753408 - INFO - Ausencia detectada!
2020-04-29 12:03:06.754690 - INFO - Publicando: i|2|t|2020-04-29 12:03:06.752747
2020-04-29 12:03:06.755303 - INFO - Publicando: i|3|t|2020-04-29 12:03:06.753384
2020-04-29 12:03:06.755601 - INFO - Ausencia detectada!
2020-04-29 12:03:06.757901 - INFO - Publicando: i|1|t|2020-04-29 12:03:06.755571
2020-04-29 12:03:36.757942 - INFO - Ausencia detectada!
2020-04-29 12:03:36.757951 - INFO - Ausencia detectada!
2020-04-29 12:03:36.760083 - INFO - Publicando: i|3|t|2020-04-29 12:03:36.757927
2020-04-29 12:03:36.760092 - INFO - Publicando: i|2|t|2020-04-29 12:03:36.757912
2020-04-29 12:03:36.760422 - INFO - Ausencia detectada!
2020-04-29 12:03:36.762020 - INFO - Publicando: i|1|t|2020-04-29 12:03:36.760399
2020-04-29 12:04:06.763208 - INFO - Ausencia detectada!
2020-04-29 12:04:06.763208 - INFO - Ausencia detectada!
2020-04-29 12:04:06.765049 - INFO - Publicando: i|3|t|2020-04-29 12:04:06.763178
2020-04-29 12:04:06.764458 - INFO - Ausencia detectada!
2020-04-29 12:04:06.765463 - INFO - Publicando: i|2|t|2020-04-29 12:04:06.763179
2020-04-29 12:04:06.766516 - INFO - Publicando: i|1|t|2020-04-29 12:04:06.764435
2020-04-29 12:04:36.768507 - INFO - Ausencia detectada!
2020-04-29 12:04:36.768404 - INFO - Ausencia detectada!
2020-04-29 12:04:36.768866 - INFO - Ausencia detectada!
2020-04-29 12:04:36.770637 - INFO - Publicando: i|1|t|2020-04-29 12:04:36.768840
2020-04-29 12:04:36.770265 - INFO - Publicando: i|3|t|2020-04-29 12:04:36.768371
2020-04-29 12:04:36.770269 - INFO - Publicando: i|2|t|2020-04-29 12:04:36.768482
2020-04-29 12:05:06.772774 - INFO - Ausencia detectada!
2020-04-29 12:05:06.773578 - INFO - Ausencia detectada!
2020-04-29 12:05:06.773388 - INFO - Ausencia detectada!
2020-04-29 12:05:06.774704 - INFO - Publicando: i|2|t|2020-04-29 12:05:06.772741
2020-04-29 12:05:06.775653 - INFO - Publicando: i|1|t|2020-04-29 12:05:06.773356
2020-04-29 12:05:06.775653 - INFO - Publicando: i|3|t|2020-04-29 12:05:06.773550
2020-04-29 12:05:36.777675 - INFO - Ausencia detectada!
2020-04-29 12:05:36.777873 - INFO - Ausencia detectada!
2020-04-29 12:05:36.778332 - INFO - Ausencia detectada!
2020-04-29 12:05:36.779912 - INFO - Publicando: i|2|t|2020-04-29 12:05:36.777643
2020-04-29 12:05:36.780053 - INFO - Publicando: i|3|t|2020-04-29 12:05:36.778306
2020-04-29 12:05:36.779980 - INFO - Publicando: i|1|t|2020-04-29 12:05:36.777848
2020-04-29 12:05:53.024665 - INFO - Nó ativo: i|1|t|2020-04-29 12:05:53.024644
2020-04-29 12:05:59.036565 - INFO - Nó ativo: i|2|t|2020-04-29 12:05:59.036544
2020-04-29 12:06:06.782759 - INFO - Ausencia detectada!
2020-04-29 12:06:06.783337 - INFO - Ausencia detectada!
2020-04-29 12:06:06.783199 - INFO - Ausencia detectada!
2020-04-29 12:06:06.784881 - INFO - Publicando: i|2|t|2020-04-29 12:06:06.782729
2020-04-29 12:06:06.785241 - INFO - Publicando: i|1|t|2020-04-29 12:06:06.783174
2020-04-29 12:06:06.785146 - INFO - Publicando: i|3|t|2020-04-29 12:06:06.783311
2020-04-29 12:06:07.186872 - INFO - Nó ativo: i|3|t|2020-04-29 12:06:07.186814
2020-04-29 12:06:36.787720 - INFO - Ausencia detectada!
2020-04-29 12:06:36.788239 - INFO - Ausencia detectada!
2020-04-29 12:06:36.788139 - INFO - Ausencia detectada!
2020-04-29 12:06:36.789678 - INFO - Publicando: i|2|t|2020-04-29 12:06:36.787685
2020-04-29 12:06:36.789988 - INFO - Publicando: i|3|t|2020-04-29 12:06:36.788210
2020-04-29 12:06:36.790026 - INFO - Publicando: i|1|t|2020-04-29 12:06:36.788111
2020-04-29 12:07:06.792617 - INFO - Ausencia detectada!
2020-04-29 12:07:06.792623 - INFO - Ausencia detectada!
2020-04-29 12:07:06.792504 - INFO - Ausencia detectada!
2020-04-29 12:07:06.794278 - INFO - Publicando: i|3|t|2020-04-29 12:07:06.792593
2020-04-29 12:07:06.794588 - INFO - Publicando: i|1|t|2020-04-29 12:07:06.792601
2020-04-29 12:07:06.794583 - INFO - Publicando: i|2|t|2020-04-29 12:07:06.792474
2020-04-29 12:07:36.796431 - INFO - Ausencia detectada!
2020-04-29 12:07:36.797668 - INFO - Ausencia detectada!
2020-04-29 12:07:36.797888 - INFO - Ausencia detectada!
2020-04-29 12:07:36.798321 - INFO - Publicando: i|3|t|2020-04-29 12:07:36.796397
2020-04-29 12:07:36.799796 - INFO - Publicando: i|1|t|2020-04-29 12:07:36.797641
2020-04-29 12:07:36.800002 - INFO - Publicando: i|2|t|2020-04-29 12:07:36.797862
2020-04-29 12:08:06.801582 - INFO - Ausencia detectada!
2020-04-29 12:08:06.803264 - INFO - Publicando: i|3|t|2020-04-29 12:08:06.801551
2020-04-29 12:08:06.803418 - INFO - Ausencia detectada!
2020-04-29 12:08:06.803573 - INFO - Ausencia detectada!
2020-04-29 12:08:06.805087 - INFO - Publicando: i|1|t|2020-04-29 12:08:06.803393
2020-04-29 12:08:06.805276 - INFO - Publicando: i|2|t|2020-04-29 12:08:06.803548
2020-04-29 12:08:36.806000 - INFO - Ausencia detectada!
2020-04-29 12:08:36.807806 - INFO - Publicando: i|3|t|2020-04-29 12:08:36.805967
2020-04-29 12:08:36.807403 - INFO - Ausencia detectada!
2020-04-29 12:08:36.808508 - INFO - Ausencia detectada!
2020-04-29 12:08:36.810214 - INFO - Publicando: i|2|t|2020-04-29 12:08:36.808481
2020-04-29 12:08:36.809742 - INFO - Publicando: i|1|t|2020-04-29 12:08:36.807377
2020-04-29 12:09:06.810804 - INFO - Ausencia detectada!
2020-04-29 12:09:06.812613 - INFO - Publicando: i|3|t|2020-04-29 12:09:06.810770
2020-04-29 12:09:06.812427 - INFO - Ausencia detectada!
2020-04-29 12:09:06.813434 - INFO - Ausencia detectada!
2020-04-29 12:09:06.814154 - INFO - Publicando: i|2|t|2020-04-29 12:09:06.812400
2020-04-29 12:09:06.815281 - INFO - Publicando: i|1|t|2020-04-29 12:09:06.813408
2020-04-29 12:09:36.815538 - INFO - Ausencia detectada!
2020-04-29 12:09:36.816482 - INFO - Ausencia detectada!
2020-04-29 12:09:36.817372 - INFO - Publicando: i|3|t|2020-04-29 12:09:36.815504
2020-04-29 12:09:36.817661 - INFO - Ausencia detectada!
2020-04-29 12:09:36.818372 - INFO - Publicando: i|2|t|2020-04-29 12:09:36.816455
2020-04-29 12:09:36.820169 - INFO - Publicando: i|1|t|2020-04-29 12:09:36.817635
2020-04-29 12:10:06.820310 - INFO - Ausencia detectada!
2020-04-29 12:10:06.821825 - INFO - Ausencia detectada!
2020-04-29 12:10:06.822441 - INFO - Publicando: i|3|t|2020-04-29 12:10:06.820279
2020-04-29 12:10:06.823286 - INFO - Ausencia detectada!
2020-04-29 12:10:06.823908 - INFO - Publicando: i|2|t|2020-04-29 12:10:06.821793
2020-04-29 12:10:06.825079 - INFO - Publicando: i|1|t|2020-04-29 12:10:06.823263
2020-04-29 12:10:36.824825 - INFO - Ausencia detectada!
2020-04-29 12:10:36.826464 - INFO - Publicando: i|3|t|2020-04-29 12:10:36.824798
2020-04-29 12:10:36.827114 - INFO - Ausencia detectada!
2020-04-29 12:10:36.828330 - INFO - Ausencia detectada!
2020-04-29 12:10:36.828935 - INFO - Publicando: i|2|t|2020-04-29 12:10:36.827090
2020-04-29 12:10:36.830380 - INFO - Publicando: i|1|t|2020-04-29 12:10:36.828307
2020-04-29 12:10:53.029841 - INFO - Nó ativo: i|1|t|2020-04-29 12:10:53.029821
2020-04-29 12:10:59.020634 - INFO - Nó ativo: i|2|t|2020-04-29 12:10:59.020607
2020-04-29 12:11:06.828457 - INFO - Ausencia detectada!
2020-04-29 12:11:06.830243 - INFO - Publicando: i|3|t|2020-04-29 12:11:06.828426
2020-04-29 12:11:06.831939 - INFO - Ausencia detectada!
2020-04-29 12:11:06.833646 - INFO - Ausencia detectada!
2020-04-29 12:11:06.833975 - INFO - Publicando: i|2|t|2020-04-29 12:11:06.831910
2020-04-29 12:11:06.835462 - INFO - Publicando: i|1|t|2020-04-29 12:11:06.833618
2020-04-29 12:11:07.187066 - INFO - Nó ativo: i|3|t|2020-04-29 12:11:07.186996
2020-04-29 12:11:36.832836 - INFO - Ausencia detectada!
2020-04-29 12:11:36.834611 - INFO - Publicando: i|3|t|2020-04-29 12:11:36.832807
2020-04-29 12:11:36.837230 - INFO - Ausencia detectada!
2020-04-29 12:11:36.838551 - INFO - Ausencia detectada!
2020-04-29 12:11:36.839692 - INFO - Publicando: i|2|t|2020-04-29 12:11:36.837205
2020-04-29 12:11:36.840489 - INFO - Publicando: i|1|t|2020-04-29 12:11:36.838525
2020-04-29 12:12:06.836812 - INFO - Ausencia detectada!
2020-04-29 12:12:06.838673 - INFO - Publicando: i|3|t|2020-04-29 12:12:06.836780
2020-04-29 12:12:06.842889 - INFO - Ausencia detectada!
2020-04-29 12:12:06.843874 - INFO - Ausencia detectada!
2020-04-29 12:12:06.844922 - INFO - Publicando: i|2|t|2020-04-29 12:12:06.842863
2020-04-29 12:12:06.845602 - INFO - Publicando: i|1|t|2020-04-29 12:12:06.843847
2020-04-29 12:12:36.841777 - INFO - Ausencia detectada!
2020-04-29 12:12:36.843574 - INFO - Publicando: i|3|t|2020-04-29 12:12:36.841742
2020-04-29 12:12:36.848442 - INFO - Ausencia detectada!
2020-04-29 12:12:36.848263 - INFO - Ausencia detectada!
2020-04-29 12:12:36.850423 - INFO - Publicando: i|1|t|2020-04-29 12:12:36.848417
2020-04-29 12:12:36.850658 - INFO - Publicando: i|2|t|2020-04-29 12:12:36.848235
2020-04-29 12:13:06.846500 - INFO - Ausencia detectada!
2020-04-29 12:13:06.848335 - INFO - Publicando: i|3|t|2020-04-29 12:13:06.846470
2020-04-29 12:13:06.853923 - INFO - Ausencia detectada!
2020-04-29 12:13:06.854630 - INFO - Ausencia detectada!
2020-04-29 12:13:06.855678 - INFO - Publicando: i|1|t|2020-04-29 12:13:06.853893
2020-04-29 12:13:06.856502 - INFO - Publicando: i|2|t|2020-04-29 12:13:06.854602
2020-04-29 12:13:36.851402 - INFO - Ausencia detectada!
2020-04-29 12:13:36.853159 - INFO - Publicando: i|3|t|2020-04-29 12:13:36.851374
2020-04-29 12:13:36.858975 - INFO - Ausencia detectada!
2020-04-29 12:13:36.858953 - INFO - Ausencia detectada!
2020-04-29 12:13:36.860986 - INFO - Publicando: i|1|t|2020-04-29 12:13:36.858918
2020-04-29 12:13:36.860810 - INFO - Publicando: i|2|t|2020-04-29 12:13:36.858950
2020-04-29 12:14:06.856445 - INFO - Ausencia detectada!
2020-04-29 12:14:06.858098 - INFO - Publicando: i|3|t|2020-04-29 12:14:06.856417
2020-04-29 12:14:06.864423 - INFO - Ausencia detectada!
2020-04-29 12:14:06.864413 - INFO - Ausencia detectada!
2020-04-29 12:14:06.866637 - INFO - Publicando: i|2|t|2020-04-29 12:14:06.864400
2020-04-29 12:14:06.866799 - INFO - Publicando: i|1|t|2020-04-29 12:14:06.864377
2020-04-29 12:14:36.860651 - INFO - Ausencia detectada!
2020-04-29 12:14:36.862484 - INFO - Publicando: i|3|t|2020-04-29 12:14:36.860618
2020-04-29 12:14:36.869846 - INFO - Ausencia detectada!
2020-04-29 12:14:36.870145 - INFO - Ausencia detectada!
2020-04-29 12:14:36.871854 - INFO - Publicando: i|2|t|2020-04-29 12:14:36.869816
2020-04-29 12:14:36.872075 - INFO - Publicando: i|1|t|2020-04-29 12:14:36.870119
2020-04-29 12:15:06.864461 - INFO - Ausencia detectada!
2020-04-29 12:15:06.866231 - INFO - Publicando: i|3|t|2020-04-29 12:15:06.864428
2020-04-29 12:15:06.874980 - INFO - Ausencia detectada!
2020-04-29 12:15:06.875000 - INFO - Ausencia detectada!
2020-04-29 12:15:06.877060 - INFO - Publicando: i|1|t|2020-04-29 12:15:06.874972
2020-04-29 12:15:06.877060 - INFO - Publicando: i|2|t|2020-04-29 12:15:06.874949
2020-04-29 12:15:36.868471 - INFO - Ausencia detectada!
2020-04-29 12:15:36.870147 - INFO - Publicando: i|3|t|2020-04-29 12:15:36.868442
2020-04-29 12:15:36.879977 - INFO - Ausencia detectada!
2020-04-29 12:15:36.879951 - INFO - Ausencia detectada!
2020-04-29 12:15:36.881733 - INFO - Publicando: i|2|t|2020-04-29 12:15:36.879923
2020-04-29 12:15:36.881753 - INFO - Publicando: i|1|t|2020-04-29 12:15:36.879954
2020-04-29 12:15:43.533964 - INFO - Monitoramento finalizado.
2020-04-29 12:15:43.549091 - INFO - Monitoramento finalizado.
2020-04-29 12:15:43.549089 - INFO - Monitoramento finalizado.
2020-04-29 12:15:53.005657 - INFO - Nó ativo: i|1|t|2020-04-29 12:15:53.005637
2020-04-29 12:15:58.951399 - INFO - Nó ativo: i|2|t|2020-04-29 12:15:58.951376
2020-04-29 12:16:07.132305 - INFO - Nó ativo: i|3|t|2020-04-29 12:16:07.132242
2020-04-29 12:20:52.998533 - INFO - Nó ativo: i|1|t|2020-04-29 12:20:52.998470
2020-04-29 12:20:59.014110 - INFO - Nó ativo: i|2|t|2020-04-29 12:20:59.014048
2020-04-29 12:21:07.190120 - INFO - Nó ativo: i|3|t|2020-04-29 12:21:07.190057
2020-04-29 12:25:53.002238 - INFO - Nó ativo: i|1|t|2020-04-29 12:25:53.002181
2020-04-29 12:25:59.018049 - INFO - Nó ativo: i|2|t|2020-04-29 12:25:59.017996
2020-04-29 12:26:07.188839 - INFO - Nó ativo: i|3|t|2020-04-29 12:26:07.188788
2020-04-29 12:30:53.001250 - INFO - Nó ativo: i|1|t|2020-04-29 12:30:53.001214
2020-04-29 12:30:59.018099 - INFO - Nó ativo: i|2|t|2020-04-29 12:30:59.018043
2020-04-29 12:31:07.186972 - INFO - Nó ativo: i|3|t|2020-04-29 12:31:07.186906
2020-04-29 12:35:52.998447 - INFO - Nó ativo: i|1|t|2020-04-29 12:35:52.998367
2020-04-29 12:35:59.018115 - INFO - Nó ativo: i|2|t|2020-04-29 12:35:59.018061
2020-04-29 12:36:07.187186 - INFO - Nó ativo: i|3|t|2020-04-29 12:36:07.187132
2020-04-29 12:40:53.002122 - INFO - Nó ativo: i|1|t|2020-04-29 12:40:53.002069
2020-04-29 12:40:59.018105 - INFO - Nó ativo: i|2|t|2020-04-29 12:40:59.018050
2020-04-29 12:41:07.186056 - INFO - Nó ativo: i|3|t|2020-04-29 12:41:07.186002
2020-04-29 12:45:53.003021 - INFO - Nó ativo: i|1|t|2020-04-29 12:45:53.002954
2020-04-29 12:45:59.018759 - INFO - Nó ativo: i|2|t|2020-04-29 12:45:59.018707
2020-04-29 12:46:07.185824 - INFO - Nó ativo: i|3|t|2020-04-29 12:46:07.185797
2020-04-29 12:50:53.002220 - INFO - Nó ativo: i|1|t|2020-04-29 12:50:53.002164
2020-04-29 12:50:59.018086 - INFO - Nó ativo: i|2|t|2020-04-29 12:50:59.018033
2020-04-29 12:51:07.186220 - INFO - Nó ativo: i|3|t|2020-04-29 12:51:07.186142
2020-04-29 12:55:53.002344 - INFO - Nó ativo: i|1|t|2020-04-29 12:55:53.002290
2020-04-29 12:55:59.018223 - INFO - Nó ativo: i|2|t|2020-04-29 12:55:59.018152
2020-04-29 12:56:07.189471 - INFO - Nó ativo: i|3|t|2020-04-29 12:56:07.189435
2020-04-29 13:00:53.003070 - INFO - Nó ativo: i|1|t|2020-04-29 13:00:53.003014
2020-04-29 13:00:59.018141 - INFO - Nó ativo: i|2|t|2020-04-29 13:00:59.018086
2020-04-29 13:01:07.186698 - INFO - Nó ativo: i|3|t|2020-04-29 13:01:07.186642
2020-04-29 13:05:53.002097 - INFO - Nó ativo: i|1|t|2020-04-29 13:05:53.002035
2020-04-29 13:05:59.017211 - INFO - Nó ativo: i|2|t|2020-04-29 13:05:59.017182
2020-04-29 13:06:07.189839 - INFO - Nó ativo: i|3|t|2020-04-29 13:06:07.189784
2020-04-29 13:10:53.002028 - INFO - Nó ativo: i|1|t|2020-04-29 13:10:53.001976
2020-04-29 13:10:59.014765 - INFO - Nó ativo: i|2|t|2020-04-29 13:10:59.014728
2020-04-29 13:11:07.185167 - INFO - Nó ativo: i|3|t|2020-04-29 13:11:07.185136
2020-04-29 13:15:53.002411 - INFO - Nó ativo: i|1|t|2020-04-29 13:15:53.002340
2020-04-29 13:15:59.016991 - INFO - Nó ativo: i|2|t|2020-04-29 13:15:59.016937
2020-04-29 13:16:07.185494 - INFO - Nó ativo: i|3|t|2020-04-29 13:16:07.185460
2020-04-29 13:20:52.925926 - INFO - Nó ativo: i|1|t|2020-04-29 13:20:52.925845
2020-04-29 13:20:59.017542 - INFO - Nó ativo: i|2|t|2020-04-29 13:20:59.017508
2020-04-29 13:21:07.186005 - INFO - Nó ativo: i|3|t|2020-04-29 13:21:07.185952
2020-04-29 13:25:53.002116 - INFO - Nó ativo: i|1|t|2020-04-29 13:25:53.002080
2020-04-29 13:25:59.015249 - INFO - Nó ativo: i|2|t|2020-04-29 13:25:59.015177
2020-04-29 13:26:07.190257 - INFO - Nó ativo: i|3|t|2020-04-29 13:26:07.190199
2020-04-29 13:30:52.966753 - INFO - Nó ativo: i|1|t|2020-04-29 13:30:52.966691
2020-04-29 13:30:58.934752 - INFO - Nó ativo: i|2|t|2020-04-29 13:30:58.934690
2020-04-29 13:31:07.190305 - INFO - Nó ativo: i|3|t|2020-04-29 13:31:07.190241
2020-04-29 13:35:52.905495 - INFO - Nó ativo: i|1|t|2020-04-29 13:35:52.905441
2020-04-29 13:35:59.020643 - INFO - Nó ativo: i|2|t|2020-04-29 13:35:59.020580
2020-04-29 13:36:07.189038 - INFO - Nó ativo: i|3|t|2020-04-29 13:36:07.189021
2020-04-29 13:40:53.003095 - INFO - Nó ativo: i|1|t|2020-04-29 13:40:53.003032
2020-04-29 13:40:59.018488 - INFO - Nó ativo: i|2|t|2020-04-29 13:40:59.018435
2020-04-29 13:41:07.123857 - INFO - Nó ativo: i|3|t|2020-04-29 13:41:07.123794
2020-04-29 13:45:52.957683 - INFO - Nó ativo: i|1|t|2020-04-29 13:45:52.957622
2020-04-29 13:45:58.921982 - INFO - Nó ativo: i|2|t|2020-04-29 13:45:58.921927
2020-04-29 13:46:07.190837 - INFO - Nó ativo: i|3|t|2020-04-29 13:46:07.190774
2020-04-29 13:50:52.979192 - INFO - Nó ativo: i|1|t|2020-04-29 13:50:52.979178
2020-04-29 13:50:58.982808 - INFO - Nó ativo: i|2|t|2020-04-29 13:50:58.982746
2020-04-29 13:51:07.091230 - INFO - Nó ativo: i|3|t|2020-04-29 13:51:07.091193
2020-04-29 13:55:52.998848 - INFO - Nó ativo: i|1|t|2020-04-29 13:55:52.998786
2020-04-29 13:55:58.929590 - INFO - Nó ativo: i|2|t|2020-04-29 13:55:58.929527
2020-04-29 13:56:07.186584 - INFO - Nó ativo: i|3|t|2020-04-29 13:56:07.186522
2020-04-29 14:00:53.001777 - INFO - Nó ativo: i|1|t|2020-04-29 14:00:53.001727
2020-04-29 14:00:59.018199 - INFO - Nó ativo: i|2|t|2020-04-29 14:00:59.018145
2020-04-29 14:01:07.187815 - INFO - Nó ativo: i|3|t|2020-04-29 14:01:07.187749
2020-04-29 14:05:52.998291 - INFO - Nó ativo: i|1|t|2020-04-29 14:05:52.998238
2020-04-29 14:05:59.018853 - INFO - Nó ativo: i|2|t|2020-04-29 14:05:59.018798
2020-04-29 14:06:07.189687 - INFO - Nó ativo: i|3|t|2020-04-29 14:06:07.189653
2020-04-29 14:10:53.001266 - INFO - Nó ativo: i|1|t|2020-04-29 14:10:53.001233
2020-04-29 14:10:59.019649 - INFO - Nó ativo: i|2|t|2020-04-29 14:10:59.019608
2020-04-29 14:11:07.185600 - INFO - Nó ativo: i|3|t|2020-04-29 14:11:07.185557
2020-04-29 14:15:52.998585 - INFO - Nó ativo: i|1|t|2020-04-29 14:15:52.998519
2020-04-29 14:15:59.016434 - INFO - Nó ativo: i|2|t|2020-04-29 14:15:59.016378
2020-04-29 14:16:07.186955 - INFO - Nó ativo: i|3|t|2020-04-29 14:16:07.186901
2020-04-29 14:20:53.002452 - INFO - Nó ativo: i|1|t|2020-04-29 14:20:53.002397
2020-04-29 14:20:59.019678 - INFO - Nó ativo: i|2|t|2020-04-29 14:20:59.019623
2020-04-29 14:21:07.186075 - INFO - Nó ativo: i|3|t|2020-04-29 14:21:07.186021
2020-04-29 14:25:53.002254 - INFO - Nó ativo: i|1|t|2020-04-29 14:25:53.002200
2020-04-29 14:25:59.018300 - INFO - Nó ativo: i|2|t|2020-04-29 14:25:59.018229
2020-04-29 14:26:07.185178 - INFO - Nó ativo: i|3|t|2020-04-29 14:26:07.185160
2020-04-29 14:30:53.002211 - INFO - Nó ativo: i|1|t|2020-04-29 14:30:53.002131
2020-04-29 14:30:59.021016 - INFO - Nó ativo: i|2|t|2020-04-29 14:30:59.020942
2020-04-29 14:31:07.183418 - INFO - Nó ativo: i|3|t|2020-04-29 14:31:07.183358
2020-04-29 14:35:52.994680 - INFO - Nó ativo: i|1|t|2020-04-29 14:35:52.994620
2020-04-29 14:35:59.015263 - INFO - Nó ativo: i|2|t|2020-04-29 14:35:59.015187
2020-04-29 14:36:07.182456 - INFO - Nó ativo: i|3|t|2020-04-29 14:36:07.182396
2020-04-29 14:40:52.998648 - INFO - Nó ativo: i|1|t|2020-04-29 14:40:52.998572
2020-04-29 14:40:59.013525 - INFO - Nó ativo: i|2|t|2020-04-29 14:40:59.013494
2020-04-29 14:41:07.182528 - INFO - Nó ativo: i|3|t|2020-04-29 14:41:07.182468
2020-04-29 14:45:52.993049 - INFO - Nó ativo: i|1|t|2020-04-29 14:45:52.993030
2020-04-29 14:45:59.014594 - INFO - Nó ativo: i|2|t|2020-04-29 14:45:59.014537
2020-04-29 14:46:07.181788 - INFO - Nó ativo: i|3|t|2020-04-29 14:46:07.181749
2020-04-29 14:50:52.993004 - INFO - Nó ativo: i|1|t|2020-04-29 14:50:52.992981
2020-04-29 14:50:59.014637 - INFO - Nó ativo: i|2|t|2020-04-29 14:50:59.014575
2020-04-29 14:51:07.182327 - INFO - Nó ativo: i|3|t|2020-04-29 14:51:07.182286
2020-04-29 14:55:52.994466 - INFO - Nó ativo: i|1|t|2020-04-29 14:55:52.994408
2020-04-29 14:55:59.014696 - INFO - Nó ativo: i|2|t|2020-04-29 14:55:59.014633
2020-04-29 14:56:07.180983 - INFO - Nó ativo: i|3|t|2020-04-29 14:56:07.180968
2020-04-29 15:00:52.998166 - INFO - Nó ativo: i|1|t|2020-04-29 15:00:52.998125
2020-04-29 15:00:59.015948 - INFO - Nó ativo: i|2|t|2020-04-29 15:00:59.015858
2020-04-29 15:01:07.181268 - INFO - Nó ativo: i|3|t|2020-04-29 15:01:07.181244
2020-04-29 15:05:52.994776 - INFO - Nó ativo: i|1|t|2020-04-29 15:05:52.994700
2020-04-29 15:05:59.014934 - INFO - Nó ativo: i|2|t|2020-04-29 15:05:59.014875
2020-04-29 15:06:07.182973 - INFO - Nó ativo: i|3|t|2020-04-29 15:06:07.182913
2020-04-29 15:10:52.998441 - INFO - Nó ativo: i|1|t|2020-04-29 15:10:52.998386
2020-04-29 15:10:59.015366 - INFO - Nó ativo: i|2|t|2020-04-29 15:10:59.015306
2020-04-29 15:11:07.181315 - INFO - Nó ativo: i|3|t|2020-04-29 15:11:07.181295
2020-04-29 15:15:52.994322 - INFO - Nó ativo: i|1|t|2020-04-29 15:15:52.994266
2020-04-29 15:15:59.014559 - INFO - Nó ativo: i|2|t|2020-04-29 15:15:59.014491
2020-04-29 15:16:07.182511 - INFO - Nó ativo: i|3|t|2020-04-29 15:16:07.182453
2020-04-29 15:20:52.996303 - INFO - Nó ativo: i|1|t|2020-04-29 15:20:52.996243
2020-04-29 15:20:59.014506 - INFO - Nó ativo: i|2|t|2020-04-29 15:20:59.014447
2020-04-29 15:21:07.184018 - INFO - Nó ativo: i|3|t|2020-04-29 15:21:07.183959
2020-04-29 15:25:52.998795 - INFO - Nó ativo: i|1|t|2020-04-29 15:25:52.998736
2020-04-29 15:25:59.014983 - INFO - Nó ativo: i|2|t|2020-04-29 15:25:59.014922
2020-04-29 15:26:07.184980 - INFO - Nó ativo: i|3|t|2020-04-29 15:26:07.184921
2020-06-29 18:41:14.061832 - INFO - Subscribing to topic /4jggokgpepnvsb2uv4s40d59ov/relogio01/attrs...
2020-06-29 18:41:14.063187 - INFO - Nó ativo: i|1|t|2020-06-29 18:41:14.063166
2020-06-30 09:16:33.268374 - INFO - Subscribing to topic /4jggokgpepnvsb2uv4s40d59ov/relogio01/attrs...
2020-06-30 09:16:33.277762 - INFO - Nó ativo: i|1|t|2020-06-30 09:16:33.277697
2020-06-30 09:16:44.517059 - INFO - Subscribing to topic /4jggokgpepnvsb2uv4s40d59ov/relogio01/attrs...
2020-06-30 09:16:44.518494 - INFO - Nó ativo: i|2|t|2020-06-30 09:16:44.518478
2020-06-30 09:18:08.164078 - INFO - Monitoramento Iniciado.
2020-06-30 09:18:08.164454 - INFO - Monitoramento Iniciado.
2020-06-30 09:18:37.166050 - INFO - Ausencia detectada!
2020-06-30 09:18:37.166455 - INFO - Ausencia detectada!
2020-06-30 09:18:37.174094 - INFO - Publicando: i|1|t|2020-06-30 09:18:37.166310
2020-06-30 09:18:37.173967 - INFO - Publicando: i|2|t|2020-06-30 09:18:37.165874
2020-06-30 09:19:07.184534 - INFO - Ausencia detectada!
2020-06-30 09:19:07.185641 - INFO - Ausencia detectada!
2020-06-30 09:19:07.192219 - INFO - Publicando: i|1|t|2020-06-30 09:19:07.184396
2020-06-30 09:19:07.193236 - INFO - Publicando: i|2|t|2020-06-30 09:19:07.185507
2020-06-30 09:19:17.903331 - INFO - Subscribing to topic /4jggokgpepnvsb2uv4s40d59ov/relogio01/attrs...
2020-06-30 09:19:17.904946 - INFO - Nó ativo: i|1|t|2020-06-30 09:19:17.904908
2020-06-30 09:19:24.496986 - INFO - Subscribing to topic /4jggokgpepnvsb2uv4s40d59ov/relogio01/attrs...
2020-06-30 09:19:24.498407 - INFO - Nó ativo: i|2|t|2020-06-30 09:19:24.498391
2020-06-30 09:19:48.024010 - INFO - Monitoramento Iniciado.
2020-06-30 09:19:48.024646 - INFO - Monitoramento Iniciado.
2020-06-30 09:20:17.025969 - INFO - Ausencia detectada!
2020-06-30 09:20:17.026638 - INFO - Ausencia detectada!
2020-06-30 09:20:17.033896 - INFO - Publicando: i|2|t|2020-06-30 09:20:17.025799
2020-06-30 09:20:17.034320 - INFO - Publicando: i|1|t|2020-06-30 09:20:17.026485
2020-06-30 09:20:47.044431 - INFO - Ausencia detectada!
2020-06-30 09:20:47.045891 - INFO - Publicando: i|2|t|2020-06-30 09:20:47.044404
2020-06-30 09:20:47.045954 - INFO - Ausencia detectada!
2020-06-30 09:20:47.047289 - INFO - Publicando: i|1|t|2020-06-30 09:20:47.045932
2020-06-30 09:21:17.048368 - INFO - Ausencia detectada!
2020-06-30 09:21:17.049810 - INFO - Publicando: i|2|t|2020-06-30 09:21:17.048342
2020-06-30 09:21:17.050062 - INFO - Ausencia detectada!
2020-06-30 09:21:17.051495 - INFO - Publicando: i|1|t|2020-06-30 09:21:17.050038
2020-06-30 09:21:47.052376 - INFO - Ausencia detectada!
2020-06-30 09:21:47.053831 - INFO - Publicando: i|2|t|2020-06-30 09:21:47.052350
2020-06-30 09:21:47.054374 - INFO - Ausencia detectada!
2020-06-30 09:21:47.055816 - INFO - Publicando: i|1|t|2020-06-30 09:21:47.054351
2020-06-30 09:21:54.362131 - INFO - Monitoramento finalizado.
2020-06-30 09:21:54.362105 - INFO - Monitoramento finalizado.
2020-06-30 13:12:16.935997 - INFO - Subscribing to topic /4jggokgpepnvsb2uv4s40d59ov/relogio01/attrs...
2020-06-30 13:12:16.937378 - INFO - Nó ativo: i|1|t|2020-06-30 13:12:16.937363
2020-06-30 13:12:39.907636 - INFO - Monitoramento Iniciado.
2020-06-30 13:13:08.910442 - INFO - Ausencia detectada!
2020-06-30 13:13:08.911746 - INFO - Publicando: i|1|t|2020-06-30 13:13:08.910417
2020-06-30 13:13:38.913463 - INFO - Ausencia detectada!
2020-06-30 13:13:38.914780 - INFO - Publicando: i|1|t|2020-06-30 13:13:38.913439
2020-06-30 13:14:08.917272 - INFO - Ausencia detectada!
2020-06-30 13:14:08.918590 - INFO - Publicando: i|1|t|2020-06-30 13:14:08.917248
2020-06-30 13:14:38.920837 - INFO - Ausencia detectada!
2020-06-30 13:14:38.922116 - INFO - Publicando: i|1|t|2020-06-30 13:14:38.920816
2020-06-30 13:15:08.924324 - INFO - Ausencia detectada!
2020-06-30 13:15:08.925732 - INFO - Publicando: i|1|t|2020-06-30 13:15:08.924298
2020-06-30 13:15:26.873152 - INFO - Monitoramento finalizado.
2020-06-30 13:16:21.005346 - INFO - Subscribing to topic /4jggokgpepnvsb2uv4s40d59ov/relogio01/attrs...
2020-06-30 13:16:21.006690 - INFO - Nó ativo: i|1|t|2020-06-30 13:16:21.006675
2020-06-30 13:16:39.216691 - INFO - Monitoramento Iniciado.
2020-06-30 13:17:08.218636 - INFO - Ausencia detectada!
2020-06-30 13:17:08.219989 - INFO - Publicando: i|1|t|2020-06-30 13:17:08.218613
2020-06-30 13:17:38.222545 - INFO - Ausencia detectada!
2020-06-30 13:17:38.223874 - INFO - Publicando: i|1|t|2020-06-30 13:17:38.222520
2020-06-30 13:17:50.901547 - INFO - Monitoramento finalizado.
2020-06-30 13:19:23.567731 - INFO - Monitoramento Iniciado.
2020-06-30 13:19:52.569808 - INFO - Ausencia detectada!
2020-06-30 13:19:52.571205 - INFO - Publicando: i|1|t|2020-06-30 13:19:52.569779
2020-06-30 13:20:22.573536 - INFO - Ausencia detectada!
2020-06-30 13:20:22.574947 - INFO - Publicando: i|1|t|2020-06-30 13:20:22.573480
2020-06-30 13:20:52.577276 - INFO - Ausencia detectada!
2020-06-30 13:20:52.578639 - INFO - Publicando: i|1|t|2020-06-30 13:20:52.577247
2020-06-30 13:20:55.706478 - INFO - Monitoramento finalizado.
2020-06-30 13:21:13.666639 - INFO - Monitoramento Iniciado.
2020-06-30 13:21:22.218899 - INFO - Nó ativo: i|1|t|2020-06-30 13:21:22.218868
2020-06-30 13:21:24.022327 - INFO - Monitoramento finalizado.
2020-06-30 13:21:31.685262 - INFO - Monitoramento Iniciado.
2020-06-30 13:22:00.687100 - INFO - Ausencia detectada!
2020-06-30 13:22:00.688558 - INFO - Publicando: i|1|t|2020-06-30 13:22:00.687070
2020-06-30 13:22:30.691080 - INFO - Ausencia detectada!
2020-06-30 13:22:30.692633 - INFO - Publicando: i|1|t|2020-06-30 13:22:30.691049
2020-06-30 13:23:00.695270 - INFO - Ausencia detectada!
2020-06-30 13:23:00.696698 - INFO - Publicando: i|1|t|2020-06-30 13:23:00.695240
2020-06-30 13:23:30.699216 - INFO - Ausencia detectada!
2020-06-30 13:23:30.700694 - INFO - Publicando: i|1|t|2020-06-30 13:23:30.699185
2020-06-30 13:24:00.703086 - INFO - Ausencia detectada!
2020-06-30 13:24:00.704475 - INFO - Publicando: i|1|t|2020-06-30 13:24:00.703058
2020-06-30 13:24:30.707034 - INFO - Ausencia detectada!
2020-06-30 13:24:30.708784 - INFO - Publicando: i|1|t|2020-06-30 13:24:30.707003
2020-06-30 13:25:00.711802 - INFO - Ausencia detectada!
2020-06-30 13:25:00.713362 - INFO - Publicando: i|1|t|2020-06-30 13:25:00.711768
2020-06-30 13:25:30.715947 - INFO - Ausencia detectada!
2020-06-30 13:25:30.717907 - INFO - Publicando: i|1|t|2020-06-30 13:25:30.715895
2020-06-30 13:26:00.720675 - INFO - Ausencia detectada!
2020-06-30 13:26:00.722114 - INFO - Publicando: i|1|t|2020-06-30 13:26:00.720647
2020-06-30 13:26:22.235947 - INFO - Nó ativo: i|1|t|2020-06-30 13:26:22.235925
2020-06-30 13:26:30.724475 - INFO - Ausencia detectada!
2020-06-30 13:26:30.729085 - INFO - Publicando: i|1|t|2020-06-30 13:26:30.724434
2020-06-30 13:27:00.732647 - INFO - Ausencia detectada!
2020-06-30 13:27:00.734685 - INFO - Publicando: i|1|t|2020-06-30 13:27:00.732551
2020-06-30 13:27:30.737141 - INFO - Ausencia detectada!
2020-06-30 13:27:30.738714 - INFO - Publicando: i|1|t|2020-06-30 13:27:30.737111
2020-06-30 13:28:00.741558 - INFO - Ausencia detectada!
2020-06-30 13:28:00.742991 - INFO - Publicando: i|1|t|2020-06-30 13:28:00.741530
2020-06-30 13:28:30.745729 - INFO - Ausencia detectada!
2020-06-30 13:28:30.747146 - INFO - Publicando: i|1|t|2020-06-30 13:28:30.745700
2020-06-30 13:29:00.749484 - INFO - Ausencia detectada!
2020-06-30 13:29:00.750860 - INFO - Publicando: i|1|t|2020-06-30 13:29:00.749455
2020-06-30 13:29:30.753420 - INFO - Ausencia detectada!
2020-06-30 13:29:30.754833 - INFO - Publicando: i|1|t|2020-06-30 13:29:30.753388
2020-06-30 13:30:00.757187 - INFO - Ausencia detectada!
2020-06-30 13:30:00.758885 - INFO - Publicando: i|1|t|2020-06-30 13:30:00.757156
2020-06-30 13:30:30.761514 - INFO - Ausencia detectada!
2020-06-30 13:30:30.763918 - INFO - Publicando: i|1|t|2020-06-30 13:30:30.761479
2020-06-30 13:31:00.766703 - INFO - Ausencia detectada!
2020-06-30 13:31:00.768276 - INFO - Publicando: i|1|t|2020-06-30 13:31:00.766673
2020-06-30 13:31:22.232048 - INFO - Nó ativo: i|1|t|2020-06-30 13:31:22.232019
2020-06-30 13:31:30.771307 - INFO - Ausencia detectada!
2020-06-30 13:31:30.772818 - INFO - Publicando: i|1|t|2020-06-30 13:31:30.771278
2020-06-30 13:32:00.775267 - INFO - Ausencia detectada!
2020-06-30 13:32:00.776842 - INFO - Publicando: i|1|t|2020-06-30 13:32:00.775231
2020-06-30 13:32:16.663921 - INFO - Monitoramento finalizado.
