2020-04-08 17:46:20.956423 - INFO - Subscribing to topic /admin/249eb4/config...
2020-04-08 17:46:20.960687 - INFO - Nó ativo: {atividade: 1, time_msg: 2020-04-08 17:46:20.960481}
2020-04-08 17:53:16.024866 - INFO - Subscribing to topic /admin/249eb4/config...
2020-04-08 17:53:16.026489 - INFO - Nó ativo: {atividade: 1, time_msg: 2020-04-08 17:53:16.026439}
2020-04-08 17:54:36.940889 - INFO - Subscribing to topic /admin/249eb4/config...
2020-04-08 17:54:36.942477 - INFO - Nó ativo: {atividade: 1, time_msg: 2020-04-08 17:54:36.942427}
2020-04-08 17:55:33.518150 - INFO - Monitoramento finalizado.
2020-04-08 17:55:56.071188 - INFO - Monitoramento Iniciado.
2020-04-08 17:56:21.076868 - INFO - Ausencia detectada!
2020-04-08 17:56:21.078095 - INFO - Publicando: {id: 1, time_msg: 2020-04-08 17:56:21.076837}
2020-04-08 17:56:47.079780 - INFO - Ausencia detectada!
2020-04-08 17:56:47.081129 - INFO - Publicando: {id: 1, time_msg: 2020-04-08 17:56:47.079755}
2020-04-08 17:57:13.083848 - INFO - Ausencia detectada!
2020-04-08 17:57:13.085818 - INFO - Publicando: {id: 1, time_msg: 2020-04-08 17:57:13.083816}
2020-04-08 17:57:39.088629 - INFO - Ausencia detectada!
2020-04-08 17:57:39.089869 - INFO - Publicando: {id: 1, time_msg: 2020-04-08 17:57:39.088602}
2020-04-08 17:59:55.739097 - INFO - Subscribing to topic /admin/249eb4/config...
2020-04-08 17:59:55.740686 - INFO - Nó ativo: {atividade: 1, time_msg: 2020-04-08 17:59:55.740644}
2020-04-08 18:01:16.437487 - INFO - Subscribing to topic /admin/249eb4/config...
2020-04-08 18:01:16.439117 - INFO - Nó ativo: {atividade: 1, time_msg: 2020-04-08 18:01:16.439072}
2020-04-08 18:03:39.985639 - INFO - Subscribing to topic /admin/249eb4/config...
2020-04-08 18:03:39.987207 - INFO - Nó ativo: {atividade: 1, time_msg: 2020-04-08 18:03:39.987154}
2020-04-08 18:05:00.256501 - INFO - Subscribing to topic /admin/249eb4/config...
2020-04-08 18:05:00.258127 - INFO - Nó ativo: {atividade: 1, time_msg: 2020-04-08 18:05:00.258091}
2020-04-08 18:06:18.744815 - INFO - Subscribing to topic /admin/249eb4/config...
2020-04-08 18:06:18.746274 - INFO - Nó ativo: {atividade: 1, time_msg: 2020-04-08 18:06:18.746207}
2020-04-08 18:07:08.266214 - INFO - Subscribing to topic /admin/249eb4/config...
2020-04-08 18:07:08.267619 - INFO - Nó ativo: {atividade: 1, time_msg: 2020-04-08 18:07:08.267573}
2020-04-08 18:08:01.289687 - INFO - Subscribing to topic /admin/249eb4/config...
2020-04-08 18:08:01.291313 - INFO - Nó ativo: {atividade: 1, time_msg: 2020-04-08 18:08:01.291274}
2020-04-08 18:09:31.432578 - INFO - Subscribing to topic /admin/249eb4/config...
2020-04-08 18:09:31.434461 - INFO - Nó ativo: {atividade: 1, time_msg: 2020-04-08 18:09:31.434416}
2020-04-08 18:10:24.829329 - INFO - Subscribing to topic /admin/249eb4/config...
2020-04-08 18:10:24.830896 - INFO - Nó ativo: {atividade: 1, time_msg: 2020-04-08 18:10:24.830858}
2020-04-08 18:11:21.230395 - INFO - Subscribing to topic /admin/249eb4/config...
2020-04-08 18:11:21.231964 - INFO - Nó ativo: {atividade: 1, time_msg: 2020-04-08 18:11:21.231918}
2020-04-08 18:12:04.935497 - INFO - Subscribing to topic /admin/249eb4/config...
2020-04-08 18:12:04.937132 - INFO - Nó ativo: {atividade: 1, time_msg: 2020-04-08 18:12:04.937093}
2020-04-08 18:12:49.231214 - INFO - Subscribing to topic /admin/249eb4/config...
2020-04-08 18:12:49.232999 - INFO - Nó ativo: {atividade: 1, time_msg: 2020-04-08 18:12:49.232959}
2020-04-08 18:13:53.746155 - INFO - Subscribing to topic /admin/249eb4/config...
2020-04-08 18:13:53.747539 - INFO - Nó ativo: {atividade: 1, time_msg: 2020-04-08 18:13:53.747505}
2020-04-08 18:14:41.566546 - INFO - Subscribing to topic /admin/249eb4/config...
2020-04-08 18:14:41.567916 - INFO - Nó ativo: {atividade: 1, time_msg: 2020-04-08 18:14:41.567882}
2020-04-08 18:16:09.673004 - INFO - Subscribing to topic /admin/249eb4/config...
2020-04-08 18:16:09.674461 - INFO - Nó ativo: {atividade: 1, time_msg: 2020-04-08 18:16:09.674398}
2020-04-08 18:17:10.022469 - INFO - Subscribing to topic /admin/249eb4/config...
2020-04-08 18:17:10.024143 - INFO - Nó ativo: {atividade: 1, time_msg: 2020-04-08 18:17:10.024102}
2020-04-08 18:17:54.841722 - INFO - Subscribing to topic /admin/249eb4/config...
2020-04-08 18:17:54.843264 - INFO - Nó ativo: {atividade: 1, time_msg: 2020-04-08 18:17:54.843229}
2020-04-08 18:18:53.527722 - INFO - Subscribing to topic /admin/249eb4/config...
2020-04-08 18:18:53.529389 - INFO - Nó ativo: {atividade: 1, time_msg: 2020-04-08 18:18:53.529349}
2020-04-08 18:19:05.703960 - INFO - Subscribing to topic /admin/249eb4/config...
2020-04-08 18:19:05.705446 - INFO - Nó ativo: {atividade: 1, time_msg: 2020-04-08 18:19:05.705413}
2020-04-08 18:20:14.873350 - INFO - Subscribing to topic /admin/249eb4/config...
2020-04-08 18:20:14.874805 - INFO - Nó ativo: {atividade: 1, time_msg: 2020-04-08 18:20:14.874764}
2020-04-08 18:20:44.891206 - INFO - Subscribing to topic /admin/249eb4/config...
2020-04-08 18:20:44.892688 - INFO - Nó ativo: {atividade: 1, time_msg: 2020-04-08 18:20:44.892644}
2020-04-08 18:21:19.811773 - INFO - Subscribing to topic /admin/249eb4/config...
2020-04-08 18:21:19.813114 - INFO - Nó ativo: {atividade: 1, time_msg: 2020-04-08 18:21:19.813076}
2020-04-08 18:21:47.861191 - INFO - Subscribing to topic /admin/249eb4/config...
2020-04-08 18:21:47.863004 - INFO - Nó ativo: {atividade: 1, time_msg: 2020-04-08 18:21:47.862949}
2020-04-08 18:22:14.948993 - INFO - Subscribing to topic /admin/249eb4/config...
2020-04-08 18:22:14.950333 - INFO - Nó ativo: {atividade: 1, time_msg: 2020-04-08 18:22:14.950279}
2020-04-08 18:22:47.665478 - INFO - Subscribing to topic /admin/249eb4/config...
2020-04-08 18:22:47.666959 - INFO - Nó ativo: {atividade: 1, time_msg: 2020-04-08 18:22:47.666924}
2020-04-08 18:23:49.751087 - INFO - Subscribing to topic /admin/249eb4/config...
2020-04-08 18:23:49.752639 - INFO - Nó ativo: {atividade: 1, time_msg: 2020-04-08 18:23:49.752594}
2020-04-08 18:24:18.545964 - INFO - Subscribing to topic /admin/249eb4/config...
2020-04-08 18:24:18.547472 - INFO - Nó ativo: {atividade: 1, time_msg: 2020-04-08 18:24:18.547416}
2020-04-08 18:26:06.538591 - INFO - Subscribing to topic /admin/249eb4/config...
2020-04-08 18:26:06.540164 - INFO - Nó ativo: {atividade: 1, time_msg: 2020-04-08 18:26:06.540120}
2020-04-08 18:26:59.460577 - INFO - Subscribing to topic /admin/249eb4/config...
2020-04-08 18:26:59.462106 - INFO - Nó ativo: {atividade: 1, time_msg: 2020-04-08 18:26:59.462048}
2020-04-08 18:27:46.654808 - INFO - Subscribing to topic /admin/249eb4/config...
2020-04-08 18:27:46.656231 - INFO - Nó ativo: {atividade: 1, time_msg: 2020-04-08 18:27:46.656180}
2020-04-08 18:28:57.384992 - INFO - Subscribing to topic /admin/249eb4/config...
2020-04-08 18:28:57.386502 - INFO - Nó ativo: {atividade: 1, time_msg: 2020-04-08 18:28:57.386462}
2020-04-08 18:31:55.417168 - INFO - Subscribing to topic /admin/249eb4/config...
2020-04-08 18:31:55.418654 - INFO - Nó ativo: {atividade: 1, time_msg: 2020-04-08 18:31:55.418617}
2020-04-08 18:32:26.876510 - INFO - Subscribing to topic /admin/249eb4/config...
2020-04-08 18:32:26.877944 - INFO - Nó ativo: {atividade: 1, time_msg: 2020-04-08 18:32:26.877903}
2020-04-08 18:33:40.480989 - INFO - Subscribing to topic /admin/249eb4/config...
2020-04-08 18:33:40.482435 - INFO - Nó ativo: {atividade: 1, time_msg: 2020-04-08 18:33:40.482390}
2020-04-08 18:34:40.572866 - INFO - Subscribing to topic /admin/249eb4/config...
2020-04-08 18:34:40.574264 - INFO - Nó ativo: {atividade: 1, time_msg: 2020-04-08 18:34:40.574226}
2020-04-08 18:36:47.754494 - INFO - Subscribing to topic /admin/249eb4/config...
2020-04-08 18:36:47.755896 - INFO - Nó ativo: {atividade: 1, time_msg: 2020-04-08 18:36:47.755861}
2020-04-08 18:38:27.533088 - INFO - Subscribing to topic /admin/249eb4/config...
2020-04-08 18:38:27.534678 - INFO - Nó ativo: {atividade: 1, time_msg: 2020-04-08 18:38:27.534644}
2020-04-08 18:39:04.071282 - INFO - Monitoramento Iniciado.
2020-04-08 18:39:29.074901 - INFO - Ausencia detectada!
2020-04-08 18:39:29.076092 - INFO - Publicando: {id: 1, time_msg: 2020-04-08 18:39:29.074877}
