2020-07-06 13:02:04.603109 - INFO - Subscrevendo nos tópicos /admin/4f30e2/config e /admin/17f28c/config...
2020-07-06 13:02:04.604427 - INFO - Subscrevendo no tópico /admin/249eb4/config...
2020-07-06 13:02:38.689833 - INFO - Subscrevendo nos tópicos /admin/4f30e2/config e /admin/17f28c/config...
2020-07-06 13:02:38.690322 - INFO - Subscrevendo no tópico /admin/249eb4/config...
2020-07-06 13:04:27.290723 - INFO - Subscrevendo no tópico /admin/249eb4/config...
2020-07-06 13:04:27.292127 - INFO - Subscrevendo nos tópicos /admin/4f30e2/config e /admin/17f28c/config...
2020-07-06 13:04:44.890368 - INFO - Subscrevendo nos tópicos /admin/4f30e2/config e /admin/17f28c/config...
2020-07-06 13:04:44.889810 - INFO - Subscrevendo no tópico /admin/249eb4/config...
2020-07-06 13:06:11.213557 - INFO - Subscrevendo nos tópicos /admin/4f30e2/config e /admin/17f28c/config...
2020-07-06 13:06:11.213523 - INFO - Subscrevendo no tópico /admin/249eb4/config...
2020-07-06 13:07:28.307995 - INFO - Subscrevendo nos tópicos /admin/4f30e2/config e /admin/17f28c/config...
2020-07-06 13:07:28.309061 - INFO - Subscrevendo no tópico /admin/249eb4/config...
2020-07-06 13:09:10.649152 - INFO - Subscrevendo nos tópicos /admin/4f30e2/config e /admin/17f28c/config...
2020-07-06 13:09:10.650516 - INFO - Subscrevendo no tópico /admin/249eb4/config...
2020-07-06 13:10:23.809361 - INFO - Subscrevendo no tópico /admin/249eb4/config...
2020-07-06 13:10:23.809391 - INFO - Subscrevendo nos tópicos /admin/4f30e2/config e /admin/17f28c/config...
2020-07-06 13:11:23.398723 - INFO - Subscrevendo nos tópicos /admin/4f30e2/config e /admin/17f28c/config...
2020-07-06 13:11:23.399352 - INFO - Subscrevendo no tópico /admin/249eb4/config...
2020-07-06 13:12:31.524286 - INFO - Subscrevendo no tópico /admin/249eb4/config...
2020-07-06 13:12:31.524319 - INFO - Subscrevendo nos tópicos /admin/4f30e2/config e /admin/17f28c/config...
2020-07-06 13:14:16.561168 - INFO - Subscrevendo nos tópicos /admin/4f30e2/config e /admin/17f28c/config...
2020-07-06 13:14:16.560602 - INFO - Subscrevendo no tópico /admin/249eb4/config...
2020-07-06 13:14:42.084257 - INFO - Monitoramento iniciado.
2020-07-06 13:15:09.116722 - INFO - Identificada a ausência de pessoas em regiões do ambiente.
2020-07-06 13:15:39.142336 - INFO - Nenhuma pessoa identificada no ambiente. Temporizador iniciado.
2020-07-06 13:20:39.454980 - INFO - Ambiente vazio há 5 minutos.
2020-07-06 13:25:39.780890 - INFO - Ambiente vazio há 10 minutos.
2020-07-06 13:30:40.114172 - INFO - Ambiente disponível!
2020-07-06 13:30:44.334853 - INFO - E-mail enviado!
2020-07-06 13:30:44.336969 - INFO - Publicando: {"termino_monitoramento": true}
2020-07-06 13:30:46.341004 - INFO - Monitoramento encerrado.
2020-07-06 13:37:28.712261 - INFO - Subscrevendo no tópico /admin/249eb4/config...
2020-07-06 13:37:28.712444 - INFO - Subscrevendo nos tópicos /admin/4f30e2/config e /admin/17f28c/config...
2020-07-06 13:41:41.951096 - INFO - Subscrevendo nos tópicos /admin/4f30e2/config e /admin/17f28c/config...
2020-07-06 13:41:41.952012 - INFO - Subscrevendo no tópico /admin/249eb4/config...
2020-07-06 13:42:21.407822 - INFO - Monitoramento iniciado.
2020-07-06 13:42:48.440008 - INFO - Identificada a ausência de pessoas em regiões do ambiente.
