2020-12-01 13:51:03.968148 - INFO - Subscribing to topic /b2cdbbe033db11eb853de20166b6007e/relogio/attrs...
2020-12-01 13:51:03.972706 - INFO - Nó ativo: i|1|t|2020-12-01 13:51:03.972613
2020-12-01 13:51:13.347884 - INFO - Subscribing to topic /b2cdbbe033db11eb853de20166b6007e/relogio/attrs...
2020-12-01 13:51:13.349808 - INFO - Nó ativo: i|2|t|2020-12-01 13:51:13.349775
2020-12-01 13:56:05.309131 - INFO - Nó ativo: i|1|t|2020-12-01 13:56:05.309090
2020-12-01 13:56:14.512207 - INFO - Nó ativo: i|2|t|2020-12-01 13:56:14.512186
2020-12-01 14:01:05.306016 - INFO - Nó ativo: i|1|t|2020-12-01 14:01:05.305962
2020-12-01 14:01:14.435050 - INFO - Nó ativo: i|2|t|2020-12-01 14:01:14.434996
2020-12-01 14:02:47.939385 - INFO - Subscribing to topic /b2cdbbe033db11eb853de20166b6007e/relogio/attrs...
2020-12-01 14:02:47.943749 - INFO - Nó ativo: i|1|t|2020-12-01 14:02:47.943650
2020-12-01 14:02:51.784444 - INFO - Subscribing to topic /b2cdbbe033db11eb853de20166b6007e/relogio/attrs...
2020-12-01 14:02:51.786834 - INFO - Nó ativo: i|2|t|2020-12-01 14:02:51.786787
2020-12-01 14:09:15.539631 - INFO - Subscribing to topic /b2cdbbe033db11eb853de20166b6007e/relogio/attrs...
2020-12-01 14:09:15.542401 - INFO - Nó ativo: i|1|t|2020-12-01 14:09:15.542345
2020-12-01 14:09:22.695912 - INFO - Subscribing to topic /b2cdbbe033db11eb853de20166b6007e/relogio/attrs...
2020-12-01 14:09:22.697971 - INFO - Nó ativo: i|2|t|2020-12-01 14:09:22.697909
2020-12-01 14:11:11.087854 - INFO - Monitoramento Iniciado.
2020-12-01 14:11:11.088040 - INFO - Monitoramento Iniciado.
2020-12-01 14:11:40.092279 - INFO - Ausencia detectada!
2020-12-01 14:11:40.092326 - INFO - Ausencia detectada!
2020-12-01 14:11:40.093840 - INFO - Publicando: i|2|t|2020-12-01 14:11:40.092301
2020-12-01 14:11:40.093836 - INFO - Publicando: i|1|t|2020-12-01 14:11:40.092252
2020-12-01 14:12:10.096672 - INFO - Ausencia detectada!
2020-12-01 14:12:10.096671 - INFO - Ausencia detectada!
2020-12-01 14:12:10.098253 - INFO - Publicando: i|2|t|2020-12-01 14:12:10.096644
2020-12-01 14:12:10.098253 - INFO - Publicando: i|1|t|2020-12-01 14:12:10.096646
2020-12-01 14:12:40.100891 - INFO - Ausencia detectada!
2020-12-01 14:12:40.100849 - INFO - Ausencia detectada!
2020-12-01 14:12:40.102388 - INFO - Publicando: i|2|t|2020-12-01 14:12:40.100821
2020-12-01 14:12:40.102396 - INFO - Publicando: i|1|t|2020-12-01 14:12:40.100865
2020-12-01 14:13:10.105277 - INFO - Ausencia detectada!
2020-12-01 14:13:10.105279 - INFO - Ausencia detectada!
2020-12-01 14:13:10.106884 - INFO - Publicando: i|2|t|2020-12-01 14:13:10.105249
2020-12-01 14:13:10.106875 - INFO - Publicando: i|1|t|2020-12-01 14:13:10.105249
2020-12-01 14:13:40.109738 - INFO - Ausencia detectada!
2020-12-01 14:13:40.109737 - INFO - Ausencia detectada!
2020-12-01 14:13:40.111350 - INFO - Publicando: i|1|t|2020-12-01 14:13:40.109709
2020-12-01 14:13:40.111351 - INFO - Publicando: i|2|t|2020-12-01 14:13:40.109709
2020-12-01 14:14:10.114166 - INFO - Ausencia detectada!
2020-12-01 14:14:10.114167 - INFO - Ausencia detectada!
2020-12-01 14:14:10.115700 - INFO - Publicando: i|2|t|2020-12-01 14:14:10.114139
2020-12-01 14:14:10.115712 - INFO - Publicando: i|1|t|2020-12-01 14:14:10.114136
2020-12-01 14:14:16.756623 - INFO - Nó ativo: i|1|t|2020-12-01 14:14:16.756605
2020-12-01 14:14:23.892496 - INFO - Nó ativo: i|2|t|2020-12-01 14:14:23.892478
2020-12-01 14:14:40.118498 - INFO - Ausencia detectada!
2020-12-01 14:14:40.118499 - INFO - Ausencia detectada!
2020-12-01 14:14:40.120467 - INFO - Publicando: i|2|t|2020-12-01 14:14:40.118472
2020-12-01 14:14:40.120475 - INFO - Publicando: i|1|t|2020-12-01 14:14:40.118474
2020-12-01 14:15:10.123357 - INFO - Ausencia detectada!
2020-12-01 14:15:10.123357 - INFO - Ausencia detectada!
2020-12-01 14:15:10.124931 - INFO - Publicando: i|1|t|2020-12-01 14:15:10.123328
2020-12-01 14:15:10.124957 - INFO - Publicando: i|2|t|2020-12-01 14:15:10.123331
2020-12-01 14:15:40.127313 - INFO - Ausencia detectada!
2020-12-01 14:15:40.127599 - INFO - Ausencia detectada!
2020-12-01 14:15:40.128872 - INFO - Publicando: i|1|t|2020-12-01 14:15:40.127287
2020-12-01 14:15:40.129001 - INFO - Publicando: i|2|t|2020-12-01 14:15:40.127577
2020-12-01 14:15:55.778676 - INFO - Monitoramento finalizado.
2020-12-01 14:15:55.799051 - INFO - Monitoramento finalizado.
2020-12-01 14:16:23.431983 - INFO - Subscribing to topic /b2cdbbe033db11eb853de20166b6007e/relogio/attrs...
2020-12-01 14:16:23.434207 - INFO - Nó ativo: i|1|t|2020-12-01 14:16:23.434162
2020-12-01 14:16:25.460747 - INFO - Subscribing to topic /b2cdbbe033db11eb853de20166b6007e/relogio/attrs...
2020-12-01 14:16:25.462750 - INFO - Nó ativo: i|2|t|2020-12-01 14:16:25.462711
2020-12-01 14:16:55.968034 - INFO - Monitoramento Iniciado.
2020-12-01 14:16:55.968076 - INFO - Monitoramento Iniciado.
2020-12-01 14:17:24.969798 - INFO - Ausencia detectada!
2020-12-01 14:17:24.969829 - INFO - Ausencia detectada!
2020-12-01 14:17:24.971294 - INFO - Publicando: i|2|t|2020-12-01 14:17:24.969773
2020-12-01 14:17:24.971283 - INFO - Publicando: i|1|t|2020-12-01 14:17:24.969809
2020-12-01 14:17:54.974228 - INFO - Ausencia detectada!
2020-12-01 14:17:54.974229 - INFO - Ausencia detectada!
2020-12-01 14:17:54.975714 - INFO - Publicando: i|2|t|2020-12-01 14:17:54.974207
2020-12-01 14:17:54.975699 - INFO - Publicando: i|1|t|2020-12-01 14:17:54.974205
2020-12-01 14:18:24.978557 - INFO - Ausencia detectada!
2020-12-01 14:18:24.978557 - INFO - Ausencia detectada!
2020-12-01 14:18:24.980450 - INFO - Publicando: i|1|t|2020-12-01 14:18:24.978530
2020-12-01 14:18:24.980443 - INFO - Publicando: i|2|t|2020-12-01 14:18:24.978532
2020-12-01 14:18:54.982931 - INFO - Ausencia detectada!
2020-12-01 14:18:54.983076 - INFO - Ausencia detectada!
2020-12-01 14:18:54.984453 - INFO - Publicando: i|1|t|2020-12-01 14:18:54.982907
2020-12-01 14:18:54.984844 - INFO - Publicando: i|2|t|2020-12-01 14:18:54.983053
2020-12-01 14:19:24.987314 - INFO - Ausencia detectada!
2020-12-01 14:19:24.987150 - INFO - Ausencia detectada!
2020-12-01 14:19:24.988788 - INFO - Publicando: i|2|t|2020-12-01 14:19:24.987292
2020-12-01 14:19:24.988887 - INFO - Publicando: i|1|t|2020-12-01 14:19:24.987121
2020-12-01 14:19:54.991162 - INFO - Ausencia detectada!
2020-12-01 14:19:54.991315 - INFO - Ausencia detectada!
2020-12-01 14:19:54.992682 - INFO - Publicando: i|2|t|2020-12-01 14:19:54.991133
2020-12-01 14:19:54.993107 - INFO - Publicando: i|1|t|2020-12-01 14:19:54.991291
2020-12-01 14:20:24.995317 - INFO - Ausencia detectada!
2020-12-01 14:20:24.995812 - INFO - Ausencia detectada!
2020-12-01 14:20:24.996947 - INFO - Publicando: i|2|t|2020-12-01 14:20:24.995288
2020-12-01 14:20:24.997436 - INFO - Publicando: i|1|t|2020-12-01 14:20:24.995788
2020-12-01 14:20:54.999287 - INFO - Ausencia detectada!
2020-12-01 14:20:54.999283 - INFO - Ausencia detectada!
2020-12-01 14:20:55.000798 - INFO - Publicando: i|1|t|2020-12-01 14:20:54.999252
2020-12-01 14:20:55.000803 - INFO - Publicando: i|2|t|2020-12-01 14:20:54.999265
2020-12-01 14:21:24.571373 - INFO - Nó ativo: i|1|t|2020-12-01 14:21:24.571354
2020-12-01 14:21:25.003271 - INFO - Ausencia detectada!
2020-12-01 14:21:25.003264 - INFO - Ausencia detectada!
2020-12-01 14:21:25.005298 - INFO - Publicando: i|1|t|2020-12-01 14:21:25.003217
2020-12-01 14:21:25.005182 - INFO - Publicando: i|2|t|2020-12-01 14:21:25.003249
2020-12-01 14:21:26.644849 - INFO - Nó ativo: i|2|t|2020-12-01 14:21:26.644834
2020-12-01 14:21:55.007368 - INFO - Ausencia detectada!
2020-12-01 14:21:55.007562 - INFO - Ausencia detectada!
2020-12-01 14:21:55.008933 - INFO - Publicando: i|1|t|2020-12-01 14:21:55.007340
2020-12-01 14:21:55.008963 - INFO - Publicando: i|2|t|2020-12-01 14:21:55.007539
2020-12-01 14:22:25.011296 - INFO - Ausencia detectada!
2020-12-01 14:22:25.011620 - INFO - Ausencia detectada!
2020-12-01 14:22:25.012871 - INFO - Publicando: i|1|t|2020-12-01 14:22:25.011266
2020-12-01 14:22:25.013011 - INFO - Publicando: i|2|t|2020-12-01 14:22:25.011597
2020-12-01 14:22:55.015693 - INFO - Ausencia detectada!
2020-12-01 14:22:55.015739 - INFO - Ausencia detectada!
2020-12-01 14:22:55.017271 - INFO - Publicando: i|2|t|2020-12-01 14:22:55.015654
2020-12-01 14:22:55.017283 - INFO - Publicando: i|1|t|2020-12-01 14:22:55.015713
2020-12-01 14:22:58.465664 - INFO - Monitoramento finalizado.
2020-12-01 14:22:58.470717 - INFO - Monitoramento finalizado.
2020-12-01 14:25:46.799646 - INFO - Monitoramento Iniciado.
2020-12-01 14:25:46.799752 - INFO - Monitoramento Iniciado.
2020-12-01 14:26:15.804436 - INFO - Ausencia detectada!
2020-12-01 14:26:15.804824 - INFO - Ausencia detectada!
2020-12-01 14:26:15.805958 - INFO - Publicando: i|1|t|2020-12-01 14:26:15.804409
2020-12-01 14:26:15.806225 - INFO - Publicando: i|2|t|2020-12-01 14:26:15.804801
2020-12-01 14:26:24.640596 - INFO - Nó ativo: i|1|t|2020-12-01 14:26:24.640578
2020-12-01 14:26:26.664419 - INFO - Nó ativo: i|2|t|2020-12-01 14:26:26.664400
2020-12-01 14:26:45.808705 - INFO - Ausencia detectada!
2020-12-01 14:26:45.808705 - INFO - Ausencia detectada!
2020-12-01 14:26:45.810621 - INFO - Publicando: i|1|t|2020-12-01 14:26:45.808682
2020-12-01 14:26:45.810615 - INFO - Publicando: i|2|t|2020-12-01 14:26:45.808678
2020-12-01 14:27:15.813360 - INFO - Ausencia detectada!
2020-12-01 14:27:15.813359 - INFO - Ausencia detectada!
2020-12-01 14:27:15.814930 - INFO - Publicando: i|1|t|2020-12-01 14:27:15.813336
2020-12-01 14:27:15.814927 - INFO - Publicando: i|2|t|2020-12-01 14:27:15.813336
2020-12-01 14:27:45.817902 - INFO - Ausencia detectada!
2020-12-01 14:27:45.817902 - INFO - Ausencia detectada!
2020-12-01 14:27:45.819448 - INFO - Publicando: i|1|t|2020-12-01 14:27:45.817880
2020-12-01 14:27:45.819438 - INFO - Publicando: i|2|t|2020-12-01 14:27:45.817880
2020-12-01 14:28:15.821659 - INFO - Ausencia detectada!
2020-12-01 14:28:15.822149 - INFO - Ausencia detectada!
2020-12-01 14:28:15.823184 - INFO - Publicando: i|2|t|2020-12-01 14:28:15.821633
2020-12-01 14:28:15.823620 - INFO - Publicando: i|1|t|2020-12-01 14:28:15.822129
2020-12-01 14:28:45.826165 - INFO - Ausencia detectada!
2020-12-01 14:28:45.826165 - INFO - Ausencia detectada!
2020-12-01 14:28:45.827689 - INFO - Publicando: i|1|t|2020-12-01 14:28:45.826141
2020-12-01 14:28:45.827682 - INFO - Publicando: i|2|t|2020-12-01 14:28:45.826141
2020-12-01 14:29:15.830472 - INFO - Ausencia detectada!
2020-12-01 14:29:15.830472 - INFO - Ausencia detectada!
2020-12-01 14:29:15.831997 - INFO - Publicando: i|2|t|2020-12-01 14:29:15.830447
2020-12-01 14:29:15.832015 - INFO - Publicando: i|1|t|2020-12-01 14:29:15.830448
2020-12-01 14:29:45.834838 - INFO - Ausencia detectada!
2020-12-01 14:29:45.834838 - INFO - Ausencia detectada!
2020-12-01 14:29:45.836794 - INFO - Publicando: i|2|t|2020-12-01 14:29:45.834814
2020-12-01 14:29:45.836785 - INFO - Publicando: i|1|t|2020-12-01 14:29:45.834813
2020-12-01 14:30:15.838539 - INFO - Ausencia detectada!
2020-12-01 14:30:15.839292 - INFO - Ausencia detectada!
2020-12-01 14:30:15.840044 - INFO - Publicando: i|1|t|2020-12-01 14:30:15.838514
2020-12-01 14:30:15.840915 - INFO - Publicando: i|2|t|2020-12-01 14:30:15.839270
2020-12-01 14:30:45.842985 - INFO - Ausencia detectada!
2020-12-01 14:30:45.843308 - INFO - Ausencia detectada!
2020-12-01 14:30:45.844499 - INFO - Publicando: i|1|t|2020-12-01 14:30:45.842960
2020-12-01 14:30:45.844702 - INFO - Publicando: i|2|t|2020-12-01 14:30:45.843285
2020-12-01 14:31:15.847468 - INFO - Ausencia detectada!
2020-12-01 14:31:15.847469 - INFO - Ausencia detectada!
2020-12-01 14:31:15.849359 - INFO - Publicando: i|1|t|2020-12-01 14:31:15.847447
2020-12-01 14:31:15.849347 - INFO - Publicando: i|2|t|2020-12-01 14:31:15.847441
2020-12-01 14:31:24.584874 - INFO - Nó ativo: i|1|t|2020-12-01 14:31:24.584857
2020-12-01 14:31:26.657507 - INFO - Nó ativo: i|2|t|2020-12-01 14:31:26.657489
2020-12-01 14:31:45.851730 - INFO - Ausencia detectada!
2020-12-01 14:31:45.851730 - INFO - Ausencia detectada!
2020-12-01 14:31:45.853662 - INFO - Publicando: i|2|t|2020-12-01 14:31:45.851706
2020-12-01 14:31:45.853652 - INFO - Publicando: i|1|t|2020-12-01 14:31:45.851705
2020-12-01 14:31:51.693379 - INFO - Monitoramento finalizado.
2020-12-01 14:31:51.735038 - INFO - Monitoramento finalizado.
2020-12-01 14:36:24.640582 - INFO - Nó ativo: i|1|t|2020-12-01 14:36:24.640518
2020-12-01 14:36:26.617163 - INFO - Nó ativo: i|2|t|2020-12-01 14:36:26.617106
2020-12-01 14:41:24.615540 - INFO - Nó ativo: i|1|t|2020-12-01 14:41:24.615489
2020-12-01 14:41:26.605386 - INFO - Nó ativo: i|2|t|2020-12-01 14:41:26.605332
2020-12-01 14:46:24.633364 - INFO - Nó ativo: i|1|t|2020-12-01 14:46:24.633311
2020-12-01 14:46:26.635891 - INFO - Nó ativo: i|2|t|2020-12-01 14:46:26.635838
2020-12-01 15:11:24.557616 - INFO - Nó ativo: i|1|t|2020-12-01 15:11:24.557558
2020-12-01 15:11:26.631283 - INFO - Nó ativo: i|2|t|2020-12-01 15:11:26.631222
2020-12-01 15:16:24.631668 - INFO - Nó ativo: i|1|t|2020-12-01 15:16:24.631616
2020-12-01 15:16:26.635673 - INFO - Nó ativo: i|2|t|2020-12-01 15:16:26.635620
2020-12-01 15:21:24.633960 - INFO - Nó ativo: i|1|t|2020-12-01 15:21:24.633901
2020-12-01 15:21:26.631908 - INFO - Nó ativo: i|2|t|2020-12-01 15:21:26.631852
2020-12-01 15:26:24.543570 - INFO - Nó ativo: i|1|t|2020-12-01 15:26:24.543513
2020-12-01 15:26:26.635452 - INFO - Nó ativo: i|2|t|2020-12-01 15:26:26.635401
2020-12-01 15:31:24.631531 - INFO - Nó ativo: i|1|t|2020-12-01 15:31:24.631479
2020-12-01 15:31:26.635481 - INFO - Nó ativo: i|2|t|2020-12-01 15:31:26.635427
2020-12-01 15:36:24.631908 - INFO - Nó ativo: i|1|t|2020-12-01 15:36:24.631855
2020-12-01 15:36:26.635829 - INFO - Nó ativo: i|2|t|2020-12-01 15:36:26.635772
2020-12-01 15:41:24.631651 - INFO - Nó ativo: i|1|t|2020-12-01 15:41:24.631597
2020-12-01 15:41:26.635826 - INFO - Nó ativo: i|2|t|2020-12-01 15:41:26.635765
2020-12-01 15:46:25.100831 - INFO - Nó ativo: i|1|t|2020-12-01 15:46:25.100781
2020-12-01 15:46:27.061149 - INFO - Nó ativo: i|2|t|2020-12-01 15:46:27.061099
2020-12-01 15:51:24.632842 - INFO - Nó ativo: i|1|t|2020-12-01 15:51:24.632787
2020-12-01 15:51:26.636933 - INFO - Nó ativo: i|2|t|2020-12-01 15:51:26.636882
2020-12-01 15:56:24.635177 - INFO - Nó ativo: i|1|t|2020-12-01 15:56:24.635114
2020-12-01 15:56:26.637039 - INFO - Nó ativo: i|2|t|2020-12-01 15:56:26.636986
2020-12-01 15:59:48.916902 - INFO - Monitoramento Iniciado.
2020-12-01 15:59:48.954490 - INFO - Monitoramento Iniciado.
2020-12-01 16:00:17.921102 - INFO - Ausencia detectada!
2020-12-01 16:00:17.922727 - INFO - Publicando: i|1|t|2020-12-01 16:00:17.921076
2020-12-01 16:00:17.956250 - INFO - Ausencia detectada!
2020-12-01 16:00:17.958294 - INFO - Publicando: i|2|t|2020-12-01 16:00:17.956215
2020-12-01 16:00:47.925876 - INFO - Ausencia detectada!
2020-12-01 16:00:47.927457 - INFO - Publicando: i|1|t|2020-12-01 16:00:47.925849
2020-12-01 16:00:47.961382 - INFO - Ausencia detectada!
2020-12-01 16:00:47.962966 - INFO - Publicando: i|2|t|2020-12-01 16:00:47.961353
2020-12-01 16:01:17.930207 - INFO - Ausencia detectada!
2020-12-01 16:01:17.933070 - INFO - Publicando: i|1|t|2020-12-01 16:01:17.930177
2020-12-01 16:01:17.965520 - INFO - Ausencia detectada!
2020-12-01 16:01:17.967612 - INFO - Publicando: i|2|t|2020-12-01 16:01:17.965491
2020-12-01 16:01:24.643859 - INFO - Nó ativo: i|1|t|2020-12-01 16:01:24.643840
2020-12-01 16:01:26.652601 - INFO - Nó ativo: i|2|t|2020-12-01 16:01:26.652577
2020-12-01 16:01:47.937055 - INFO - Ausencia detectada!
2020-12-01 16:01:47.938978 - INFO - Publicando: i|1|t|2020-12-01 16:01:47.937021
2020-12-01 16:01:47.970263 - INFO - Ausencia detectada!
2020-12-01 16:01:47.971820 - INFO - Publicando: i|2|t|2020-12-01 16:01:47.970237
2020-12-01 16:02:17.942115 - INFO - Ausencia detectada!
2020-12-01 16:02:17.944450 - INFO - Publicando: i|1|t|2020-12-01 16:02:17.942079
2020-12-01 16:02:17.974371 - INFO - Ausencia detectada!
2020-12-01 16:02:17.976589 - INFO - Publicando: i|2|t|2020-12-01 16:02:17.974337
2020-12-01 16:02:47.947767 - INFO - Ausencia detectada!
2020-12-01 16:02:47.949353 - INFO - Publicando: i|1|t|2020-12-01 16:02:47.947741
2020-12-01 16:02:47.979328 - INFO - Ausencia detectada!
2020-12-01 16:02:47.981066 - INFO - Publicando: i|2|t|2020-12-01 16:02:47.979294
2020-12-01 16:03:17.951413 - INFO - Ausencia detectada!
2020-12-01 16:03:17.953354 - INFO - Publicando: i|1|t|2020-12-01 16:03:17.951385
2020-12-01 16:03:17.983276 - INFO - Ausencia detectada!
2020-12-01 16:03:17.985414 - INFO - Publicando: i|2|t|2020-12-01 16:03:17.983239
2020-12-01 16:03:47.955388 - INFO - Ausencia detectada!
2020-12-01 16:03:47.957018 - INFO - Publicando: i|1|t|2020-12-01 16:03:47.955362
2020-12-01 16:03:47.988799 - INFO - Ausencia detectada!
2020-12-01 16:03:47.990532 - INFO - Publicando: i|2|t|2020-12-01 16:03:47.988764
2020-12-01 16:04:17.959319 - INFO - Ausencia detectada!
2020-12-01 16:04:17.961117 - INFO - Publicando: i|1|t|2020-12-01 16:04:17.959289
2020-12-01 16:04:17.993243 - INFO - Ausencia detectada!
2020-12-01 16:04:17.995066 - INFO - Publicando: i|2|t|2020-12-01 16:04:17.993170
2020-12-01 18:34:53.017166 - INFO - Ausencia detectada!
2020-12-01 18:34:53.017168 - INFO - Ausencia detectada!
2020-12-01 18:34:53.020740 - INFO - Publicando: i|2|t|2020-12-01 18:34:53.017124
2020-12-01 18:34:53.020577 - INFO - Publicando: i|1|t|2020-12-01 18:34:53.017136
2020-12-01 18:34:54.027711 - INFO - Monitoramento finalizado.
2020-12-01 18:34:54.029463 - INFO - Monitoramento finalizado.
2020-12-29 11:34:50.612782 - INFO - Subscribing to topic /b2cdbbe033db11eb853de20166b6007e/relogio/attrs...
2020-12-29 11:34:50.616161 - INFO - Nó ativo: i|1|t|2020-12-29 11:34:50.616117
2020-12-29 11:34:57.262591 - INFO - Subscribing to topic /b2cdbbe033db11eb853de20166b6007e/relogio/attrs...
2020-12-29 11:34:57.264988 - INFO - Nó ativo: i|2|t|2020-12-29 11:34:57.264939
2020-12-29 11:39:42.726951 - INFO - Monitoramento Iniciado.
2020-12-29 11:39:42.727986 - INFO - Monitoramento Iniciado.
2020-12-29 11:39:51.804124 - INFO - Nó ativo: i|1|t|2020-12-29 11:39:51.804109
2020-12-29 11:39:58.474675 - INFO - Nó ativo: i|2|t|2020-12-29 11:39:58.474655
2020-12-29 11:44:51.736335 - INFO - Nó ativo: i|1|t|2020-12-29 11:44:51.736320
2020-12-29 11:44:58.492359 - INFO - Nó ativo: i|2|t|2020-12-29 11:44:58.492344
2020-12-29 11:49:51.822592 - INFO - Nó ativo: i|1|t|2020-12-29 11:49:51.822577
2020-12-29 11:49:58.492321 - INFO - Nó ativo: i|2|t|2020-12-29 11:49:58.492305
2020-12-29 11:51:37.712938 - INFO - Subscribing to topic /b2cdbbe033db11eb853de20166b6007e/relogio/attrs...
2020-12-29 11:51:37.714312 - INFO - Nó ativo: i|1|t|2020-12-29 11:51:37.714293
2020-12-29 11:54:58.421534 - INFO - Nó ativo: i|2|t|2020-12-29 11:54:58.421520
2020-12-29 11:55:00.158228 - INFO - Monitoramento finalizado.
2020-12-29 11:56:38.869533 - INFO - Nó ativo: i|1|t|2020-12-29 11:56:38.869489
2020-12-29 11:59:42.375163 - INFO - Monitoramento Iniciado.
2020-12-29 11:59:42.409175 - INFO - Monitoramento Iniciado.
2020-12-29 11:59:44.429529 - INFO - Monitoramento Iniciado.
2020-12-29 11:59:44.435854 - INFO - Monitoramento finalizado.
2020-12-29 11:59:44.444761 - INFO - Monitoramento Iniciado.
2020-12-29 11:59:44.451020 - INFO - Monitoramento finalizado.
2020-12-29 11:59:58.505604 - INFO - Nó ativo: i|2|t|2020-12-29 11:59:58.505589
2020-12-29 12:00:11.411667 - INFO - Ausencia detectada!
2020-12-29 12:00:11.415552 - INFO - Publicando: i|1|t|2020-12-29 12:00:11.411632
2020-12-29 12:00:41.453026 - INFO - Ausencia detectada!
2020-12-29 12:00:41.455192 - INFO - Publicando: i|1|t|2020-12-29 12:00:41.452998
2020-12-29 12:00:50.054299 - INFO - Monitoramento finalizado.
2020-12-29 12:00:50.104319 - INFO - Monitoramento finalizado.
2020-12-29 12:01:07.263000 - INFO - Subscribing to topic /b2cdbbe033db11eb853de20166b6007e/relogio/attrs...
2020-12-29 12:01:07.265919 - INFO - Nó ativo: i|1|t|2020-12-29 12:01:07.265864
2020-12-29 12:01:10.043631 - INFO - Subscribing to topic /b2cdbbe033db11eb853de20166b6007e/relogio/attrs...
2020-12-29 12:01:10.046411 - INFO - Nó ativo: i|2|t|2020-12-29 12:01:10.046351
2020-12-29 12:06:08.393931 - INFO - Nó ativo: i|1|t|2020-12-29 12:06:08.393877
2020-12-29 12:06:11.227377 - INFO - Nó ativo: i|2|t|2020-12-29 12:06:11.227331
2020-12-29 12:09:45.681754 - INFO - Monitoramento Iniciado.
2020-12-29 12:09:45.682722 - INFO - Monitoramento Iniciado.
2020-12-29 12:10:14.687189 - INFO - Ausencia detectada!
2020-12-29 12:10:14.688719 - INFO - Publicando: i|1|t|2020-12-29 12:10:14.687161
2020-12-29 12:10:44.691245 - INFO - Ausencia detectada!
2020-12-29 12:10:44.692711 - INFO - Publicando: i|1|t|2020-12-29 12:10:44.691216
2020-12-29 12:11:08.484881 - INFO - Nó ativo: i|1|t|2020-12-29 12:11:08.484854
2020-12-29 12:11:11.264697 - INFO - Nó ativo: i|2|t|2020-12-29 12:11:11.264673
2020-12-29 12:11:14.695126 - INFO - Ausencia detectada!
2020-12-29 12:11:14.697542 - INFO - Publicando: i|1|t|2020-12-29 12:11:14.695091
2020-12-29 12:11:44.700844 - INFO - Ausencia detectada!
2020-12-29 12:11:44.702330 - INFO - Publicando: i|1|t|2020-12-29 12:11:44.700819
2020-12-29 12:12:14.704994 - INFO - Ausencia detectada!
2020-12-29 12:12:14.706528 - INFO - Publicando: i|1|t|2020-12-29 12:12:14.704970
2020-12-29 12:12:39.076305 - INFO - Subscribing to topic /b2cdbbe033db11eb853de20166b6007e/relogio/attrs...
2020-12-29 12:12:39.077702 - INFO - Nó ativo: i|1|t|2020-12-29 12:12:39.077680
2020-12-29 12:12:57.350972 - INFO - Subscribing to topic /b2cdbbe033db11eb853de20166b6007e/relogio/attrs...
2020-12-29 12:12:57.353512 - INFO - Nó ativo: i|2|t|2020-12-29 12:12:57.353464
2020-12-29 12:17:40.197312 - INFO - Nó ativo: i|1|t|2020-12-29 12:17:40.197273
2020-12-29 12:17:58.487100 - INFO - Nó ativo: i|2|t|2020-12-29 12:17:58.487047
2020-12-29 12:22:40.213438 - INFO - Nó ativo: i|1|t|2020-12-29 12:22:40.213387
2020-12-29 12:22:58.549101 - INFO - Nó ativo: i|2|t|2020-12-29 12:22:58.549050
2020-12-29 12:27:40.235011 - INFO - Nó ativo: i|1|t|2020-12-29 12:27:40.234961
2020-12-29 12:27:58.549055 - INFO - Nó ativo: i|2|t|2020-12-29 12:27:58.549005
2020-12-29 12:29:45.710915 - INFO - Monitoramento Iniciado.
2020-12-29 12:29:45.710964 - INFO - Monitoramento Iniciado.
2020-12-29 12:30:14.713218 - INFO - Ausencia detectada!
2020-12-29 12:30:14.713218 - INFO - Ausencia detectada!
2020-12-29 12:30:14.714759 - INFO - Publicando: i|2|t|2020-12-29 12:30:14.713193
2020-12-29 12:30:14.714775 - INFO - Publicando: i|1|t|2020-12-29 12:30:14.713191
2020-12-29 12:30:44.717370 - INFO - Ausencia detectada!
2020-12-29 12:30:44.717551 - INFO - Ausencia detectada!
2020-12-29 12:30:44.719193 - INFO - Publicando: i|1|t|2020-12-29 12:30:44.717336
2020-12-29 12:30:44.719341 - INFO - Publicando: i|2|t|2020-12-29 12:30:44.717528
2020-12-29 12:31:14.721745 - INFO - Ausencia detectada!
2020-12-29 12:31:14.721937 - INFO - Ausencia detectada!
2020-12-29 12:31:14.723411 - INFO - Publicando: i|2|t|2020-12-29 12:31:14.721915
2020-12-29 12:31:14.723353 - INFO - Publicando: i|1|t|2020-12-29 12:31:14.721721
2020-12-29 12:31:24.298679 - INFO - Subscribing to topic /b2cdbbe033db11eb853de20166b6007e/relogio/attrs...
2020-12-29 12:31:24.300109 - INFO - Nó ativo: i|1|t|2020-12-29 12:31:24.300086
2020-12-29 12:31:44.726026 - INFO - Ausencia detectada!
2020-12-29 12:31:44.727347 - INFO - Publicando: i|2|t|2020-12-29 12:31:44.726004
2020-12-29 12:31:47.584786 - INFO - Subscribing to topic /b2cdbbe033db11eb853de20166b6007e/relogio/attrs...
2020-12-29 12:31:47.586641 - INFO - Nó ativo: i|2|t|2020-12-29 12:31:47.586601
2020-12-29 12:36:25.453137 - INFO - Nó ativo: i|1|t|2020-12-29 12:36:25.453099
2020-12-29 12:36:48.673805 - INFO - Nó ativo: i|2|t|2020-12-29 12:36:48.673762
2020-12-29 12:41:25.434149 - INFO - Nó ativo: i|1|t|2020-12-29 12:41:25.434130
2020-12-29 12:41:48.719368 - INFO - Nó ativo: i|2|t|2020-12-29 12:41:48.719287
2020-12-29 12:46:25.457521 - INFO - Nó ativo: i|1|t|2020-12-29 12:46:25.457469
2020-12-29 12:46:48.657457 - INFO - Nó ativo: i|2|t|2020-12-29 12:46:48.657387
2020-12-29 12:51:25.461076 - INFO - Nó ativo: i|1|t|2020-12-29 12:51:25.461022
2020-12-29 12:51:48.748894 - INFO - Nó ativo: i|2|t|2020-12-29 12:51:48.748871
2020-12-29 12:56:25.377848 - INFO - Nó ativo: i|1|t|2020-12-29 12:56:25.377787
2020-12-29 12:56:48.745907 - INFO - Nó ativo: i|2|t|2020-12-29 12:56:48.745861
2020-12-29 12:59:45.697619 - INFO - Monitoramento Iniciado.
2020-12-29 12:59:45.697300 - INFO - Monitoramento Iniciado.
2020-12-29 13:00:14.699528 - INFO - Ausencia detectada!
2020-12-29 13:00:14.699905 - INFO - Ausencia detectada!
2020-12-29 13:00:14.701125 - INFO - Publicando: i|2|t|2020-12-29 13:00:14.699499
2020-12-29 13:00:14.701376 - INFO - Publicando: i|1|t|2020-12-29 13:00:14.699880
2020-12-29 13:00:44.703559 - INFO - Ausencia detectada!
2020-12-29 13:00:44.703559 - INFO - Ausencia detectada!
2020-12-29 13:00:44.705080 - INFO - Publicando: i|2|t|2020-12-29 13:00:44.703536
2020-12-29 13:00:44.705092 - INFO - Publicando: i|1|t|2020-12-29 13:00:44.703535
2020-12-29 13:01:14.707589 - INFO - Ausencia detectada!
2020-12-29 13:01:14.707595 - INFO - Ausencia detectada!
2020-12-29 13:01:14.709612 - INFO - Publicando: i|1|t|2020-12-29 13:01:14.707561
2020-12-29 13:01:14.709613 - INFO - Publicando: i|2|t|2020-12-29 13:01:14.707573
2020-12-29 13:01:25.480773 - INFO - Nó ativo: i|1|t|2020-12-29 13:01:25.480754
2020-12-29 13:01:44.712356 - INFO - Ausencia detectada!
2020-12-29 13:01:44.712357 - INFO - Ausencia detectada!
2020-12-29 13:01:44.714972 - INFO - Publicando: i|2|t|2020-12-29 13:01:44.712317
2020-12-29 13:01:44.714731 - INFO - Publicando: i|1|t|2020-12-29 13:01:44.712329
2020-12-29 13:01:48.764929 - INFO - Nó ativo: i|2|t|2020-12-29 13:01:48.764908
2020-12-29 13:02:14.718675 - INFO - Ausencia detectada!
2020-12-29 13:02:14.719061 - INFO - Ausencia detectada!
2020-12-29 13:02:14.720302 - INFO - Publicando: i|2|t|2020-12-29 13:02:14.718646
2020-12-29 13:02:14.720570 - INFO - Publicando: i|1|t|2020-12-29 13:02:14.719039
2020-12-29 13:02:44.722789 - INFO - Ausencia detectada!
2020-12-29 13:02:44.722900 - INFO - Ausencia detectada!
2020-12-29 13:02:44.724258 - INFO - Publicando: i|1|t|2020-12-29 13:02:44.722881
2020-12-29 13:02:44.724270 - INFO - Publicando: i|2|t|2020-12-29 13:02:44.722768
2020-12-29 13:03:14.726807 - INFO - Ausencia detectada!
2020-12-29 13:03:14.726770 - INFO - Ausencia detectada!
2020-12-29 13:03:14.728768 - INFO - Publicando: i|1|t|2020-12-29 13:03:14.726745
2020-12-29 13:03:14.728803 - INFO - Publicando: i|2|t|2020-12-29 13:03:14.726787
2020-12-29 13:03:44.731374 - INFO - Ausencia detectada!
2020-12-29 13:03:44.731374 - INFO - Ausencia detectada!
2020-12-29 13:03:44.733115 - INFO - Publicando: i|2|t|2020-12-29 13:03:44.731345
2020-12-29 13:03:44.733500 - INFO - Publicando: i|1|t|2020-12-29 13:03:44.731345
2020-12-29 13:04:14.735599 - INFO - Ausencia detectada!
2020-12-29 13:04:14.736113 - INFO - Ausencia detectada!
2020-12-29 13:04:14.737251 - INFO - Publicando: i|2|t|2020-12-29 13:04:14.735573
2020-12-29 13:04:14.737628 - INFO - Publicando: i|1|t|2020-12-29 13:04:14.736092
2020-12-29 13:04:44.739575 - INFO - Ausencia detectada!
2020-12-29 13:04:44.739591 - INFO - Ausencia detectada!
2020-12-29 13:04:44.741143 - INFO - Publicando: i|1|t|2020-12-29 13:04:44.739570
2020-12-29 13:04:44.741152 - INFO - Publicando: i|2|t|2020-12-29 13:04:44.739550
2020-12-29 13:05:14.743787 - INFO - Ausencia detectada!
2020-12-29 13:05:14.743772 - INFO - Ausencia detectada!
2020-12-29 13:05:14.745348 - INFO - Publicando: i|1|t|2020-12-29 13:05:14.743747
2020-12-29 13:05:14.745326 - INFO - Publicando: i|2|t|2020-12-29 13:05:14.743766
2020-12-29 13:05:44.747975 - INFO - Ausencia detectada!
2020-12-29 13:05:44.747967 - INFO - Ausencia detectada!
2020-12-29 13:05:44.749892 - INFO - Publicando: i|1|t|2020-12-29 13:05:44.747943
2020-12-29 13:05:44.749892 - INFO - Publicando: i|2|t|2020-12-29 13:05:44.747955
2020-12-29 13:05:49.211930 - INFO - Monitoramento finalizado.
2020-12-29 13:05:49.211945 - INFO - Monitoramento finalizado.
2020-12-29 13:06:25.442825 - INFO - Nó ativo: i|1|t|2020-12-29 13:06:25.442769
2020-12-29 13:06:48.758762 - INFO - Nó ativo: i|2|t|2020-12-29 13:06:48.758707
2020-12-29 13:11:26.720181 - INFO - Subscribing to topic /b2cdbbe033db11eb853de20166b6007e/relogio/attrs...
2020-12-29 13:11:26.721951 - INFO - Nó ativo: i|1|t|2020-12-29 13:11:26.721921
2020-12-29 13:11:29.158490 - INFO - Subscribing to topic /b2cdbbe033db11eb853de20166b6007e/relogio/attrs...
2020-12-29 13:11:29.162943 - INFO - Nó ativo: i|2|t|2020-12-29 13:11:29.162868
2020-12-29 13:14:22.204031 - INFO - Monitoramento Iniciado.
2020-12-29 13:14:22.231506 - INFO - Monitoramento Iniciado.
2020-12-29 13:14:51.208642 - INFO - Ausencia detectada!
2020-12-29 13:14:51.210163 - INFO - Publicando: i|2|t|2020-12-29 13:14:51.208613
2020-12-29 13:14:51.234471 - INFO - Ausencia detectada!
2020-12-29 13:14:51.235779 - INFO - Publicando: i|1|t|2020-12-29 13:14:51.234446
2020-12-29 13:15:21.213072 - INFO - Ausencia detectada!
2020-12-29 13:15:21.214595 - INFO - Publicando: i|2|t|2020-12-29 13:15:21.213041
2020-12-29 13:15:21.238143 - INFO - Ausencia detectada!
2020-12-29 13:15:21.239461 - INFO - Publicando: i|1|t|2020-12-29 13:15:21.238121
2020-12-29 13:15:51.217180 - INFO - Ausencia detectada!
2020-12-29 13:15:51.218689 - INFO - Publicando: i|2|t|2020-12-29 13:15:51.217150
2020-12-29 13:15:51.241805 - INFO - Ausencia detectada!
2020-12-29 13:15:51.243137 - INFO - Publicando: i|1|t|2020-12-29 13:15:51.241782
2020-12-29 13:16:21.221614 - INFO - Ausencia detectada!
2020-12-29 13:16:21.223162 - INFO - Publicando: i|2|t|2020-12-29 13:16:21.221583
2020-12-29 13:16:21.245537 - INFO - Ausencia detectada!
2020-12-29 13:16:21.246942 - INFO - Publicando: i|1|t|2020-12-29 13:16:21.245508
2020-12-29 13:16:27.925296 - INFO - Nó ativo: i|1|t|2020-12-29 13:16:27.925275
2020-12-29 13:16:30.376709 - INFO - Nó ativo: i|2|t|2020-12-29 13:16:30.376691
2020-12-29 13:16:51.225713 - INFO - Ausencia detectada!
2020-12-29 13:16:51.227177 - INFO - Publicando: i|2|t|2020-12-29 13:16:51.225688
2020-12-29 13:16:51.249337 - INFO - Ausencia detectada!
2020-12-29 13:16:51.250714 - INFO - Publicando: i|1|t|2020-12-29 13:16:51.249314
2020-12-29 13:17:21.229604 - INFO - Ausencia detectada!
2020-12-29 13:17:21.231133 - INFO - Publicando: i|2|t|2020-12-29 13:17:21.229577
2020-12-29 13:17:21.253066 - INFO - Ausencia detectada!
2020-12-29 13:17:21.254574 - INFO - Publicando: i|1|t|2020-12-29 13:17:21.253040
2020-12-29 13:17:51.234065 - INFO - Ausencia detectada!
2020-12-29 13:17:51.235482 - INFO - Publicando: i|2|t|2020-12-29 13:17:51.234040
2020-12-29 13:17:51.257160 - INFO - Ausencia detectada!
2020-12-29 13:17:51.258632 - INFO - Publicando: i|1|t|2020-12-29 13:17:51.257135
2020-12-29 13:18:21.238103 - INFO - Ausencia detectada!
2020-12-29 13:18:21.239588 - INFO - Publicando: i|2|t|2020-12-29 13:18:21.238074
2020-12-29 13:18:21.261009 - INFO - Ausencia detectada!
2020-12-29 13:18:21.262416 - INFO - Publicando: i|1|t|2020-12-29 13:18:21.260985
2020-12-29 13:18:51.242485 - INFO - Ausencia detectada!
2020-12-29 13:18:51.243976 - INFO - Publicando: i|2|t|2020-12-29 13:18:51.242459
2020-12-29 13:18:51.264784 - INFO - Ausencia detectada!
2020-12-29 13:18:51.266195 - INFO - Publicando: i|1|t|2020-12-29 13:18:51.264761
2020-12-29 13:19:21.246588 - INFO - Ausencia detectada!
2020-12-29 13:19:21.248051 - INFO - Publicando: i|2|t|2020-12-29 13:19:21.246561
2020-12-29 13:19:21.268897 - INFO - Ausencia detectada!
2020-12-29 13:19:21.270246 - INFO - Publicando: i|1|t|2020-12-29 13:19:21.268875
2020-12-29 13:19:51.250446 - INFO - Ausencia detectada!
2020-12-29 13:19:51.251973 - INFO - Publicando: i|2|t|2020-12-29 13:19:51.250415
2020-12-29 13:19:51.272573 - INFO - Ausencia detectada!
2020-12-29 13:19:51.273931 - INFO - Publicando: i|1|t|2020-12-29 13:19:51.272549
2020-12-29 13:20:21.254543 - INFO - Ausencia detectada!
2020-12-29 13:20:21.256049 - INFO - Publicando: i|2|t|2020-12-29 13:20:21.254512
2020-12-29 13:20:21.275550 - INFO - Ausencia detectada!
2020-12-29 13:20:21.276904 - INFO - Publicando: i|1|t|2020-12-29 13:20:21.275526
2020-12-29 13:20:51.258552 - INFO - Ausencia detectada!
2020-12-29 13:20:51.260083 - INFO - Publicando: i|2|t|2020-12-29 13:20:51.258521
2020-12-29 13:20:51.279255 - INFO - Ausencia detectada!
2020-12-29 13:20:51.280600 - INFO - Publicando: i|1|t|2020-12-29 13:20:51.279232
2020-12-29 13:21:21.262900 - INFO - Ausencia detectada!
2020-12-29 13:21:21.264524 - INFO - Publicando: i|2|t|2020-12-29 13:21:21.262876
2020-12-29 13:21:21.282937 - INFO - Ausencia detectada!
2020-12-29 13:21:21.284483 - INFO - Publicando: i|1|t|2020-12-29 13:21:21.282909
2020-12-29 13:21:27.938037 - INFO - Nó ativo: i|1|t|2020-12-29 13:21:27.938017
2020-12-29 13:21:30.383980 - INFO - Nó ativo: i|2|t|2020-12-29 13:21:30.383960
2020-12-29 13:21:51.267548 - INFO - Ausencia detectada!
2020-12-29 13:21:51.269724 - INFO - Publicando: i|2|t|2020-12-29 13:21:51.267521
2020-12-29 13:21:51.287334 - INFO - Ausencia detectada!
2020-12-29 13:21:51.288988 - INFO - Publicando: i|1|t|2020-12-29 13:21:51.287304
2020-12-29 13:22:21.272924 - INFO - Ausencia detectada!
2020-12-29 13:22:21.274461 - INFO - Publicando: i|2|t|2020-12-29 13:22:21.272899
2020-12-29 13:22:21.291733 - INFO - Ausencia detectada!
2020-12-29 13:22:21.293078 - INFO - Publicando: i|1|t|2020-12-29 13:22:21.291710
2020-12-29 13:22:51.276913 - INFO - Ausencia detectada!
2020-12-29 13:22:51.278433 - INFO - Publicando: i|2|t|2020-12-29 13:22:51.276886
2020-12-29 13:22:51.295432 - INFO - Ausencia detectada!
2020-12-29 13:22:51.296827 - INFO - Publicando: i|1|t|2020-12-29 13:22:51.295411
2020-12-29 13:23:21.280832 - INFO - Ausencia detectada!
2020-12-29 13:23:21.282319 - INFO - Publicando: i|2|t|2020-12-29 13:23:21.280805
2020-12-29 13:23:21.299279 - INFO - Ausencia detectada!
2020-12-29 13:23:21.300617 - INFO - Publicando: i|1|t|2020-12-29 13:23:21.299257
2020-12-29 13:23:51.284879 - INFO - Ausencia detectada!
2020-12-29 13:23:51.286363 - INFO - Publicando: i|2|t|2020-12-29 13:23:51.284851
2020-12-29 13:23:51.302979 - INFO - Ausencia detectada!
2020-12-29 13:23:51.304358 - INFO - Publicando: i|1|t|2020-12-29 13:23:51.302957
2020-12-29 13:24:21.289153 - INFO - Ausencia detectada!
2020-12-29 13:24:21.290648 - INFO - Publicando: i|2|t|2020-12-29 13:24:21.289125
2020-12-29 13:24:21.306737 - INFO - Ausencia detectada!
2020-12-29 13:24:21.308076 - INFO - Publicando: i|1|t|2020-12-29 13:24:21.306715
2020-12-29 13:24:51.293099 - INFO - Ausencia detectada!
2020-12-29 13:24:51.294583 - INFO - Publicando: i|2|t|2020-12-29 13:24:51.293069
2020-12-29 13:24:51.310366 - INFO - Ausencia detectada!
2020-12-29 13:24:51.311692 - INFO - Publicando: i|1|t|2020-12-29 13:24:51.310346
2020-12-29 13:25:21.297275 - INFO - Ausencia detectada!
2020-12-29 13:25:21.298738 - INFO - Publicando: i|2|t|2020-12-29 13:25:21.297249
2020-12-29 13:25:21.314050 - INFO - Ausencia detectada!
2020-12-29 13:25:21.315481 - INFO - Publicando: i|1|t|2020-12-29 13:25:21.314023
2020-12-29 13:25:51.301597 - INFO - Ausencia detectada!
2020-12-29 13:25:51.303070 - INFO - Publicando: i|2|t|2020-12-29 13:25:51.301573
2020-12-29 13:25:51.317949 - INFO - Ausencia detectada!
2020-12-29 13:25:51.319354 - INFO - Publicando: i|1|t|2020-12-29 13:25:51.317926
2020-12-29 13:26:21.305182 - INFO - Ausencia detectada!
2020-12-29 13:26:21.307253 - INFO - Publicando: i|2|t|2020-12-29 13:26:21.305143
2020-12-29 13:26:21.321757 - INFO - Ausencia detectada!
2020-12-29 13:26:21.323206 - INFO - Publicando: i|1|t|2020-12-29 13:26:21.321732
2020-12-29 13:26:27.940637 - INFO - Nó ativo: i|1|t|2020-12-29 13:26:27.940618
2020-12-29 13:26:30.379579 - INFO - Nó ativo: i|2|t|2020-12-29 13:26:30.379561
2020-12-29 13:26:51.310119 - INFO - Ausencia detectada!
2020-12-29 13:26:51.311628 - INFO - Publicando: i|2|t|2020-12-29 13:26:51.310090
2020-12-29 13:26:51.325678 - INFO - Ausencia detectada!
2020-12-29 13:26:51.327029 - INFO - Publicando: i|1|t|2020-12-29 13:26:51.325652
2020-12-29 13:27:21.314201 - INFO - Ausencia detectada!
2020-12-29 13:27:21.315758 - INFO - Publicando: i|2|t|2020-12-29 13:27:21.314167
2020-12-29 13:27:21.329323 - INFO - Ausencia detectada!
2020-12-29 13:27:21.330742 - INFO - Publicando: i|1|t|2020-12-29 13:27:21.329301
2020-12-29 13:27:51.318234 - INFO - Ausencia detectada!
2020-12-29 13:27:51.319670 - INFO - Publicando: i|2|t|2020-12-29 13:27:51.318208
2020-12-29 13:27:51.333289 - INFO - Ausencia detectada!
2020-12-29 13:27:51.334672 - INFO - Publicando: i|1|t|2020-12-29 13:27:51.333269
2020-12-29 13:28:21.322208 - INFO - Ausencia detectada!
2020-12-29 13:28:21.323753 - INFO - Publicando: i|2|t|2020-12-29 13:28:21.322181
2020-12-29 13:28:21.337105 - INFO - Ausencia detectada!
2020-12-29 13:28:21.338465 - INFO - Publicando: i|1|t|2020-12-29 13:28:21.337087
2020-12-29 13:28:51.326426 - INFO - Ausencia detectada!
2020-12-29 13:28:51.327865 - INFO - Publicando: i|2|t|2020-12-29 13:28:51.326400
2020-12-29 13:28:51.340849 - INFO - Ausencia detectada!
2020-12-29 13:28:51.342301 - INFO - Publicando: i|1|t|2020-12-29 13:28:51.340826
2020-12-29 13:29:21.329903 - INFO - Ausencia detectada!
2020-12-29 13:29:21.331450 - INFO - Publicando: i|2|t|2020-12-29 13:29:21.329876
2020-12-29 13:29:21.345040 - INFO - Ausencia detectada!
2020-12-29 13:29:21.346503 - INFO - Publicando: i|1|t|2020-12-29 13:29:21.345017
2020-12-29 13:29:51.334296 - INFO - Ausencia detectada!
2020-12-29 13:29:51.335920 - INFO - Publicando: i|2|t|2020-12-29 13:29:51.334268
2020-12-29 13:29:51.348941 - INFO - Ausencia detectada!
2020-12-29 13:29:51.350321 - INFO - Publicando: i|1|t|2020-12-29 13:29:51.348920
2020-12-29 13:30:21.338728 - INFO - Ausencia detectada!
2020-12-29 13:30:21.340282 - INFO - Publicando: i|2|t|2020-12-29 13:30:21.338697
2020-12-29 13:30:21.352798 - INFO - Ausencia detectada!
2020-12-29 13:30:21.354417 - INFO - Publicando: i|1|t|2020-12-29 13:30:21.352771
2020-12-29 13:30:26.870387 - INFO - Monitoramento finalizado.
2020-12-29 13:30:26.870387 - INFO - Monitoramento finalizado.
2020-12-29 13:31:27.919209 - INFO - Nó ativo: i|1|t|2020-12-29 13:31:27.919138
2020-12-29 13:31:30.276991 - INFO - Nó ativo: i|2|t|2020-12-29 13:31:30.276936
